[2021-04-21 19:31:19] [32minfo[39m:  Loaded Config File: development 
[2021-04-21 19:31:19] [32minfo[39m:  Try to Connect MongoDb: mongodb://localhost:27017/lms 
[2021-04-21 19:31:19] [32minfo[39m:  mongoose connection open to mongodb://localhost:27017/lms 
[2021-04-21 19:31:19] [32minfo[39m:  models are loading... 
[2021-04-21 19:31:19] [32minfo[39m:  app/modules/users/models/users.model.js 
[2021-04-21 19:31:19] [32minfo[39m:  error messages are loading... 
[2021-04-21 19:31:19] [32minfo[39m:  app/modules/users/errors/user.error.json is loaded 
[2021-04-21 19:34:10] [32minfo[39m:  Loaded Config File: development 
[2021-04-21 19:34:10] [32minfo[39m:  Try to Connect MongoDb: mongodb://localhost:27017/lms 
[2021-04-21 19:34:10] [32minfo[39m:  mongoose connection open to mongodb://localhost:27017/lms 
[2021-04-21 19:34:10] [32minfo[39m:  models are loading... 
[2021-04-21 19:34:10] [32minfo[39m:  app/modules/users/models/users.model.js 
[2021-04-21 19:34:10] [32minfo[39m:  error messages are loading... 
[2021-04-21 19:34:10] [32minfo[39m:  app/modules/users/errors/user.error.json is loaded 
[2021-04-21 19:35:29] [32minfo[39m:  Loaded Config File: development 
[2021-04-21 19:35:29] [32minfo[39m:  Try to Connect MongoDb: mongodb://localhost:27017/lms 
[2021-04-21 19:35:29] [32minfo[39m:  mongoose connection open to mongodb://localhost:27017/lms 
[2021-04-21 19:35:29] [32minfo[39m:  models are loading... 
[2021-04-21 19:35:30] [32minfo[39m:  app/modules/users/models/users.model.js 
[2021-04-21 19:35:30] [32minfo[39m:  error messages are loading... 
[2021-04-21 19:35:30] [32minfo[39m:  app/modules/users/errors/user.error.json is loaded 
[2021-04-21 19:37:48] [32minfo[39m:  Loaded Config File: development 
[2021-04-21 19:37:48] [32minfo[39m:  Try to Connect MongoDb: mongodb://localhost:27017/lms 
[2021-04-21 19:37:48] [32minfo[39m:  mongoose connection open to mongodb://localhost:27017/lms 
[2021-04-21 19:37:48] [32minfo[39m:  models are loading... 
[2021-04-21 19:37:48] [32minfo[39m:  app/modules/users/models/users.model.js 
[2021-04-21 19:37:48] [32minfo[39m:  error messages are loading... 
[2021-04-21 19:37:48] [32minfo[39m:  app/modules/users/errors/user.error.json is loaded 
[2021-04-21 19:38:14] [32minfo[39m:  Loaded Config File: development 
[2021-04-21 19:38:14] [32minfo[39m:  Try to Connect MongoDb: mongodb://localhost:27017/lms 
[2021-04-21 19:38:14] [32minfo[39m:  mongoose connection open to mongodb://localhost:27017/lms 
[2021-04-21 19:38:15] [32minfo[39m:  models are loading... 
[2021-04-21 19:38:15] [32minfo[39m:  app/modules/users/models/users.model.js 
[2021-04-21 19:38:15] [32minfo[39m:  error messages are loading... 
[2021-04-21 19:38:15] [32minfo[39m:  app/modules/users/errors/user.error.json is loaded 
[2021-04-21 19:38:55] [32minfo[39m:  Loaded Config File: development 
[2021-04-21 19:38:55] [32minfo[39m:  Try to Connect MongoDb: mongodb://localhost:27017/lms 
[2021-04-21 19:38:55] [32minfo[39m:  mongoose connection open to mongodb://localhost:27017/lms 
[2021-04-21 19:38:55] [32minfo[39m:  models are loading... 
[2021-04-21 19:38:55] [32minfo[39m:  app/modules/users/models/users.model.js 
[2021-04-21 19:38:56] [32minfo[39m:  error messages are loading... 
[2021-04-21 19:38:56] [32minfo[39m:  app/modules/users/errors/user.error.json is loaded 
[2021-04-21 19:39:16] [32minfo[39m:  Loaded Config File: development 
[2021-04-21 19:39:16] [32minfo[39m:  Try to Connect MongoDb: mongodb://localhost:27017/lms 
[2021-04-21 19:39:16] [32minfo[39m:  mongoose connection open to mongodb://localhost:27017/lms 
[2021-04-21 19:39:16] [32minfo[39m:  models are loading... 
[2021-04-21 19:39:16] [32minfo[39m:  app/modules/users/models/users.model.js 
[2021-04-21 19:39:16] [32minfo[39m:  error messages are loading... 
[2021-04-21 19:39:16] [32minfo[39m:  app/modules/users/errors/user.error.json is loaded 
[2021-04-21 19:44:11] [32minfo[39m:  Loaded Config File: development 
[2021-04-21 19:44:11] [32minfo[39m:  Try to Connect MongoDb: mongodb://localhost:27017/lms 
[2021-04-21 19:44:11] [32minfo[39m:  mongoose connection open to mongodb://localhost:27017/lms 
[2021-04-21 19:44:12] [32minfo[39m:  models are loading... 
[2021-04-21 19:44:12] [32minfo[39m:  app/modules/users/models/users.model.js 
[2021-04-21 19:44:12] [32minfo[39m:  error messages are loading... 
[2021-04-21 19:44:12] [32minfo[39m:  app/modules/users/errors/user.error.json is loaded 
[2021-04-21 20:00:44] [32minfo[39m:  Loaded Config File: development 
[2021-04-21 20:00:44] [32minfo[39m:  Try to Connect MongoDb: mongodb://localhost:27017/lms 
[2021-04-21 20:00:44] [32minfo[39m:  mongoose connection open to mongodb://localhost:27017/lms 
[2021-04-21 20:00:44] [32minfo[39m:  models are loading... 
[2021-04-21 20:00:44] [32minfo[39m:  app/modules/users/models/users.model.js 
[2021-04-21 20:00:44] [32minfo[39m:  error messages are loading... 
[2021-04-21 20:00:44] [32minfo[39m:  app/modules/users/errors/user.error.json is loaded 
[2021-04-21 20:00:47] [31merror[39m:  userAccountModel.comparePassword is not a function 
TypeError: userAccountModel.comparePassword is not a function
    at loginUser (C:\Users\waleed\Source\CUI\Nodejs\A3\app\modules\users\controllers\user.controller.js:163:26)
    at Layer.handle [as handle_request] (C:\Users\waleed\Source\CUI\Nodejs\A3\node_modules\express\lib\router\layer.js:95:5)
    at next (C:\Users\waleed\Source\CUI\Nodejs\A3\node_modules\express\lib\router\route.js:137:13)
    at Route.dispatch (C:\Users\waleed\Source\CUI\Nodejs\A3\node_modules\express\lib\router\route.js:112:3)
    at Layer.handle [as handle_request] (C:\Users\waleed\Source\CUI\Nodejs\A3\node_modules\express\lib\router\layer.js:95:5)
    at C:\Users\waleed\Source\CUI\Nodejs\A3\node_modules\express\lib\router\index.js:281:22
    at Function.process_params (C:\Users\waleed\Source\CUI\Nodejs\A3\node_modules\express\lib\router\index.js:335:12)
    at next (C:\Users\waleed\Source\CUI\Nodejs\A3\node_modules\express\lib\router\index.js:275:10)
    at urlencodedParser (C:\Users\waleed\Source\CUI\Nodejs\A3\node_modules\body-parser\lib\types\urlencoded.js:82:7)
    at Layer.handle [as handle_request] (C:\Users\waleed\Source\CUI\Nodejs\A3\node_modules\express\lib\router\layer.js:95:5)
    at trim_prefix (C:\Users\waleed\Source\CUI\Nodejs\A3\node_modules\express\lib\router\index.js:317:13)
    at C:\Users\waleed\Source\CUI\Nodejs\A3\node_modules\express\lib\router\index.js:284:7
    at Function.process_params (C:\Users\waleed\Source\CUI\Nodejs\A3\node_modules\express\lib\router\index.js:335:12)
    at next (C:\Users\waleed\Source\CUI\Nodejs\A3\node_modules\express\lib\router\index.js:275:10)
    at C:\Users\waleed\Source\CUI\Nodejs\A3\node_modules\body-parser\lib\read.js:130:5
    at invokeCallback (C:\Users\waleed\Source\CUI\Nodejs\A3\node_modules\raw-body\index.js:224:16)
[2021-04-21 20:00:47] [31merror[39m:  [object Object] 
[2021-04-21 20:01:37] [32minfo[39m:  Loaded Config File: development 
[2021-04-21 20:01:37] [32minfo[39m:  Try to Connect MongoDb: mongodb://localhost:27017/lms 
[2021-04-21 20:01:37] [32minfo[39m:  mongoose connection open to mongodb://localhost:27017/lms 
[2021-04-21 20:01:37] [32minfo[39m:  models are loading... 
[2021-04-21 20:01:37] [32minfo[39m:  app/modules/users/models/users.model.js 
[2021-04-21 20:01:37] [32minfo[39m:  error messages are loading... 
[2021-04-21 20:01:37] [32minfo[39m:  app/modules/users/errors/user.error.json is loaded 
[2021-04-21 20:01:45] [32minfo[39m:  Loaded Config File: development 
[2021-04-21 20:01:45] [32minfo[39m:  Try to Connect MongoDb: mongodb://localhost:27017/lms 
[2021-04-21 20:01:45] [32minfo[39m:  mongoose connection open to mongodb://localhost:27017/lms 
[2021-04-21 20:01:45] [32minfo[39m:  models are loading... 
[2021-04-21 20:01:46] [32minfo[39m:  app/modules/users/models/users.model.js 
[2021-04-21 20:01:46] [32minfo[39m:  error messages are loading... 
[2021-04-21 20:01:46] [32minfo[39m:  app/modules/users/errors/user.error.json is loaded 
[2021-04-21 20:02:31] [32minfo[39m:  Loaded Config File: development 
[2021-04-21 20:02:31] [32minfo[39m:  Try to Connect MongoDb: mongodb://localhost:27017/lms 
[2021-04-21 20:02:31] [32minfo[39m:  mongoose connection open to mongodb://localhost:27017/lms 
[2021-04-21 20:02:31] [32minfo[39m:  models are loading... 
[2021-04-21 20:02:31] [32minfo[39m:  app/modules/users/models/users.model.js 
[2021-04-21 20:02:31] [32minfo[39m:  error messages are loading... 
[2021-04-21 20:02:31] [32minfo[39m:  app/modules/users/errors/user.error.json is loaded 
[2021-04-21 20:03:08] [32minfo[39m:  Loaded Config File: development 
[2021-04-21 20:03:08] [32minfo[39m:  Try to Connect MongoDb: mongodb://localhost:27017/lms 
[2021-04-21 20:03:08] [32minfo[39m:  mongoose connection open to mongodb://localhost:27017/lms 
[2021-04-21 20:03:08] [32minfo[39m:  models are loading... 
[2021-04-21 20:03:08] [32minfo[39m:  app/modules/users/models/users.model.js 
[2021-04-21 20:03:08] [32minfo[39m:  error messages are loading... 
[2021-04-21 20:03:08] [32minfo[39m:  app/modules/users/errors/user.error.json is loaded 
[2021-04-21 20:04:57] [32minfo[39m:  Loaded Config File: development 
[2021-04-21 20:04:57] [32minfo[39m:  Try to Connect MongoDb: mongodb://localhost:27017/lms 
[2021-04-21 20:04:58] [32minfo[39m:  mongoose connection open to mongodb://localhost:27017/lms 
[2021-04-21 20:04:58] [32minfo[39m:  models are loading... 
[2021-04-21 20:04:58] [32minfo[39m:  app/modules/users/models/users.model.js 
[2021-04-21 20:04:58] [32minfo[39m:  error messages are loading... 
[2021-04-21 20:04:58] [32minfo[39m:  app/modules/users/errors/user.error.json is loaded 
[2021-04-21 20:05:21] [32minfo[39m:  Loaded Config File: development 
[2021-04-21 20:05:21] [32minfo[39m:  Try to Connect MongoDb: mongodb://localhost:27017/lms 
[2021-04-21 20:05:21] [32minfo[39m:  mongoose connection open to mongodb://localhost:27017/lms 
[2021-04-21 20:05:21] [32minfo[39m:  models are loading... 
[2021-04-21 20:05:21] [32minfo[39m:  app/modules/users/models/users.model.js 
[2021-04-21 20:05:21] [32minfo[39m:  error messages are loading... 
[2021-04-21 20:05:21] [32minfo[39m:  app/modules/users/errors/user.error.json is loaded 
[2021-04-21 20:05:45] [32minfo[39m:  Loaded Config File: development 
[2021-04-21 20:05:45] [32minfo[39m:  Try to Connect MongoDb: mongodb://localhost:27017/lms 
[2021-04-21 20:05:45] [32minfo[39m:  mongoose connection open to mongodb://localhost:27017/lms 
[2021-04-21 20:05:45] [32minfo[39m:  models are loading... 
[2021-04-21 20:05:45] [32minfo[39m:  app/modules/users/models/users.model.js 
[2021-04-21 20:05:45] [32minfo[39m:  error messages are loading... 
[2021-04-21 20:05:45] [32minfo[39m:  app/modules/users/errors/user.error.json is loaded 
[2021-04-21 20:06:16] [32minfo[39m:  Loaded Config File: development 
[2021-04-21 20:06:16] [32minfo[39m:  Try to Connect MongoDb: mongodb://localhost:27017/lms 
[2021-04-21 20:06:16] [32minfo[39m:  mongoose connection open to mongodb://localhost:27017/lms 
[2021-04-21 20:06:16] [32minfo[39m:  models are loading... 
[2021-04-21 20:06:16] [32minfo[39m:  app/modules/users/models/users.model.js 
[2021-04-21 20:06:16] [32minfo[39m:  error messages are loading... 
[2021-04-21 20:06:16] [32minfo[39m:  app/modules/users/errors/user.error.json is loaded 
[2021-04-21 20:12:16] [32minfo[39m:  Loaded Config File: development 
[2021-04-21 20:12:16] [32minfo[39m:  Try to Connect MongoDb: mongodb://localhost:27017/lms 
[2021-04-21 20:12:16] [32minfo[39m:  mongoose connection open to mongodb://localhost:27017/lms 
[2021-04-21 20:12:16] [32minfo[39m:  models are loading... 
[2021-04-21 20:12:16] [32minfo[39m:  app/modules/users/models/users.model.js 
[2021-04-21 20:12:16] [32minfo[39m:  error messages are loading... 
[2021-04-21 20:12:17] [32minfo[39m:  app/modules/users/errors/user.error.json is loaded 
[2021-04-21 20:12:35] [32minfo[39m:  Loaded Config File: development 
[2021-04-21 20:12:35] [32minfo[39m:  Try to Connect MongoDb: mongodb://localhost:27017/lms 
[2021-04-21 20:12:36] [32minfo[39m:  mongoose connection open to mongodb://localhost:27017/lms 
[2021-04-21 20:12:36] [32minfo[39m:  models are loading... 
[2021-04-21 20:12:36] [32minfo[39m:  app/modules/users/models/users.model.js 
[2021-04-21 20:12:36] [32minfo[39m:  error messages are loading... 
[2021-04-21 20:12:36] [32minfo[39m:  app/modules/users/errors/user.error.json is loaded 
[2021-04-21 20:13:38] [32minfo[39m:  Loaded Config File: development 
[2021-04-21 20:13:38] [32minfo[39m:  Try to Connect MongoDb: mongodb://localhost:27017/lms 
[2021-04-21 20:13:38] [32minfo[39m:  mongoose connection open to mongodb://localhost:27017/lms 
[2021-04-21 20:13:38] [32minfo[39m:  models are loading... 
[2021-04-21 20:13:38] [32minfo[39m:  app/modules/users/models/users.model.js 
[2021-04-21 20:13:38] [32minfo[39m:  error messages are loading... 
[2021-04-21 20:13:38] [32minfo[39m:  app/modules/users/errors/user.error.json is loaded 
[2021-04-21 20:15:08] [32minfo[39m:  Loaded Config File: development 
[2021-04-21 20:15:08] [32minfo[39m:  Try to Connect MongoDb: mongodb://localhost:27017/lms 
[2021-04-21 20:15:08] [32minfo[39m:  mongoose connection open to mongodb://localhost:27017/lms 
[2021-04-21 20:15:08] [32minfo[39m:  models are loading... 
[2021-04-21 20:15:09] [32minfo[39m:  app/modules/users/models/users.model.js 
[2021-04-21 20:15:09] [32minfo[39m:  error messages are loading... 
[2021-04-21 20:15:09] [32minfo[39m:  app/modules/users/errors/user.error.json is loaded 
[2021-04-21 20:15:24] [32minfo[39m:  Loaded Config File: development 
[2021-04-21 20:15:24] [32minfo[39m:  Try to Connect MongoDb: mongodb://localhost:27017/lms 
[2021-04-21 20:15:24] [32minfo[39m:  mongoose connection open to mongodb://localhost:27017/lms 
[2021-04-21 20:15:24] [32minfo[39m:  models are loading... 
[2021-04-21 20:15:24] [32minfo[39m:  app/modules/users/models/users.model.js 
[2021-04-21 20:15:24] [32minfo[39m:  error messages are loading... 
[2021-04-21 20:15:24] [32minfo[39m:  app/modules/users/errors/user.error.json is loaded 
[2021-04-21 20:15:54] [32minfo[39m:  Loaded Config File: development 
[2021-04-21 20:15:54] [32minfo[39m:  Try to Connect MongoDb: mongodb://localhost:27017/lms 
[2021-04-21 20:15:54] [32minfo[39m:  mongoose connection open to mongodb://localhost:27017/lms 
[2021-04-21 20:15:55] [32minfo[39m:  models are loading... 
[2021-04-21 20:15:55] [32minfo[39m:  app/modules/users/models/users.model.js 
[2021-04-21 20:15:55] [32minfo[39m:  error messages are loading... 
[2021-04-21 20:15:55] [32minfo[39m:  app/modules/users/errors/user.error.json is loaded 
[2021-04-21 20:16:09] [32minfo[39m:  Loaded Config File: development 
[2021-04-21 20:16:09] [32minfo[39m:  Try to Connect MongoDb: mongodb://localhost:27017/lms 
[2021-04-21 20:16:09] [32minfo[39m:  mongoose connection open to mongodb://localhost:27017/lms 
[2021-04-21 20:16:09] [32minfo[39m:  models are loading... 
[2021-04-21 20:16:09] [32minfo[39m:  app/modules/users/models/users.model.js 
[2021-04-21 20:16:09] [32minfo[39m:  error messages are loading... 
[2021-04-21 20:16:09] [32minfo[39m:  app/modules/users/errors/user.error.json is loaded 
[2021-04-21 20:17:24] [32minfo[39m:  Loaded Config File: development 
[2021-04-21 20:17:24] [32minfo[39m:  Try to Connect MongoDb: mongodb://localhost:27017/lms 
[2021-04-21 20:17:24] [32minfo[39m:  mongoose connection open to mongodb://localhost:27017/lms 
[2021-04-21 20:17:24] [32minfo[39m:  models are loading... 
[2021-04-21 20:17:24] [32minfo[39m:  app/modules/users/models/users.model.js 
[2021-04-21 20:17:24] [32minfo[39m:  error messages are loading... 
[2021-04-21 20:17:24] [32minfo[39m:  app/modules/users/errors/user.error.json is loaded 
[2021-04-21 20:17:41] [32minfo[39m:  Loaded Config File: development 
[2021-04-21 20:17:41] [32minfo[39m:  Try to Connect MongoDb: mongodb://localhost:27017/lms 
[2021-04-21 20:17:41] [32minfo[39m:  mongoose connection open to mongodb://localhost:27017/lms 
[2021-04-21 20:17:41] [32minfo[39m:  models are loading... 
[2021-04-21 20:17:41] [32minfo[39m:  app/modules/users/models/users.model.js 
[2021-04-21 20:17:41] [32minfo[39m:  error messages are loading... 
[2021-04-21 20:17:41] [32minfo[39m:  app/modules/users/errors/user.error.json is loaded 
[2021-04-21 20:17:47] [32minfo[39m:  Loaded Config File: development 
[2021-04-21 20:17:47] [32minfo[39m:  Try to Connect MongoDb: mongodb://localhost:27017/lms 
[2021-04-21 20:17:47] [32minfo[39m:  mongoose connection open to mongodb://localhost:27017/lms 
[2021-04-21 20:17:47] [32minfo[39m:  models are loading... 
[2021-04-21 20:17:47] [32minfo[39m:  app/modules/users/models/users.model.js 
[2021-04-21 20:17:47] [32minfo[39m:  error messages are loading... 
[2021-04-21 20:17:47] [32minfo[39m:  app/modules/users/errors/user.error.json is loaded 
[2021-04-21 20:18:09] [32minfo[39m:  Loaded Config File: development 
[2021-04-21 20:18:09] [32minfo[39m:  Try to Connect MongoDb: mongodb://localhost:27017/lms 
[2021-04-21 20:18:09] [32minfo[39m:  mongoose connection open to mongodb://localhost:27017/lms 
[2021-04-21 20:18:09] [32minfo[39m:  models are loading... 
[2021-04-21 20:18:09] [32minfo[39m:  app/modules/users/models/users.model.js 
[2021-04-21 20:18:09] [32minfo[39m:  error messages are loading... 
[2021-04-21 20:18:09] [32minfo[39m:  app/modules/users/errors/user.error.json is loaded 
[2021-04-21 20:19:37] [32minfo[39m:  Loaded Config File: development 
[2021-04-21 20:19:37] [32minfo[39m:  Try to Connect MongoDb: mongodb://localhost:27017/lms 
[2021-04-21 20:19:37] [32minfo[39m:  mongoose connection open to mongodb://localhost:27017/lms 
[2021-04-21 20:19:37] [32minfo[39m:  models are loading... 
[2021-04-21 20:19:37] [32minfo[39m:  app/modules/users/models/users.model.js 
[2021-04-21 20:19:37] [32minfo[39m:  error messages are loading... 
[2021-04-21 20:19:37] [32minfo[39m:  app/modules/users/errors/user.error.json is loaded 
[2021-04-21 20:19:50] [31merror[39m:  null 
[2021-04-21 20:19:50] [31merror[39m:  [object Object] 
[2021-04-21 20:19:57] [31merror[39m:  null 
[2021-04-21 20:20:31] [32minfo[39m:  Loaded Config File: development 
[2021-04-21 20:20:31] [32minfo[39m:  Try to Connect MongoDb: mongodb://localhost:27017/lms 
[2021-04-21 20:20:31] [32minfo[39m:  mongoose connection open to mongodb://localhost:27017/lms 
[2021-04-21 20:20:31] [32minfo[39m:  models are loading... 
[2021-04-21 20:20:31] [32minfo[39m:  app/modules/users/models/users.model.js 
[2021-04-21 20:20:32] [32minfo[39m:  error messages are loading... 
[2021-04-21 20:20:32] [32minfo[39m:  app/modules/users/errors/user.error.json is loaded 
[2021-04-21 20:20:36] [31merror[39m:  Unexpected token } in JSON at position 46 
SyntaxError: Unexpected token } in JSON at position 46
    at JSON.parse (<anonymous>)
    at parse (C:\Users\waleed\Source\CUI\Nodejs\A3\node_modules\body-parser\lib\types\json.js:89:19)
    at C:\Users\waleed\Source\CUI\Nodejs\A3\node_modules\body-parser\lib\read.js:121:18
    at invokeCallback (C:\Users\waleed\Source\CUI\Nodejs\A3\node_modules\raw-body\index.js:224:16)
    at done (C:\Users\waleed\Source\CUI\Nodejs\A3\node_modules\raw-body\index.js:213:7)
    at IncomingMessage.onEnd (C:\Users\waleed\Source\CUI\Nodejs\A3\node_modules\raw-body\index.js:273:7)
    at IncomingMessage.emit (node:events:381:22)
    at endReadableNT (node:internal/streams/readable:1307:12)
    at processTicksAndRejections (node:internal/process/task_queues:81:21)
[2021-04-21 20:20:52] [31merror[39m:  null 
[2021-04-21 20:21:46] [32minfo[39m:  Loaded Config File: development 
[2021-04-21 20:21:46] [32minfo[39m:  Try to Connect MongoDb: mongodb://localhost:27017/lms 
[2021-04-21 20:21:46] [32minfo[39m:  mongoose connection open to mongodb://localhost:27017/lms 
[2021-04-21 20:21:46] [32minfo[39m:  models are loading... 
[2021-04-21 20:21:46] [32minfo[39m:  app/modules/users/models/users.model.js 
[2021-04-21 20:21:46] [32minfo[39m:  error messages are loading... 
[2021-04-21 20:21:46] [32minfo[39m:  app/modules/users/errors/user.error.json is loaded 
[2021-04-21 20:21:57] [31merror[39m:  null 
[2021-04-21 20:22:21] [32minfo[39m:  Loaded Config File: development 
[2021-04-21 20:22:21] [32minfo[39m:  Try to Connect MongoDb: mongodb://localhost:27017/lms 
[2021-04-21 20:22:21] [32minfo[39m:  mongoose connection open to mongodb://localhost:27017/lms 
[2021-04-21 20:22:21] [32minfo[39m:  models are loading... 
[2021-04-21 20:22:21] [32minfo[39m:  app/modules/users/models/users.model.js 
[2021-04-21 20:22:21] [32minfo[39m:  error messages are loading... 
[2021-04-21 20:22:21] [32minfo[39m:  app/modules/users/errors/user.error.json is loaded 
[2021-04-21 20:22:24] [31merror[39m:  null 
[2021-04-21 20:22:36] [32minfo[39m:  Loaded Config File: development 
[2021-04-21 20:22:36] [32minfo[39m:  Try to Connect MongoDb: mongodb://localhost:27017/lms 
[2021-04-21 20:22:36] [32minfo[39m:  mongoose connection open to mongodb://localhost:27017/lms 
[2021-04-21 20:22:36] [32minfo[39m:  models are loading... 
[2021-04-21 20:22:36] [32minfo[39m:  app/modules/users/models/users.model.js 
[2021-04-21 20:22:36] [32minfo[39m:  error messages are loading... 
[2021-04-21 20:22:36] [32minfo[39m:  app/modules/users/errors/user.error.json is loaded 
[2021-04-21 20:22:40] [31merror[39m:  null 
[2021-04-21 20:22:52] [32minfo[39m:  Loaded Config File: development 
[2021-04-21 20:22:52] [32minfo[39m:  Try to Connect MongoDb: mongodb://localhost:27017/lms 
[2021-04-21 20:22:52] [32minfo[39m:  mongoose connection open to mongodb://localhost:27017/lms 
[2021-04-21 20:22:52] [32minfo[39m:  models are loading... 
[2021-04-21 20:22:52] [32minfo[39m:  app/modules/users/models/users.model.js 
[2021-04-21 20:22:52] [32minfo[39m:  error messages are loading... 
[2021-04-21 20:22:52] [32minfo[39m:  app/modules/users/errors/user.error.json is loaded 
[2021-04-21 20:26:34] [32minfo[39m:  Loaded Config File: development 
[2021-04-21 20:26:34] [32minfo[39m:  Try to Connect MongoDb: mongodb://localhost:27017/lms 
[2021-04-21 20:26:34] [32minfo[39m:  mongoose connection open to mongodb://localhost:27017/lms 
[2021-04-21 20:26:34] [32minfo[39m:  models are loading... 
[2021-04-21 20:26:34] [32minfo[39m:  app/modules/users/models/users.model.js 
[2021-04-21 20:26:34] [32minfo[39m:  error messages are loading... 
[2021-04-21 20:26:34] [32minfo[39m:  app/modules/users/errors/user.error.json is loaded 
[2021-04-21 20:26:36] [31merror[39m:  null 
[2021-04-21 20:26:46] [32minfo[39m:  Loaded Config File: development 
[2021-04-21 20:26:46] [32minfo[39m:  Try to Connect MongoDb: mongodb://localhost:27017/lms 
[2021-04-21 20:26:46] [32minfo[39m:  mongoose connection open to mongodb://localhost:27017/lms 
[2021-04-21 20:26:46] [32minfo[39m:  models are loading... 
[2021-04-21 20:26:46] [32minfo[39m:  app/modules/users/models/users.model.js 
[2021-04-21 20:26:47] [32minfo[39m:  error messages are loading... 
[2021-04-21 20:26:47] [32minfo[39m:  app/modules/users/errors/user.error.json is loaded 
[2021-04-21 20:26:50] [31merror[39m:  null 
[2021-04-21 20:28:02] [32minfo[39m:  Loaded Config File: development 
[2021-04-21 20:28:02] [32minfo[39m:  Try to Connect MongoDb: mongodb://localhost:27017/lms 
[2021-04-21 20:28:02] [32minfo[39m:  mongoose connection open to mongodb://localhost:27017/lms 
[2021-04-21 20:28:02] [32minfo[39m:  models are loading... 
[2021-04-21 20:28:02] [32minfo[39m:  app/modules/users/models/users.model.js 
[2021-04-21 20:28:02] [32minfo[39m:  error messages are loading... 
[2021-04-21 20:28:02] [32minfo[39m:  app/modules/users/errors/user.error.json is loaded 
[2021-04-21 20:28:31] [32minfo[39m:  Loaded Config File: development 
[2021-04-21 20:28:31] [32minfo[39m:  Try to Connect MongoDb: mongodb://localhost:27017/lms 
[2021-04-21 20:28:31] [32minfo[39m:  mongoose connection open to mongodb://localhost:27017/lms 
[2021-04-21 20:28:31] [32minfo[39m:  models are loading... 
[2021-04-21 20:28:31] [32minfo[39m:  app/modules/users/models/users.model.js 
[2021-04-21 20:28:31] [32minfo[39m:  error messages are loading... 
[2021-04-21 20:28:31] [32minfo[39m:  app/modules/users/errors/user.error.json is loaded 
[2021-04-21 20:28:49] [32minfo[39m:  Loaded Config File: development 
[2021-04-21 20:28:49] [32minfo[39m:  Try to Connect MongoDb: mongodb://localhost:27017/lms 
[2021-04-21 20:28:49] [32minfo[39m:  mongoose connection open to mongodb://localhost:27017/lms 
[2021-04-21 20:28:49] [32minfo[39m:  models are loading... 
[2021-04-21 20:28:49] [32minfo[39m:  app/modules/users/models/users.model.js 
[2021-04-21 20:28:49] [32minfo[39m:  error messages are loading... 
[2021-04-21 20:28:49] [32minfo[39m:  app/modules/users/errors/user.error.json is loaded 
[2021-04-21 20:28:54] [31merror[39m:  [object Object] 
[2021-04-21 20:28:54] [31merror[39m:  Illegal arguments: undefined, string 
Error: Illegal arguments: undefined, string
    at _async (C:\Users\waleed\Source\CUI\Nodejs\A3\node_modules\bcryptjs\dist\bcrypt.js:286:46)
    at Object.bcrypt.compare (C:\Users\waleed\Source\CUI\Nodejs\A3\node_modules\bcryptjs\dist\bcrypt.js:304:13)
    at C:\Users\waleed\Source\CUI\Nodejs\A3\app\modules\users\controllers\user.controller.js:164:20
    at C:\Users\waleed\Source\CUI\Nodejs\A3\node_modules\mongoose\lib\model.js:4884:16
    at C:\Users\waleed\Source\CUI\Nodejs\A3\node_modules\mongoose\lib\model.js:4884:16
    at C:\Users\waleed\Source\CUI\Nodejs\A3\node_modules\mongoose\lib\helpers\promiseOrCallback.js:24:16
    at C:\Users\waleed\Source\CUI\Nodejs\A3\node_modules\mongoose\lib\model.js:4907:21
    at C:\Users\waleed\Source\CUI\Nodejs\A3\node_modules\mongoose\lib\query.js:4447:11
    at C:\Users\waleed\Source\CUI\Nodejs\A3\node_modules\kareem\index.js:136:16
    at processTicksAndRejections (node:internal/process/task_queues:76:11)
[2021-04-21 20:29:06] [32minfo[39m:  Loaded Config File: development 
[2021-04-21 20:29:06] [32minfo[39m:  Try to Connect MongoDb: mongodb://localhost:27017/lms 
[2021-04-21 20:29:06] [32minfo[39m:  mongoose connection open to mongodb://localhost:27017/lms 
[2021-04-21 20:29:06] [32minfo[39m:  models are loading... 
[2021-04-21 20:29:06] [32minfo[39m:  app/modules/users/models/users.model.js 
[2021-04-21 20:29:06] [32minfo[39m:  error messages are loading... 
[2021-04-21 20:29:06] [32minfo[39m:  app/modules/users/errors/user.error.json is loaded 
[2021-04-21 20:29:09] [31merror[39m:  [object Object] 
[2021-04-21 20:29:27] [31merror[39m:  [object Object] 
[2021-04-22 17:09:48] [32minfo[39m:  Loaded Config File: development 
[2021-04-22 17:09:48] [32minfo[39m:  Try to Connect MongoDb: mongodb://localhost:27017/lms 
[2021-04-22 17:09:48] [32minfo[39m:  mongoose connection open to mongodb://localhost:27017/lms 
[2021-04-22 17:09:48] [32minfo[39m:  models are loading... 
[2021-04-22 17:10:36] [32minfo[39m:  Loaded Config File: development 
[2021-04-22 17:10:36] [32minfo[39m:  Try to Connect MongoDb: mongodb://localhost:27017/lms 
[2021-04-22 17:10:36] [32minfo[39m:  mongoose connection open to mongodb://localhost:27017/lms 
[2021-04-22 17:10:36] [32minfo[39m:  models are loading... 
[2021-04-22 17:11:19] [32minfo[39m:  Loaded Config File: development 
[2021-04-22 17:11:19] [32minfo[39m:  Try to Connect MongoDb: mongodb://localhost:27017/lms 
[2021-04-22 17:11:19] [32minfo[39m:  mongoose connection open to mongodb://localhost:27017/lms 
[2021-04-22 17:11:19] [32minfo[39m:  models are loading... 
[2021-04-22 17:13:56] [32minfo[39m:  Loaded Config File: development 
[2021-04-22 17:13:56] [32minfo[39m:  Try to Connect MongoDb: mongodb://localhost:27017/lms 
[2021-04-22 17:13:56] [32minfo[39m:  mongoose connection open to mongodb://localhost:27017/lms 
[2021-04-22 17:13:56] [32minfo[39m:  models are loading... 
[2021-04-22 17:14:42] [32minfo[39m:  Loaded Config File: development 
[2021-04-22 17:14:42] [32minfo[39m:  Try to Connect MongoDb: mongodb://localhost:27017/lms 
[2021-04-22 17:14:42] [32minfo[39m:  mongoose connection open to mongodb://localhost:27017/lms 
[2021-04-22 17:14:42] [32minfo[39m:  models are loading... 
[2021-04-22 17:14:42] [32minfo[39m:  app/modules/users/models/users.model.js 
[2021-04-22 17:14:42] [32minfo[39m:  error messages are loading... 
[2021-04-22 17:14:42] [32minfo[39m:  app/modules/admin/errors/admin.error.json is loaded 
[2021-04-22 17:14:42] [32minfo[39m:  app/modules/users/errors/user.error.json is loaded 
[2021-04-22 17:18:17] [32minfo[39m:  Loaded Config File: development 
[2021-04-22 17:18:17] [32minfo[39m:  Try to Connect MongoDb: mongodb://localhost:27017/lms 
[2021-04-22 17:18:17] [32minfo[39m:  mongoose connection open to mongodb://localhost:27017/lms 
[2021-04-22 17:18:17] [32minfo[39m:  models are loading... 
[2021-04-22 17:18:17] [32minfo[39m:  app/modules/users/models/users.model.js 
[2021-04-22 17:18:17] [32minfo[39m:  error messages are loading... 
[2021-04-22 17:18:17] [32minfo[39m:  app/modules/admin/errors/admin.error.json is loaded 
[2021-04-22 17:18:17] [32minfo[39m:  app/modules/users/errors/user.error.json is loaded 
[2021-04-22 17:20:29] [32minfo[39m:  Loaded Config File: development 
[2021-04-22 17:20:29] [32minfo[39m:  Try to Connect MongoDb: mongodb://localhost:27017/lms 
[2021-04-22 17:20:29] [32minfo[39m:  mongoose connection open to mongodb://localhost:27017/lms 
[2021-04-22 17:20:29] [32minfo[39m:  models are loading... 
[2021-04-22 17:20:29] [32minfo[39m:  app/modules/users/models/users.model.js 
[2021-04-22 17:20:29] [32minfo[39m:  error messages are loading... 
[2021-04-22 17:20:29] [32minfo[39m:  app/modules/admin/errors/admin.error.json is loaded 
[2021-04-22 17:20:29] [32minfo[39m:  app/modules/users/errors/user.error.json is loaded 
[2021-04-22 17:31:15] [32minfo[39m:  Loaded Config File: development 
[2021-04-22 17:31:15] [32minfo[39m:  Try to Connect MongoDb: mongodb://localhost:27017/lms 
[2021-04-22 17:31:15] [32minfo[39m:  mongoose connection open to mongodb://localhost:27017/lms 
[2021-04-22 17:31:15] [32minfo[39m:  models are loading... 
[2021-04-22 17:31:15] [32minfo[39m:  app/modules/users/models/users.model.js 
[2021-04-22 17:31:15] [32minfo[39m:  error messages are loading... 
[2021-04-22 17:31:15] [32minfo[39m:  app/modules/admin/errors/admin.error.json is loaded 
[2021-04-22 17:31:15] [32minfo[39m:  app/modules/users/errors/user.error.json is loaded 
[2021-04-22 17:40:54] [32minfo[39m:  Loaded Config File: development 
[2021-04-22 17:40:54] [32minfo[39m:  Try to Connect MongoDb: mongodb://localhost:27017/lms 
[2021-04-22 17:40:54] [32minfo[39m:  mongoose connection open to mongodb://localhost:27017/lms 
[2021-04-22 17:40:54] [32minfo[39m:  models are loading... 
[2021-04-22 17:40:54] [32minfo[39m:  app/modules/users/models/users.model.js 
[2021-04-22 17:40:54] [32minfo[39m:  error messages are loading... 
[2021-04-22 17:40:54] [32minfo[39m:  app/modules/admin/errors/admin.error.json is loaded 
[2021-04-22 17:40:54] [32minfo[39m:  app/modules/users/errors/user.error.json is loaded 
[2021-04-22 17:41:02] [32minfo[39m:  Loaded Config File: development 
[2021-04-22 17:41:02] [32minfo[39m:  Try to Connect MongoDb: mongodb://localhost:27017/lms 
[2021-04-22 17:41:02] [32minfo[39m:  mongoose connection open to mongodb://localhost:27017/lms 
[2021-04-22 17:41:02] [32minfo[39m:  models are loading... 
[2021-04-22 17:41:02] [32minfo[39m:  app/modules/users/models/users.model.js 
[2021-04-22 17:41:02] [32minfo[39m:  error messages are loading... 
[2021-04-22 17:41:02] [32minfo[39m:  app/modules/admin/errors/admin.error.json is loaded 
[2021-04-22 17:41:02] [32minfo[39m:  app/modules/users/errors/user.error.json is loaded 
[2021-04-22 17:41:10] [32minfo[39m:  Loaded Config File: development 
[2021-04-22 17:41:10] [32minfo[39m:  Try to Connect MongoDb: mongodb://localhost:27017/lms 
[2021-04-22 17:41:10] [32minfo[39m:  mongoose connection open to mongodb://localhost:27017/lms 
[2021-04-22 17:41:10] [32minfo[39m:  models are loading... 
[2021-04-22 17:41:10] [32minfo[39m:  app/modules/users/models/users.model.js 
[2021-04-22 17:41:10] [32minfo[39m:  error messages are loading... 
[2021-04-22 17:41:10] [32minfo[39m:  app/modules/admin/errors/admin.error.json is loaded 
[2021-04-22 17:41:10] [32minfo[39m:  app/modules/users/errors/user.error.json is loaded 
[2021-04-22 17:44:21] [32minfo[39m:  Loaded Config File: development 
[2021-04-22 17:44:21] [32minfo[39m:  Try to Connect MongoDb: mongodb://localhost:27017/lms 
[2021-04-22 17:44:21] [32minfo[39m:  mongoose connection open to mongodb://localhost:27017/lms 
[2021-04-22 17:44:21] [32minfo[39m:  models are loading... 
[2021-04-22 17:44:43] [32minfo[39m:  Loaded Config File: development 
[2021-04-22 17:44:43] [32minfo[39m:  Try to Connect MongoDb: mongodb://localhost:27017/lms 
[2021-04-22 17:44:43] [32minfo[39m:  mongoose connection open to mongodb://localhost:27017/lms 
[2021-04-22 17:44:43] [32minfo[39m:  models are loading... 
[2021-04-22 17:45:00] [32minfo[39m:  Loaded Config File: development 
[2021-04-22 17:45:00] [32minfo[39m:  Try to Connect MongoDb: mongodb://localhost:27017/lms 
[2021-04-22 17:45:01] [32minfo[39m:  mongoose connection open to mongodb://localhost:27017/lms 
[2021-04-22 17:45:01] [32minfo[39m:  models are loading... 
[2021-04-22 17:45:21] [32minfo[39m:  Loaded Config File: development 
[2021-04-22 17:45:21] [32minfo[39m:  Try to Connect MongoDb: mongodb://localhost:27017/lms 
[2021-04-22 17:45:21] [32minfo[39m:  mongoose connection open to mongodb://localhost:27017/lms 
[2021-04-22 17:45:21] [32minfo[39m:  models are loading... 
[2021-04-22 17:45:21] [32minfo[39m:  app/modules/users/models/users.model.js 
[2021-04-22 17:45:21] [32minfo[39m:  error messages are loading... 
[2021-04-22 17:45:21] [32minfo[39m:  app/modules/admin/errors/admin.error.json is loaded 
[2021-04-22 17:45:21] [32minfo[39m:  app/modules/users/errors/user.error.json is loaded 
[2021-04-22 17:45:55] [32minfo[39m:  Loaded Config File: development 
[2021-04-22 17:45:55] [32minfo[39m:  Try to Connect MongoDb: mongodb://localhost:27017/lms 
[2021-04-22 17:45:55] [32minfo[39m:  mongoose connection open to mongodb://localhost:27017/lms 
[2021-04-22 17:45:55] [32minfo[39m:  models are loading... 
[2021-04-22 17:45:55] [32minfo[39m:  app/modules/users/models/users.model.js 
[2021-04-22 17:45:56] [32minfo[39m:  error messages are loading... 
[2021-04-22 17:45:56] [32minfo[39m:  app/modules/admin/errors/admin.error.json is loaded 
[2021-04-22 17:45:56] [32minfo[39m:  app/modules/users/errors/user.error.json is loaded 
[2021-04-22 17:46:26] [32minfo[39m:  Loaded Config File: development 
[2021-04-22 17:46:26] [32minfo[39m:  Try to Connect MongoDb: mongodb://localhost:27017/lms 
[2021-04-22 17:46:26] [32minfo[39m:  mongoose connection open to mongodb://localhost:27017/lms 
[2021-04-22 17:46:26] [32minfo[39m:  models are loading... 
[2021-04-22 17:46:26] [32minfo[39m:  app/modules/users/models/users.model.js 
[2021-04-22 17:46:26] [32minfo[39m:  error messages are loading... 
[2021-04-22 17:46:26] [32minfo[39m:  app/modules/admin/errors/admin.error.json is loaded 
[2021-04-22 17:46:26] [32minfo[39m:  app/modules/users/errors/user.error.json is loaded 
[2021-04-22 17:47:22] [32minfo[39m:  Loaded Config File: development 
[2021-04-22 17:47:22] [32minfo[39m:  Try to Connect MongoDb: mongodb://localhost:27017/lms 
[2021-04-22 17:47:22] [32minfo[39m:  mongoose connection open to mongodb://localhost:27017/lms 
[2021-04-22 17:47:22] [32minfo[39m:  models are loading... 
[2021-04-22 17:47:22] [32minfo[39m:  app/modules/users/models/users.model.js 
[2021-04-22 17:47:22] [32minfo[39m:  error messages are loading... 
[2021-04-22 17:47:22] [32minfo[39m:  app/modules/admin/errors/admin.error.json is loaded 
[2021-04-22 17:47:22] [32minfo[39m:  app/modules/users/errors/user.error.json is loaded 
[2021-04-22 17:51:18] [32minfo[39m:  Loaded Config File: development 
[2021-04-22 17:51:18] [32minfo[39m:  Try to Connect MongoDb: mongodb://localhost:27017/lms 
[2021-04-22 17:51:18] [32minfo[39m:  mongoose connection open to mongodb://localhost:27017/lms 
[2021-04-22 17:51:18] [32minfo[39m:  models are loading... 
[2021-04-22 17:51:18] [32minfo[39m:  app/modules/users/models/users.model.js 
[2021-04-22 17:51:18] [32minfo[39m:  error messages are loading... 
[2021-04-22 17:51:18] [32minfo[39m:  app/modules/admin/errors/admin.error.json is loaded 
[2021-04-22 17:51:18] [32minfo[39m:  app/modules/users/errors/user.error.json is loaded 
[2021-04-22 17:52:40] [32minfo[39m:  Loaded Config File: development 
[2021-04-22 17:52:40] [32minfo[39m:  Try to Connect MongoDb: mongodb://localhost:27017/lms 
[2021-04-22 17:52:40] [32minfo[39m:  mongoose connection open to mongodb://localhost:27017/lms 
[2021-04-22 17:52:40] [32minfo[39m:  models are loading... 
[2021-04-22 17:52:40] [32minfo[39m:  app/modules/users/models/users.model.js 
[2021-04-22 17:52:40] [32minfo[39m:  error messages are loading... 
[2021-04-22 17:52:40] [32minfo[39m:  app/modules/admin/errors/admin.error.json is loaded 
[2021-04-22 17:52:40] [32minfo[39m:  app/modules/users/errors/user.error.json is loaded 
[2021-04-22 17:53:36] [32minfo[39m:  Loaded Config File: development 
[2021-04-22 17:53:36] [32minfo[39m:  Try to Connect MongoDb: mongodb://localhost:27017/lms 
[2021-04-22 17:53:36] [32minfo[39m:  mongoose connection open to mongodb://localhost:27017/lms 
[2021-04-22 17:53:37] [32minfo[39m:  models are loading... 
[2021-04-22 17:53:37] [32minfo[39m:  app/modules/users/models/users.model.js 
[2021-04-22 17:53:37] [32minfo[39m:  error messages are loading... 
[2021-04-22 17:53:37] [32minfo[39m:  app/modules/admin/errors/admin.error.json is loaded 
[2021-04-22 17:53:37] [32minfo[39m:  app/modules/users/errors/user.error.json is loaded 
[2021-04-22 17:54:26] [32minfo[39m:  Loaded Config File: development 
[2021-04-22 17:54:26] [32minfo[39m:  Try to Connect MongoDb: mongodb://localhost:27017/lms 
[2021-04-22 17:54:26] [32minfo[39m:  mongoose connection open to mongodb://localhost:27017/lms 
[2021-04-22 17:54:26] [32minfo[39m:  models are loading... 
[2021-04-22 17:54:26] [32minfo[39m:  app/modules/users/models/users.model.js 
[2021-04-22 17:54:26] [32minfo[39m:  error messages are loading... 
[2021-04-22 17:54:26] [32minfo[39m:  app/modules/admin/errors/admin.error.json is loaded 
[2021-04-22 17:54:26] [32minfo[39m:  app/modules/users/errors/user.error.json is loaded 
[2021-04-22 17:56:11] [32minfo[39m:  Loaded Config File: development 
[2021-04-22 17:56:11] [32minfo[39m:  Try to Connect MongoDb: mongodb://localhost:27017/lms 
[2021-04-22 17:56:11] [32minfo[39m:  mongoose connection open to mongodb://localhost:27017/lms 
[2021-04-22 17:56:11] [32minfo[39m:  models are loading... 
[2021-04-22 17:56:11] [32minfo[39m:  app/modules/users/models/users.model.js 
[2021-04-22 17:56:12] [32minfo[39m:  error messages are loading... 
[2021-04-22 17:56:12] [32minfo[39m:  app/modules/admin/errors/admin.error.json is loaded 
[2021-04-22 17:56:12] [32minfo[39m:  app/modules/users/errors/user.error.json is loaded 
[2021-04-22 17:58:09] [32minfo[39m:  Loaded Config File: development 
[2021-04-22 17:58:09] [32minfo[39m:  Try to Connect MongoDb: mongodb://localhost:27017/lms 
[2021-04-22 17:58:10] [32minfo[39m:  mongoose connection open to mongodb://localhost:27017/lms 
[2021-04-22 17:58:10] [32minfo[39m:  models are loading... 
[2021-04-22 17:58:10] [32minfo[39m:  app/modules/users/models/users.model.js 
[2021-04-22 17:58:10] [32minfo[39m:  error messages are loading... 
[2021-04-22 17:58:10] [32minfo[39m:  app/modules/admin - Copy/errors/admin.error.json is loaded 
[2021-04-22 17:58:10] [32minfo[39m:  app/modules/admin/errors/admin.error.json is loaded 
[2021-04-22 17:58:10] [32minfo[39m:  app/modules/users/errors/user.error.json is loaded 
[2021-04-22 18:10:06] [32minfo[39m:  Loaded Config File: development 
[2021-04-22 18:10:06] [32minfo[39m:  Try to Connect MongoDb: mongodb://localhost:27017/lms 
[2021-04-22 18:10:06] [32minfo[39m:  mongoose connection open to mongodb://localhost:27017/lms 
[2021-04-22 18:10:06] [32minfo[39m:  models are loading... 
[2021-04-22 18:10:06] [32minfo[39m:  app/modules/users/models/users.model.js 
[2021-04-22 18:10:06] [32minfo[39m:  error messages are loading... 
[2021-04-22 18:10:06] [32minfo[39m:  app/modules/admin/errors/admin.error.json is loaded 
[2021-04-22 18:10:06] [32minfo[39m:  app/modules/student/errors/student.error.json is loaded 
[2021-04-22 18:10:06] [32minfo[39m:  app/modules/users/errors/user.error.json is loaded 
[2021-04-22 18:11:13] [32minfo[39m:  Loaded Config File: development 
[2021-04-22 18:11:13] [32minfo[39m:  Try to Connect MongoDb: mongodb://localhost:27017/lms 
[2021-04-22 18:11:13] [32minfo[39m:  mongoose connection open to mongodb://localhost:27017/lms 
[2021-04-22 18:11:13] [32minfo[39m:  models are loading... 
[2021-04-22 18:11:13] [32minfo[39m:  app/modules/users/models/users.model.js 
[2021-04-22 18:11:13] [32minfo[39m:  error messages are loading... 
[2021-04-22 18:11:13] [32minfo[39m:  app/modules/admin/errors/admin.error.json is loaded 
[2021-04-22 18:11:13] [32minfo[39m:  app/modules/student/errors/student.error.json is loaded 
[2021-04-22 18:11:13] [32minfo[39m:  app/modules/users/errors/user.error.json is loaded 
[2021-04-22 18:27:01] [32minfo[39m:  Loaded Config File: development 
[2021-04-22 18:27:01] [32minfo[39m:  Try to Connect MongoDb: mongodb://localhost:27017/lms 
[2021-04-22 18:27:01] [32minfo[39m:  mongoose connection open to mongodb://localhost:27017/lms 
[2021-04-22 18:27:01] [32minfo[39m:  models are loading... 
[2021-04-22 18:27:01] [32minfo[39m:  app/modules/users/models/users.model.js 
[2021-04-22 18:27:01] [32minfo[39m:  error messages are loading... 
[2021-04-22 18:27:01] [32minfo[39m:  app/modules/admin/errors/admin.error.json is loaded 
[2021-04-22 18:27:01] [32minfo[39m:  app/modules/student/errors/student.error.json is loaded 
[2021-04-22 18:27:01] [32minfo[39m:  app/modules/teacher/errors/teacher.error.json is loaded 
[2021-04-22 18:27:01] [32minfo[39m:  app/modules/users/errors/user.error.json is loaded 
[2021-04-22 18:27:40] [32minfo[39m:  Loaded Config File: development 
[2021-04-22 18:27:40] [32minfo[39m:  Try to Connect MongoDb: mongodb://localhost:27017/lms 
[2021-04-22 18:27:40] [32minfo[39m:  mongoose connection open to mongodb://localhost:27017/lms 
[2021-04-22 18:27:40] [32minfo[39m:  models are loading... 
[2021-04-22 18:27:40] [32minfo[39m:  app/modules/users/models/users.model.js 
[2021-04-22 18:27:40] [32minfo[39m:  error messages are loading... 
[2021-04-22 18:27:40] [32minfo[39m:  app/modules/admin/errors/admin.error.json is loaded 
[2021-04-22 18:27:40] [32minfo[39m:  app/modules/student/errors/student.error.json is loaded 
[2021-04-22 18:27:40] [32minfo[39m:  app/modules/teacher/errors/teacher.error.json is loaded 
[2021-04-22 18:27:40] [32minfo[39m:  app/modules/users/errors/user.error.json is loaded 
[2021-04-22 18:37:40] [32minfo[39m:  Loaded Config File: development 
[2021-04-22 18:37:40] [32minfo[39m:  Try to Connect MongoDb: mongodb://localhost:27017/lms 
[2021-04-22 18:37:40] [32minfo[39m:  mongoose connection open to mongodb://localhost:27017/lms 
[2021-04-22 18:37:40] [32minfo[39m:  models are loading... 
[2021-04-22 18:37:40] [32minfo[39m:  app/modules/users/models/users.model.js 
[2021-04-22 18:37:41] [32minfo[39m:  error messages are loading... 
[2021-04-22 18:37:41] [32minfo[39m:  app/modules/admin/errors/admin.error.json is loaded 
[2021-04-22 18:37:41] [32minfo[39m:  app/modules/head/errors/head.error.json is loaded 
[2021-04-22 18:37:41] [32minfo[39m:  app/modules/student/errors/student.error.json is loaded 
[2021-04-22 18:37:41] [32minfo[39m:  app/modules/teacher/errors/teacher.error.json is loaded 
[2021-04-22 18:37:41] [32minfo[39m:  app/modules/users/errors/user.error.json is loaded 
[2021-04-22 18:38:18] [32minfo[39m:  Loaded Config File: development 
[2021-04-22 18:38:18] [32minfo[39m:  Try to Connect MongoDb: mongodb://localhost:27017/lms 
[2021-04-22 18:38:18] [32minfo[39m:  mongoose connection open to mongodb://localhost:27017/lms 
[2021-04-22 18:38:18] [32minfo[39m:  models are loading... 
[2021-04-22 18:38:18] [32minfo[39m:  app/modules/users/models/users.model.js 
[2021-04-22 18:38:18] [32minfo[39m:  error messages are loading... 
[2021-04-22 18:38:18] [32minfo[39m:  app/modules/admin/errors/admin.error.json is loaded 
[2021-04-22 18:38:18] [32minfo[39m:  app/modules/head/errors/head.error.json is loaded 
[2021-04-22 18:38:18] [32minfo[39m:  app/modules/student/errors/student.error.json is loaded 
[2021-04-22 18:38:18] [32minfo[39m:  app/modules/teacher/errors/teacher.error.json is loaded 
[2021-04-22 18:38:18] [32minfo[39m:  app/modules/users/errors/user.error.json is loaded 
