[2021-04-21 20:00:47] [31merror[39m:  userAccountModel.comparePassword is not a function 
TypeError: userAccountModel.comparePassword is not a function
    at loginUser (C:\Users\waleed\Source\CUI\Nodejs\A3\app\modules\users\controllers\user.controller.js:163:26)
    at Layer.handle [as handle_request] (C:\Users\waleed\Source\CUI\Nodejs\A3\node_modules\express\lib\router\layer.js:95:5)
    at next (C:\Users\waleed\Source\CUI\Nodejs\A3\node_modules\express\lib\router\route.js:137:13)
    at Route.dispatch (C:\Users\waleed\Source\CUI\Nodejs\A3\node_modules\express\lib\router\route.js:112:3)
    at Layer.handle [as handle_request] (C:\Users\waleed\Source\CUI\Nodejs\A3\node_modules\express\lib\router\layer.js:95:5)
    at C:\Users\waleed\Source\CUI\Nodejs\A3\node_modules\express\lib\router\index.js:281:22
    at Function.process_params (C:\Users\waleed\Source\CUI\Nodejs\A3\node_modules\express\lib\router\index.js:335:12)
    at next (C:\Users\waleed\Source\CUI\Nodejs\A3\node_modules\express\lib\router\index.js:275:10)
    at urlencodedParser (C:\Users\waleed\Source\CUI\Nodejs\A3\node_modules\body-parser\lib\types\urlencoded.js:82:7)
    at Layer.handle [as handle_request] (C:\Users\waleed\Source\CUI\Nodejs\A3\node_modules\express\lib\router\layer.js:95:5)
    at trim_prefix (C:\Users\waleed\Source\CUI\Nodejs\A3\node_modules\express\lib\router\index.js:317:13)
    at C:\Users\waleed\Source\CUI\Nodejs\A3\node_modules\express\lib\router\index.js:284:7
    at Function.process_params (C:\Users\waleed\Source\CUI\Nodejs\A3\node_modules\express\lib\router\index.js:335:12)
    at next (C:\Users\waleed\Source\CUI\Nodejs\A3\node_modules\express\lib\router\index.js:275:10)
    at C:\Users\waleed\Source\CUI\Nodejs\A3\node_modules\body-parser\lib\read.js:130:5
    at invokeCallback (C:\Users\waleed\Source\CUI\Nodejs\A3\node_modules\raw-body\index.js:224:16)
[2021-04-21 20:00:47] [31merror[39m:  [object Object] 
[2021-04-21 20:19:50] [31merror[39m:  null 
[2021-04-21 20:19:50] [31merror[39m:  [object Object] 
[2021-04-21 20:19:57] [31merror[39m:  null 
[2021-04-21 20:20:36] [31merror[39m:  Unexpected token } in JSON at position 46 
SyntaxError: Unexpected token } in JSON at position 46
    at JSON.parse (<anonymous>)
    at parse (C:\Users\waleed\Source\CUI\Nodejs\A3\node_modules\body-parser\lib\types\json.js:89:19)
    at C:\Users\waleed\Source\CUI\Nodejs\A3\node_modules\body-parser\lib\read.js:121:18
    at invokeCallback (C:\Users\waleed\Source\CUI\Nodejs\A3\node_modules\raw-body\index.js:224:16)
    at done (C:\Users\waleed\Source\CUI\Nodejs\A3\node_modules\raw-body\index.js:213:7)
    at IncomingMessage.onEnd (C:\Users\waleed\Source\CUI\Nodejs\A3\node_modules\raw-body\index.js:273:7)
    at IncomingMessage.emit (node:events:381:22)
    at endReadableNT (node:internal/streams/readable:1307:12)
    at processTicksAndRejections (node:internal/process/task_queues:81:21)
[2021-04-21 20:20:52] [31merror[39m:  null 
[2021-04-21 20:21:57] [31merror[39m:  null 
[2021-04-21 20:22:24] [31merror[39m:  null 
[2021-04-21 20:22:40] [31merror[39m:  null 
[2021-04-21 20:26:36] [31merror[39m:  null 
[2021-04-21 20:26:50] [31merror[39m:  null 
[2021-04-21 20:28:54] [31merror[39m:  [object Object] 
[2021-04-21 20:28:54] [31merror[39m:  Illegal arguments: undefined, string 
Error: Illegal arguments: undefined, string
    at _async (C:\Users\waleed\Source\CUI\Nodejs\A3\node_modules\bcryptjs\dist\bcrypt.js:286:46)
    at Object.bcrypt.compare (C:\Users\waleed\Source\CUI\Nodejs\A3\node_modules\bcryptjs\dist\bcrypt.js:304:13)
    at C:\Users\waleed\Source\CUI\Nodejs\A3\app\modules\users\controllers\user.controller.js:164:20
    at C:\Users\waleed\Source\CUI\Nodejs\A3\node_modules\mongoose\lib\model.js:4884:16
    at C:\Users\waleed\Source\CUI\Nodejs\A3\node_modules\mongoose\lib\model.js:4884:16
    at C:\Users\waleed\Source\CUI\Nodejs\A3\node_modules\mongoose\lib\helpers\promiseOrCallback.js:24:16
    at C:\Users\waleed\Source\CUI\Nodejs\A3\node_modules\mongoose\lib\model.js:4907:21
    at C:\Users\waleed\Source\CUI\Nodejs\A3\node_modules\mongoose\lib\query.js:4447:11
    at C:\Users\waleed\Source\CUI\Nodejs\A3\node_modules\kareem\index.js:136:16
    at processTicksAndRejections (node:internal/process/task_queues:76:11)
[2021-04-21 20:29:09] [31merror[39m:  [object Object] 
[2021-04-21 20:29:27] [31merror[39m:  [object Object] 
