[2021-04-17 20:07:09] [32minfo[39m:  Loaded Config File: development 
[2021-04-17 20:07:09] [32minfo[39m:  Try to Connect MongoDb: mongodb://localhost:27017/lms 
[2021-04-17 20:07:09] [32minfo[39m:  mongoose connection open to mongodb://localhost:27017/lms 
[2021-04-17 20:07:50] [32minfo[39m:  Loaded Config File: development 
[2021-04-17 20:07:50] [32minfo[39m:  Try to Connect MongoDb: mongodb://localhost:27017/lms 
[2021-04-17 20:07:50] [32minfo[39m:  mongoose connection open to mongodb://localhost:27017/lms 
[2021-04-17 20:08:34] [32minfo[39m:  Loaded Config File: development 
[2021-04-17 20:08:34] [32minfo[39m:  Try to Connect MongoDb: mongodb://localhost:27017/lms 
[2021-04-17 20:08:34] [32minfo[39m:  mongoose connection open to mongodb://localhost:27017/lms 
[2021-04-17 20:08:47] [32minfo[39m:  Loaded Config File: development 
[2021-04-17 20:08:47] [32minfo[39m:  Try to Connect MongoDb: mongodb://localhost:27017/lms 
[2021-04-17 20:08:47] [32minfo[39m:  mongoose connection open to mongodb://localhost:27017/lms 
[2021-04-17 20:09:01] [32minfo[39m:  Loaded Config File: development 
[2021-04-17 20:09:01] [32minfo[39m:  Try to Connect MongoDb: mongodb://localhost:27017/lms 
[2021-04-17 20:09:01] [32minfo[39m:  mongoose connection open to mongodb://localhost:27017/lms 
[2021-04-17 20:09:16] [32minfo[39m:  Loaded Config File: development 
[2021-04-17 20:09:16] [32minfo[39m:  Try to Connect MongoDb: mongodb://localhost:27017/lms 
[2021-04-17 20:09:16] [32minfo[39m:  mongoose connection open to mongodb://localhost:27017/lms 
[2021-04-17 20:09:46] [32minfo[39m:  Loaded Config File: development 
[2021-04-17 20:09:46] [32minfo[39m:  Try to Connect MongoDb: mongodb://localhost:27017/lms 
[2021-04-17 20:09:46] [32minfo[39m:  mongoose connection open to mongodb://localhost:27017/lms 
[2021-04-17 20:09:54] [32minfo[39m:  Loaded Config File: development 
[2021-04-17 20:09:54] [32minfo[39m:  Try to Connect MongoDb: mongodb://localhost:27017/lms 
[2021-04-17 20:09:54] [32minfo[39m:  mongoose connection open to mongodb://localhost:27017/lms 
[2021-04-17 20:10:04] [32minfo[39m:  Loaded Config File: development 
[2021-04-17 20:10:04] [32minfo[39m:  Try to Connect MongoDb: mongodb://localhost:27017/lms 
[2021-04-17 20:10:04] [32minfo[39m:  mongoose connection open to mongodb://localhost:27017/lms 
[2021-04-17 20:10:12] [32minfo[39m:  Loaded Config File: development 
[2021-04-17 20:10:12] [32minfo[39m:  Try to Connect MongoDb: mongodb://localhost:27017/lms 
[2021-04-17 20:10:12] [32minfo[39m:  mongoose connection open to mongodb://localhost:27017/lms 
[2021-04-17 20:10:41] [32minfo[39m:  Loaded Config File: development 
[2021-04-17 20:10:41] [32minfo[39m:  Try to Connect MongoDb: mongodb://localhost:27017/lms 
[2021-04-17 20:10:41] [32minfo[39m:  mongoose connection open to mongodb://localhost:27017/lms 
[2021-04-17 20:10:51] [32minfo[39m:  Loaded Config File: development 
[2021-04-17 20:10:51] [32minfo[39m:  Try to Connect MongoDb: mongodb://localhost:27017/lms 
[2021-04-17 20:10:51] [32minfo[39m:  mongoose connection open to mongodb://localhost:27017/lms 
[2021-04-17 20:11:28] [32minfo[39m:  Loaded Config File: development 
[2021-04-17 20:11:28] [32minfo[39m:  Try to Connect MongoDb: mongodb://localhost:27017/lms 
[2021-04-17 20:11:28] [32minfo[39m:  mongoose connection open to mongodb://localhost:27017/lms 
[2021-04-17 20:13:33] [32minfo[39m:  Loaded Config File: development 
[2021-04-17 20:13:33] [32minfo[39m:  Try to Connect MongoDb: mongodb://localhost:27017/lms 
[2021-04-17 20:13:33] [32minfo[39m:  mongoose connection open to mongodb://localhost:27017/lms 
[2021-04-17 22:40:18] [32minfo[39m:  Loaded Config File: development 
[2021-04-17 22:40:18] [32minfo[39m:  Try to Connect MongoDb: mongodb://localhost:27017/lms 
[2021-04-17 22:40:18] [32minfo[39m:  mongoose connection open to mongodb://localhost:27017/lms 
[2021-04-17 22:40:42] [32minfo[39m:  Loaded Config File: staging 
[2021-04-17 22:40:42] [32minfo[39m:  Try to Connect MongoDb: mongodb://localhost:27017/lms 
[2021-04-17 22:40:42] [32minfo[39m:  mongoose connection open to mongodb://localhost:27017/lms 
[2021-04-18 10:53:43] [32minfo[39m:  Loaded Config File: development 
[2021-04-18 10:53:43] [32minfo[39m:  Try to Connect MongoDb: mongodb://localhost:27017/lms 
[2021-04-18 10:53:43] [32minfo[39m:  mongoose connection open to mongodb://localhost:27017/lms 
[2021-04-18 10:55:30] [32minfo[39m:  Loaded Config File: development 
[2021-04-18 10:55:30] [32minfo[39m:  Try to Connect MongoDb: mongodb://localhost:27017/lms 
[2021-04-18 10:55:30] [32minfo[39m:  mongoose connection open to mongodb://localhost:27017/lms 
[2021-04-18 10:55:41] [32minfo[39m:  Loaded Config File: development 
[2021-04-18 10:55:41] [32minfo[39m:  Try to Connect MongoDb: mongodb://localhost:27017/lms 
[2021-04-18 10:55:41] [32minfo[39m:  mongoose connection open to mongodb://localhost:27017/lms 
[2021-04-18 11:00:42] [32minfo[39m:  Loaded Config File: development 
[2021-04-18 11:00:42] [32minfo[39m:  Try to Connect MongoDb: mongodb://localhost:27017/lms 
[2021-04-18 11:00:42] [32minfo[39m:  mongoose connection open to mongodb://localhost:27017/lms 
[2021-04-18 11:00:51] [32minfo[39m:  Loaded Config File: development 
[2021-04-18 11:00:51] [32minfo[39m:  Try to Connect MongoDb: mongodb://localhost:27017/lms 
[2021-04-18 11:00:51] [32minfo[39m:  mongoose connection open to mongodb://localhost:27017/lms 
[2021-04-18 11:01:02] [32minfo[39m:  Loaded Config File: development 
[2021-04-18 11:01:02] [32minfo[39m:  Try to Connect MongoDb: mongodb://localhost:27017/lms 
[2021-04-18 11:01:02] [32minfo[39m:  mongoose connection open to mongodb://localhost:27017/lms 
[2021-04-18 11:01:41] [32minfo[39m:  Loaded Config File: development 
[2021-04-18 11:01:41] [32minfo[39m:  Try to Connect MongoDb: mongodb://localhost:27017/lms 
[2021-04-18 11:01:41] [32minfo[39m:  mongoose connection open to mongodb://localhost:27017/lms 
[2021-04-18 11:09:30] [32minfo[39m:  Loaded Config File: development 
[2021-04-18 11:09:30] [32minfo[39m:  Try to Connect MongoDb: mongodb://localhost:27017/lms 
[2021-04-18 11:09:31] [32minfo[39m:  mongoose connection open to mongodb://localhost:27017/lms 
[2021-04-18 11:10:54] [32minfo[39m:  Loaded Config File: development 
[2021-04-18 11:10:54] [32minfo[39m:  Try to Connect MongoDb: mongodb://localhost:27017/lms 
[2021-04-18 11:10:54] [32minfo[39m:  mongoose connection open to mongodb://localhost:27017/lms 
[2021-04-18 11:13:25] [32minfo[39m:  Loaded Config File: development 
[2021-04-18 11:13:25] [32minfo[39m:  Try to Connect MongoDb: mongodb://localhost:27017/lms 
[2021-04-18 11:13:25] [32minfo[39m:  mongoose connection open to mongodb://localhost:27017/lms 
[2021-04-18 11:14:07] [32minfo[39m:  Loaded Config File: development 
[2021-04-18 11:14:07] [32minfo[39m:  Try to Connect MongoDb: mongodb://localhost:27017/lms 
[2021-04-18 11:14:07] [32minfo[39m:  mongoose connection open to mongodb://localhost:27017/lms 
[2021-04-18 11:14:25] [32minfo[39m:  Loaded Config File: development 
[2021-04-18 11:14:25] [32minfo[39m:  Try to Connect MongoDb: mongodb://localhost:27017/lms 
[2021-04-18 11:15:45] [32minfo[39m:  Loaded Config File: development 
[2021-04-18 11:15:45] [32minfo[39m:  Try to Connect MongoDb: mongodb://localhost:27017/lms 
[2021-04-18 11:15:45] [32minfo[39m:  mongoose connection open to mongodb://localhost:27017/lms 
[2021-04-18 11:16:06] [32minfo[39m:  Loaded Config File: development 
[2021-04-18 11:16:06] [32minfo[39m:  Try to Connect MongoDb: mongodb://localhost:27017/lms 
[2021-04-18 11:16:06] [32minfo[39m:  mongoose connection open to mongodb://localhost:27017/lms 
[2021-04-18 11:23:16] [32minfo[39m:  Loaded Config File: development 
[2021-04-18 11:23:16] [32minfo[39m:  Try to Connect MongoDb: mongodb://localhost:27017/lms 
[2021-04-18 11:23:16] [32minfo[39m:  mongoose connection open to mongodb://localhost:27017/lms 
[2021-04-18 11:24:38] [32minfo[39m:  Loaded Config File: development 
[2021-04-18 11:24:38] [32minfo[39m:  Try to Connect MongoDb: mongodb://localhost:27017/lms 
[2021-04-18 11:24:39] [32minfo[39m:  mongoose connection open to mongodb://localhost:27017/lms 
[2021-04-18 11:26:33] [32minfo[39m:  Loaded Config File: development 
[2021-04-18 11:26:33] [32minfo[39m:  Try to Connect MongoDb: mongodb://localhost:27017/lms 
[2021-04-18 11:26:33] [32minfo[39m:  mongoose connection open to mongodb://localhost:27017/lms 
[2021-04-18 11:26:43] [32minfo[39m:  Loaded Config File: development 
[2021-04-18 11:26:43] [32minfo[39m:  Try to Connect MongoDb: mongodb://localhost:27017/lms 
[2021-04-18 11:26:44] [32minfo[39m:  mongoose connection open to mongodb://localhost:27017/lms 
[2021-04-18 11:30:20] [32minfo[39m:  Loaded Config File: development 
[2021-04-18 11:30:20] [32minfo[39m:  Try to Connect MongoDb: mongodb://localhost:27017/lms 
[2021-04-18 11:30:20] [32minfo[39m:  mongoose connection open to mongodb://localhost:27017/lms 
[2021-04-18 11:31:31] [32minfo[39m:  Loaded Config File: development 
[2021-04-18 11:31:31] [32minfo[39m:  Try to Connect MongoDb: mongodb://localhost:27017/lms 
[2021-04-18 11:31:31] [32minfo[39m:  mongoose connection open to mongodb://localhost:27017/lms 
[2021-04-18 11:50:04] [32minfo[39m:  Loaded Config File: development 
[2021-04-18 11:50:04] [32minfo[39m:  Try to Connect MongoDb: mongodb://localhost:27017/lms 
[2021-04-18 11:50:04] [32minfo[39m:  mongoose connection open to mongodb://localhost:27017/lms 
[2021-04-18 11:50:04] [32minfo[39m:  models are loading... 
[2021-04-18 11:50:04] [32minfo[39m:  app/modules/users/models/users.model.js 
[2021-04-18 11:50:07] [32minfo[39m:  Loaded Config File: development 
[2021-04-18 11:50:07] [32minfo[39m:  Try to Connect MongoDb: mongodb://localhost:27017/lms 
[2021-04-18 11:50:07] [32minfo[39m:  mongoose connection open to mongodb://localhost:27017/lms 
[2021-04-18 11:50:07] [32minfo[39m:  models are loading... 
[2021-04-18 11:50:07] [32minfo[39m:  app/modules/users/models/users.model.js 
[2021-04-18 11:53:42] [32minfo[39m:  Loaded Config File: development 
[2021-04-18 11:53:42] [32minfo[39m:  Try to Connect MongoDb: mongodb://localhost:27017/lms 
[2021-04-18 11:53:42] [32minfo[39m:  mongoose connection open to mongodb://localhost:27017/lms 
[2021-04-18 11:53:43] [32minfo[39m:  models are loading... 
[2021-04-18 11:53:43] [32minfo[39m:  app/modules/users/models/users.model.js 
[2021-04-18 11:53:44] [32minfo[39m:  Loaded Config File: development 
[2021-04-18 11:53:44] [32minfo[39m:  Try to Connect MongoDb: mongodb://localhost:27017/lms 
[2021-04-18 11:53:44] [32minfo[39m:  mongoose connection open to mongodb://localhost:27017/lms 
[2021-04-18 11:53:44] [32minfo[39m:  models are loading... 
[2021-04-18 11:53:44] [32minfo[39m:  app/modules/users/models/users.model.js 
[2021-04-18 11:53:59] [32minfo[39m:  Loaded Config File: development 
[2021-04-18 11:53:59] [32minfo[39m:  Try to Connect MongoDb: mongodb://localhost:27017/lms 
[2021-04-18 11:53:59] [32minfo[39m:  mongoose connection open to mongodb://localhost:27017/lms 
[2021-04-18 11:53:59] [32minfo[39m:  models are loading... 
[2021-04-18 11:53:59] [32minfo[39m:  app/modules/users/models/users.model.js 
[2021-04-18 11:54:09] [32minfo[39m:  Loaded Config File: development 
[2021-04-18 11:54:09] [32minfo[39m:  Try to Connect MongoDb: mongodb://localhost:27017/lms 
[2021-04-18 11:54:09] [32minfo[39m:  mongoose connection open to mongodb://localhost:27017/lms 
[2021-04-18 11:54:09] [32minfo[39m:  models are loading... 
[2021-04-18 11:54:09] [32minfo[39m:  app/modules/users/models/users.model.js 
[2021-04-18 11:54:27] [32minfo[39m:  Loaded Config File: development 
[2021-04-18 11:54:27] [32minfo[39m:  Try to Connect MongoDb: mongodb://localhost:27017/lms 
[2021-04-18 11:54:28] [32minfo[39m:  mongoose connection open to mongodb://localhost:27017/lms 
[2021-04-18 11:54:28] [32minfo[39m:  models are loading... 
[2021-04-18 11:54:28] [32minfo[39m:  app/modules/users/models/users.model.js 
[2021-04-18 11:54:36] [32minfo[39m:  Loaded Config File: development 
[2021-04-18 11:54:36] [32minfo[39m:  Try to Connect MongoDb: mongodb://localhost:27017/lms 
[2021-04-18 11:54:36] [32minfo[39m:  mongoose connection open to mongodb://localhost:27017/lms 
[2021-04-18 11:54:36] [32minfo[39m:  models are loading... 
[2021-04-18 11:54:37] [32minfo[39m:  app/modules/users/models/users.model.js 
[2021-04-18 11:55:35] [32minfo[39m:  Loaded Config File: development 
[2021-04-18 11:55:35] [32minfo[39m:  Try to Connect MongoDb: mongodb://localhost:27017/lms 
[2021-04-18 11:55:35] [32minfo[39m:  mongoose connection open to mongodb://localhost:27017/lms 
[2021-04-18 11:55:35] [32minfo[39m:  models are loading... 
[2021-04-18 11:55:35] [32minfo[39m:  app/modules/users/models/users.model.js 
[2021-04-18 11:58:16] [32minfo[39m:  Loaded Config File: development 
[2021-04-18 11:58:16] [32minfo[39m:  Try to Connect MongoDb: mongodb://localhost:27017/lms 
[2021-04-18 11:58:16] [32minfo[39m:  mongoose connection open to mongodb://localhost:27017/lms 
[2021-04-18 11:58:16] [32minfo[39m:  models are loading... 
[2021-04-18 11:58:16] [32minfo[39m:  app/modules/users/models/users.model.js 
[2021-04-18 11:58:56] [32minfo[39m:  Loaded Config File: development 
[2021-04-18 11:58:56] [32minfo[39m:  Try to Connect MongoDb: mongodb://localhost:27017/lms 
[2021-04-18 11:58:56] [32minfo[39m:  mongoose connection open to mongodb://localhost:27017/lms 
[2021-04-18 11:58:56] [32minfo[39m:  models are loading... 
[2021-04-18 11:58:56] [32minfo[39m:  app/modules/users/models/users.model.js 
[2021-04-18 11:59:53] [32minfo[39m:  Loaded Config File: development 
[2021-04-18 11:59:53] [32minfo[39m:  Try to Connect MongoDb: mongodb://localhost:27017/lms 
[2021-04-18 11:59:53] [32minfo[39m:  mongoose connection open to mongodb://localhost:27017/lms 
[2021-04-18 11:59:53] [32minfo[39m:  models are loading... 
[2021-04-18 11:59:53] [32minfo[39m:  app/modules/users/models/users.model.js 
[2021-04-18 12:00:35] [32minfo[39m:  Loaded Config File: development 
[2021-04-18 12:00:35] [32minfo[39m:  Try to Connect MongoDb: mongodb://localhost:27017/lms 
[2021-04-18 12:00:35] [32minfo[39m:  mongoose connection open to mongodb://localhost:27017/lms 
[2021-04-18 12:00:35] [32minfo[39m:  models are loading... 
[2021-04-18 12:00:35] [32minfo[39m:  app/modules/users/models/users.model.js 
[2021-04-18 12:06:12] [32minfo[39m:  Loaded Config File: development 
[2021-04-18 12:06:12] [32minfo[39m:  Try to Connect MongoDb: mongodb://localhost:27017/lms 
[2021-04-18 12:06:12] [32minfo[39m:  mongoose connection open to mongodb://localhost:27017/lms 
[2021-04-18 12:06:12] [32minfo[39m:  models are loading... 
[2021-04-18 12:06:12] [32minfo[39m:  app/modules/users/models/users.model.js 
[2021-04-18 12:06:44] [32minfo[39m:  Loaded Config File: development 
[2021-04-18 12:06:44] [32minfo[39m:  Try to Connect MongoDb: mongodb://localhost:27017/lms 
[2021-04-18 12:06:44] [32minfo[39m:  mongoose connection open to mongodb://localhost:27017/lms 
[2021-04-18 12:06:44] [32minfo[39m:  models are loading... 
[2021-04-18 12:06:44] [32minfo[39m:  app/modules/users/models/users.model.js 
[2021-04-18 12:12:23] [32minfo[39m:  Loaded Config File: development 
[2021-04-18 12:12:23] [32minfo[39m:  Try to Connect MongoDb: mongodb://localhost:27017/lms 
[2021-04-18 12:12:23] [32minfo[39m:  mongoose connection open to mongodb://localhost:27017/lms 
[2021-04-18 12:12:23] [32minfo[39m:  models are loading... 
[2021-04-18 12:12:23] [32minfo[39m:  app/modules/users/models/users.model.js 
[2021-04-18 12:13:38] [32minfo[39m:  Loaded Config File: development 
[2021-04-18 12:13:38] [32minfo[39m:  Try to Connect MongoDb: mongodb://localhost:27017/lms 
[2021-04-18 12:13:38] [32minfo[39m:  mongoose connection open to mongodb://localhost:27017/lms 
[2021-04-18 12:13:38] [32minfo[39m:  models are loading... 
[2021-04-18 12:13:38] [32minfo[39m:  app/modules/users/models/users.model.js 
[2021-04-18 12:14:02] [32minfo[39m:  Loaded Config File: development 
[2021-04-18 12:14:02] [32minfo[39m:  Try to Connect MongoDb: mongodb://localhost:27017/lms 
[2021-04-18 12:14:02] [32minfo[39m:  mongoose connection open to mongodb://localhost:27017/lms 
[2021-04-18 12:14:02] [32minfo[39m:  models are loading... 
[2021-04-18 12:14:02] [32minfo[39m:  app/modules/users/models/users.model.js 
[2021-04-18 12:14:10] [32minfo[39m:  Loaded Config File: development 
[2021-04-18 12:14:10] [32minfo[39m:  Try to Connect MongoDb: mongodb://localhost:27017/lms 
[2021-04-18 12:14:10] [32minfo[39m:  mongoose connection open to mongodb://localhost:27017/lms 
[2021-04-18 12:14:10] [32minfo[39m:  models are loading... 
[2021-04-18 12:14:10] [32minfo[39m:  app/modules/users/models/users.model.js 
[2021-04-18 12:14:50] [32minfo[39m:  Loaded Config File: development 
[2021-04-18 12:14:50] [32minfo[39m:  Try to Connect MongoDb: mongodb://localhost:27017/lms 
[2021-04-18 12:14:50] [32minfo[39m:  mongoose connection open to mongodb://localhost:27017/lms 
[2021-04-18 12:14:51] [32minfo[39m:  models are loading... 
[2021-04-18 12:14:51] [32minfo[39m:  app/modules/users/models/users.model.js 
[2021-04-18 12:15:52] [32minfo[39m:  Loaded Config File: development 
[2021-04-18 12:15:52] [32minfo[39m:  Try to Connect MongoDb: mongodb://localhost:27017/lms 
[2021-04-18 12:15:52] [32minfo[39m:  mongoose connection open to mongodb://localhost:27017/lms 
[2021-04-18 12:15:53] [32minfo[39m:  models are loading... 
[2021-04-18 12:15:53] [32minfo[39m:  app/modules/users/models/users.model.js 
[2021-04-18 12:17:00] [32minfo[39m:  Loaded Config File: development 
[2021-04-18 12:17:00] [32minfo[39m:  Try to Connect MongoDb: mongodb://localhost:27017/lms 
[2021-04-18 12:17:00] [32minfo[39m:  mongoose connection open to mongodb://localhost:27017/lms 
[2021-04-18 12:17:00] [32minfo[39m:  models are loading... 
[2021-04-18 12:17:00] [32minfo[39m:  app/modules/users/models/users.model.js 
[2021-04-18 12:17:09] [32minfo[39m:  Loaded Config File: development 
[2021-04-18 12:17:09] [32minfo[39m:  Try to Connect MongoDb: mongodb://localhost:27017/lms 
[2021-04-18 12:17:09] [32minfo[39m:  mongoose connection open to mongodb://localhost:27017/lms 
[2021-04-18 12:17:09] [32minfo[39m:  models are loading... 
[2021-04-18 12:17:09] [32minfo[39m:  app/modules/users/models/users.model.js 
[2021-04-18 12:22:50] [32minfo[39m:  Loaded Config File: development 
[2021-04-18 12:22:50] [32minfo[39m:  Try to Connect MongoDb: mongodb://localhost:27017/lms 
[2021-04-18 12:22:50] [32minfo[39m:  mongoose connection open to mongodb://localhost:27017/lms 
[2021-04-18 12:22:50] [32minfo[39m:  models are loading... 
[2021-04-18 12:22:50] [32minfo[39m:  app/modules/users/models/users.model.js 
[2021-04-18 12:24:23] [32minfo[39m:  Loaded Config File: development 
[2021-04-18 12:24:23] [32minfo[39m:  Try to Connect MongoDb: mongodb://localhost:27017/lms 
[2021-04-18 12:24:23] [32minfo[39m:  mongoose connection open to mongodb://localhost:27017/lms 
[2021-04-18 12:24:23] [32minfo[39m:  models are loading... 
[2021-04-18 12:24:23] [32minfo[39m:  app/modules/users/models/users.model.js 
[2021-04-18 12:24:44] [32minfo[39m:  Loaded Config File: development 
[2021-04-18 12:24:44] [32minfo[39m:  Try to Connect MongoDb: mongodb://localhost:27017/lms 
[2021-04-18 12:24:44] [32minfo[39m:  mongoose connection open to mongodb://localhost:27017/lms 
[2021-04-18 12:24:44] [32minfo[39m:  models are loading... 
[2021-04-18 12:24:44] [32minfo[39m:  app/modules/users/models/users.model.js 
[2021-04-18 12:24:54] [32minfo[39m:  Loaded Config File: development 
[2021-04-18 12:24:54] [32minfo[39m:  Try to Connect MongoDb: mongodb://localhost:27017/lms 
[2021-04-18 12:24:54] [32minfo[39m:  mongoose connection open to mongodb://localhost:27017/lms 
[2021-04-18 12:24:54] [32minfo[39m:  models are loading... 
[2021-04-18 12:24:54] [32minfo[39m:  app/modules/users/models/users.model.js 
[2021-04-18 12:28:06] [32minfo[39m:  Loaded Config File: development 
[2021-04-18 12:28:06] [32minfo[39m:  Try to Connect MongoDb: mongodb://localhost:27017/lms 
[2021-04-18 12:28:06] [32minfo[39m:  mongoose connection open to mongodb://localhost:27017/lms 
[2021-04-18 12:28:06] [32minfo[39m:  models are loading... 
[2021-04-18 12:28:06] [32minfo[39m:  app/modules/users/models/users.model.js 
[2021-04-18 12:30:33] [32minfo[39m:  Loaded Config File: development 
[2021-04-18 12:30:33] [32minfo[39m:  Try to Connect MongoDb: mongodb://localhost:27017/lms 
[2021-04-18 12:30:33] [32minfo[39m:  mongoose connection open to mongodb://localhost:27017/lms 
[2021-04-18 12:30:33] [32minfo[39m:  models are loading... 
[2021-04-18 12:30:33] [32minfo[39m:  app/modules/users/models/users.model.js 
[2021-04-18 12:33:53] [31merror[39m:  Cannot read property 'name' of undefined 
TypeError: Cannot read property 'name' of undefined
    at createUser (C:\Users\waleed\Source\CUI\Nodejs\14_REST\app\modules\users\controllers\user.controller.js:107:31)
    at Layer.handle [as handle_request] (C:\Users\waleed\Source\CUI\Nodejs\14_REST\node_modules\express\lib\router\layer.js:95:5)
    at next (C:\Users\waleed\Source\CUI\Nodejs\14_REST\node_modules\express\lib\router\route.js:137:13)
    at Route.dispatch (C:\Users\waleed\Source\CUI\Nodejs\14_REST\node_modules\express\lib\router\route.js:112:3)
    at Layer.handle [as handle_request] (C:\Users\waleed\Source\CUI\Nodejs\14_REST\node_modules\express\lib\router\layer.js:95:5)
    at C:\Users\waleed\Source\CUI\Nodejs\14_REST\node_modules\express\lib\router\index.js:281:22
    at Function.process_params (C:\Users\waleed\Source\CUI\Nodejs\14_REST\node_modules\express\lib\router\index.js:335:12)
    at next (C:\Users\waleed\Source\CUI\Nodejs\14_REST\node_modules\express\lib\router\index.js:275:10)
    at serveStatic (C:\Users\waleed\Source\CUI\Nodejs\14_REST\node_modules\serve-static\index.js:75:16)
    at Layer.handle [as handle_request] (C:\Users\waleed\Source\CUI\Nodejs\14_REST\node_modules\express\lib\router\layer.js:95:5)
    at trim_prefix (C:\Users\waleed\Source\CUI\Nodejs\14_REST\node_modules\express\lib\router\index.js:317:13)
    at C:\Users\waleed\Source\CUI\Nodejs\14_REST\node_modules\express\lib\router\index.js:284:7
    at Function.process_params (C:\Users\waleed\Source\CUI\Nodejs\14_REST\node_modules\express\lib\router\index.js:335:12)
    at next (C:\Users\waleed\Source\CUI\Nodejs\14_REST\node_modules\express\lib\router\index.js:275:10)
    at expressInit (C:\Users\waleed\Source\CUI\Nodejs\14_REST\node_modules\express\lib\middleware\init.js:40:5)
    at Layer.handle [as handle_request] (C:\Users\waleed\Source\CUI\Nodejs\14_REST\node_modules\express\lib\router\layer.js:95:5)
[2021-04-18 12:34:17] [32minfo[39m:  Loaded Config File: development 
[2021-04-18 12:34:17] [32minfo[39m:  Try to Connect MongoDb: mongodb://localhost:27017/lms 
[2021-04-18 12:34:17] [32minfo[39m:  mongoose connection open to mongodb://localhost:27017/lms 
[2021-04-18 12:34:17] [32minfo[39m:  models are loading... 
[2021-04-18 12:34:17] [32minfo[39m:  app/modules/users/models/users.model.js 
[2021-04-18 12:34:20] [31merror[39m:  Cannot read property 'name' of undefined 
TypeError: Cannot read property 'name' of undefined
    at createUser (C:\Users\waleed\Source\CUI\Nodejs\14_REST\app\modules\users\controllers\user.controller.js:107:31)
    at Layer.handle [as handle_request] (C:\Users\waleed\Source\CUI\Nodejs\14_REST\node_modules\express\lib\router\layer.js:95:5)
    at next (C:\Users\waleed\Source\CUI\Nodejs\14_REST\node_modules\express\lib\router\route.js:137:13)
    at Route.dispatch (C:\Users\waleed\Source\CUI\Nodejs\14_REST\node_modules\express\lib\router\route.js:112:3)
    at Layer.handle [as handle_request] (C:\Users\waleed\Source\CUI\Nodejs\14_REST\node_modules\express\lib\router\layer.js:95:5)
    at C:\Users\waleed\Source\CUI\Nodejs\14_REST\node_modules\express\lib\router\index.js:281:22
    at Function.process_params (C:\Users\waleed\Source\CUI\Nodejs\14_REST\node_modules\express\lib\router\index.js:335:12)
    at next (C:\Users\waleed\Source\CUI\Nodejs\14_REST\node_modules\express\lib\router\index.js:275:10)
    at serveStatic (C:\Users\waleed\Source\CUI\Nodejs\14_REST\node_modules\serve-static\index.js:75:16)
    at Layer.handle [as handle_request] (C:\Users\waleed\Source\CUI\Nodejs\14_REST\node_modules\express\lib\router\layer.js:95:5)
    at trim_prefix (C:\Users\waleed\Source\CUI\Nodejs\14_REST\node_modules\express\lib\router\index.js:317:13)
    at C:\Users\waleed\Source\CUI\Nodejs\14_REST\node_modules\express\lib\router\index.js:284:7
    at Function.process_params (C:\Users\waleed\Source\CUI\Nodejs\14_REST\node_modules\express\lib\router\index.js:335:12)
    at next (C:\Users\waleed\Source\CUI\Nodejs\14_REST\node_modules\express\lib\router\index.js:275:10)
    at expressInit (C:\Users\waleed\Source\CUI\Nodejs\14_REST\node_modules\express\lib\middleware\init.js:40:5)
    at Layer.handle [as handle_request] (C:\Users\waleed\Source\CUI\Nodejs\14_REST\node_modules\express\lib\router\layer.js:95:5)
[2021-04-18 12:34:40] [31merror[39m:  Cannot read property 'name' of undefined 
TypeError: Cannot read property 'name' of undefined
    at createUser (C:\Users\waleed\Source\CUI\Nodejs\14_REST\app\modules\users\controllers\user.controller.js:107:31)
    at Layer.handle [as handle_request] (C:\Users\waleed\Source\CUI\Nodejs\14_REST\node_modules\express\lib\router\layer.js:95:5)
    at next (C:\Users\waleed\Source\CUI\Nodejs\14_REST\node_modules\express\lib\router\route.js:137:13)
    at Route.dispatch (C:\Users\waleed\Source\CUI\Nodejs\14_REST\node_modules\express\lib\router\route.js:112:3)
    at Layer.handle [as handle_request] (C:\Users\waleed\Source\CUI\Nodejs\14_REST\node_modules\express\lib\router\layer.js:95:5)
    at C:\Users\waleed\Source\CUI\Nodejs\14_REST\node_modules\express\lib\router\index.js:281:22
    at Function.process_params (C:\Users\waleed\Source\CUI\Nodejs\14_REST\node_modules\express\lib\router\index.js:335:12)
    at next (C:\Users\waleed\Source\CUI\Nodejs\14_REST\node_modules\express\lib\router\index.js:275:10)
    at serveStatic (C:\Users\waleed\Source\CUI\Nodejs\14_REST\node_modules\serve-static\index.js:75:16)
    at Layer.handle [as handle_request] (C:\Users\waleed\Source\CUI\Nodejs\14_REST\node_modules\express\lib\router\layer.js:95:5)
    at trim_prefix (C:\Users\waleed\Source\CUI\Nodejs\14_REST\node_modules\express\lib\router\index.js:317:13)
    at C:\Users\waleed\Source\CUI\Nodejs\14_REST\node_modules\express\lib\router\index.js:284:7
    at Function.process_params (C:\Users\waleed\Source\CUI\Nodejs\14_REST\node_modules\express\lib\router\index.js:335:12)
    at next (C:\Users\waleed\Source\CUI\Nodejs\14_REST\node_modules\express\lib\router\index.js:275:10)
    at expressInit (C:\Users\waleed\Source\CUI\Nodejs\14_REST\node_modules\express\lib\middleware\init.js:40:5)
    at Layer.handle [as handle_request] (C:\Users\waleed\Source\CUI\Nodejs\14_REST\node_modules\express\lib\router\layer.js:95:5)
[2021-04-18 12:35:01] [31merror[39m:  Cannot read property 'name' of undefined 
TypeError: Cannot read property 'name' of undefined
    at createUser (C:\Users\waleed\Source\CUI\Nodejs\14_REST\app\modules\users\controllers\user.controller.js:107:31)
    at Layer.handle [as handle_request] (C:\Users\waleed\Source\CUI\Nodejs\14_REST\node_modules\express\lib\router\layer.js:95:5)
    at next (C:\Users\waleed\Source\CUI\Nodejs\14_REST\node_modules\express\lib\router\route.js:137:13)
    at Route.dispatch (C:\Users\waleed\Source\CUI\Nodejs\14_REST\node_modules\express\lib\router\route.js:112:3)
    at Layer.handle [as handle_request] (C:\Users\waleed\Source\CUI\Nodejs\14_REST\node_modules\express\lib\router\layer.js:95:5)
    at C:\Users\waleed\Source\CUI\Nodejs\14_REST\node_modules\express\lib\router\index.js:281:22
    at Function.process_params (C:\Users\waleed\Source\CUI\Nodejs\14_REST\node_modules\express\lib\router\index.js:335:12)
    at next (C:\Users\waleed\Source\CUI\Nodejs\14_REST\node_modules\express\lib\router\index.js:275:10)
    at serveStatic (C:\Users\waleed\Source\CUI\Nodejs\14_REST\node_modules\serve-static\index.js:75:16)
    at Layer.handle [as handle_request] (C:\Users\waleed\Source\CUI\Nodejs\14_REST\node_modules\express\lib\router\layer.js:95:5)
    at trim_prefix (C:\Users\waleed\Source\CUI\Nodejs\14_REST\node_modules\express\lib\router\index.js:317:13)
    at C:\Users\waleed\Source\CUI\Nodejs\14_REST\node_modules\express\lib\router\index.js:284:7
    at Function.process_params (C:\Users\waleed\Source\CUI\Nodejs\14_REST\node_modules\express\lib\router\index.js:335:12)
    at next (C:\Users\waleed\Source\CUI\Nodejs\14_REST\node_modules\express\lib\router\index.js:275:10)
    at expressInit (C:\Users\waleed\Source\CUI\Nodejs\14_REST\node_modules\express\lib\middleware\init.js:40:5)
    at Layer.handle [as handle_request] (C:\Users\waleed\Source\CUI\Nodejs\14_REST\node_modules\express\lib\router\layer.js:95:5)
[2021-04-18 12:35:59] [31merror[39m:  Cannot read property 'name' of undefined 
TypeError: Cannot read property 'name' of undefined
    at createUser (C:\Users\waleed\Source\CUI\Nodejs\14_REST\app\modules\users\controllers\user.controller.js:107:31)
    at Layer.handle [as handle_request] (C:\Users\waleed\Source\CUI\Nodejs\14_REST\node_modules\express\lib\router\layer.js:95:5)
    at next (C:\Users\waleed\Source\CUI\Nodejs\14_REST\node_modules\express\lib\router\route.js:137:13)
    at Route.dispatch (C:\Users\waleed\Source\CUI\Nodejs\14_REST\node_modules\express\lib\router\route.js:112:3)
    at Layer.handle [as handle_request] (C:\Users\waleed\Source\CUI\Nodejs\14_REST\node_modules\express\lib\router\layer.js:95:5)
    at C:\Users\waleed\Source\CUI\Nodejs\14_REST\node_modules\express\lib\router\index.js:281:22
    at Function.process_params (C:\Users\waleed\Source\CUI\Nodejs\14_REST\node_modules\express\lib\router\index.js:335:12)
    at next (C:\Users\waleed\Source\CUI\Nodejs\14_REST\node_modules\express\lib\router\index.js:275:10)
    at serveStatic (C:\Users\waleed\Source\CUI\Nodejs\14_REST\node_modules\serve-static\index.js:75:16)
    at Layer.handle [as handle_request] (C:\Users\waleed\Source\CUI\Nodejs\14_REST\node_modules\express\lib\router\layer.js:95:5)
    at trim_prefix (C:\Users\waleed\Source\CUI\Nodejs\14_REST\node_modules\express\lib\router\index.js:317:13)
    at C:\Users\waleed\Source\CUI\Nodejs\14_REST\node_modules\express\lib\router\index.js:284:7
    at Function.process_params (C:\Users\waleed\Source\CUI\Nodejs\14_REST\node_modules\express\lib\router\index.js:335:12)
    at next (C:\Users\waleed\Source\CUI\Nodejs\14_REST\node_modules\express\lib\router\index.js:275:10)
    at expressInit (C:\Users\waleed\Source\CUI\Nodejs\14_REST\node_modules\express\lib\middleware\init.js:40:5)
    at Layer.handle [as handle_request] (C:\Users\waleed\Source\CUI\Nodejs\14_REST\node_modules\express\lib\router\layer.js:95:5)
[2021-04-18 12:38:24] [31merror[39m:  Cannot read property 'name' of undefined 
TypeError: Cannot read property 'name' of undefined
    at createUser (C:\Users\waleed\Source\CUI\Nodejs\14_REST\app\modules\users\controllers\user.controller.js:107:31)
    at Layer.handle [as handle_request] (C:\Users\waleed\Source\CUI\Nodejs\14_REST\node_modules\express\lib\router\layer.js:95:5)
    at next (C:\Users\waleed\Source\CUI\Nodejs\14_REST\node_modules\express\lib\router\route.js:137:13)
    at Route.dispatch (C:\Users\waleed\Source\CUI\Nodejs\14_REST\node_modules\express\lib\router\route.js:112:3)
    at Layer.handle [as handle_request] (C:\Users\waleed\Source\CUI\Nodejs\14_REST\node_modules\express\lib\router\layer.js:95:5)
    at C:\Users\waleed\Source\CUI\Nodejs\14_REST\node_modules\express\lib\router\index.js:281:22
    at Function.process_params (C:\Users\waleed\Source\CUI\Nodejs\14_REST\node_modules\express\lib\router\index.js:335:12)
    at next (C:\Users\waleed\Source\CUI\Nodejs\14_REST\node_modules\express\lib\router\index.js:275:10)
    at serveStatic (C:\Users\waleed\Source\CUI\Nodejs\14_REST\node_modules\serve-static\index.js:75:16)
    at Layer.handle [as handle_request] (C:\Users\waleed\Source\CUI\Nodejs\14_REST\node_modules\express\lib\router\layer.js:95:5)
    at trim_prefix (C:\Users\waleed\Source\CUI\Nodejs\14_REST\node_modules\express\lib\router\index.js:317:13)
    at C:\Users\waleed\Source\CUI\Nodejs\14_REST\node_modules\express\lib\router\index.js:284:7
    at Function.process_params (C:\Users\waleed\Source\CUI\Nodejs\14_REST\node_modules\express\lib\router\index.js:335:12)
    at next (C:\Users\waleed\Source\CUI\Nodejs\14_REST\node_modules\express\lib\router\index.js:275:10)
    at expressInit (C:\Users\waleed\Source\CUI\Nodejs\14_REST\node_modules\express\lib\middleware\init.js:40:5)
    at Layer.handle [as handle_request] (C:\Users\waleed\Source\CUI\Nodejs\14_REST\node_modules\express\lib\router\layer.js:95:5)
[2021-04-18 13:11:14] [32minfo[39m:  Loaded Config File: development 
[2021-04-18 13:11:14] [32minfo[39m:  Try to Connect MongoDb: mongodb://localhost:27017/lms 
[2021-04-18 13:11:14] [32minfo[39m:  mongoose connection open to mongodb://localhost:27017/lms 
[2021-04-18 13:11:14] [32minfo[39m:  models are loading... 
[2021-04-18 13:11:14] [32minfo[39m:  app/modules/users/models/users.model.js 
[2021-04-18 13:20:13] [31merror[39m:  Cannot read property 'name' of undefined 
TypeError: Cannot read property 'name' of undefined
    at createUser (C:\Users\waleed\Source\CUI\Nodejs\14_REST\app\modules\users\controllers\user.controller.js:107:31)
    at Layer.handle [as handle_request] (C:\Users\waleed\Source\CUI\Nodejs\14_REST\node_modules\express\lib\router\layer.js:95:5)
    at next (C:\Users\waleed\Source\CUI\Nodejs\14_REST\node_modules\express\lib\router\route.js:137:13)
    at Route.dispatch (C:\Users\waleed\Source\CUI\Nodejs\14_REST\node_modules\express\lib\router\route.js:112:3)
    at Layer.handle [as handle_request] (C:\Users\waleed\Source\CUI\Nodejs\14_REST\node_modules\express\lib\router\layer.js:95:5)
    at C:\Users\waleed\Source\CUI\Nodejs\14_REST\node_modules\express\lib\router\index.js:281:22
    at Function.process_params (C:\Users\waleed\Source\CUI\Nodejs\14_REST\node_modules\express\lib\router\index.js:335:12)
    at next (C:\Users\waleed\Source\CUI\Nodejs\14_REST\node_modules\express\lib\router\index.js:275:10)
    at serveStatic (C:\Users\waleed\Source\CUI\Nodejs\14_REST\node_modules\serve-static\index.js:75:16)
    at Layer.handle [as handle_request] (C:\Users\waleed\Source\CUI\Nodejs\14_REST\node_modules\express\lib\router\layer.js:95:5)
    at trim_prefix (C:\Users\waleed\Source\CUI\Nodejs\14_REST\node_modules\express\lib\router\index.js:317:13)
    at C:\Users\waleed\Source\CUI\Nodejs\14_REST\node_modules\express\lib\router\index.js:284:7
    at Function.process_params (C:\Users\waleed\Source\CUI\Nodejs\14_REST\node_modules\express\lib\router\index.js:335:12)
    at next (C:\Users\waleed\Source\CUI\Nodejs\14_REST\node_modules\express\lib\router\index.js:275:10)
    at expressInit (C:\Users\waleed\Source\CUI\Nodejs\14_REST\node_modules\express\lib\middleware\init.js:40:5)
    at Layer.handle [as handle_request] (C:\Users\waleed\Source\CUI\Nodejs\14_REST\node_modules\express\lib\router\layer.js:95:5)
[2021-04-18 13:26:01] [32minfo[39m:  Loaded Config File: development 
[2021-04-18 13:26:01] [32minfo[39m:  Try to Connect MongoDb: mongodb://localhost:27017/lms 
[2021-04-18 13:26:01] [32minfo[39m:  mongoose connection open to mongodb://localhost:27017/lms 
[2021-04-18 13:26:01] [32minfo[39m:  models are loading... 
[2021-04-18 13:26:01] [32minfo[39m:  app/modules/users/models/users.model.js 
[2021-04-18 13:26:45] [32minfo[39m:  Loaded Config File: development 
[2021-04-18 13:26:45] [32minfo[39m:  Try to Connect MongoDb: mongodb://localhost:27017/lms 
[2021-04-18 13:26:45] [32minfo[39m:  mongoose connection open to mongodb://localhost:27017/lms 
[2021-04-18 13:26:45] [32minfo[39m:  models are loading... 
[2021-04-18 13:26:45] [32minfo[39m:  app/modules/users/models/users.model.js 
[2021-04-18 13:26:50] [31merror[39m:  Cannot read property 'name' of undefined 
TypeError: Cannot read property 'name' of undefined
    at createUser (C:\Users\waleed\Source\CUI\Nodejs\14_REST\app\modules\users\controllers\user.controller.js:107:31)
    at Layer.handle [as handle_request] (C:\Users\waleed\Source\CUI\Nodejs\14_REST\node_modules\express\lib\router\layer.js:95:5)
    at next (C:\Users\waleed\Source\CUI\Nodejs\14_REST\node_modules\express\lib\router\route.js:137:13)
    at Route.dispatch (C:\Users\waleed\Source\CUI\Nodejs\14_REST\node_modules\express\lib\router\route.js:112:3)
    at Layer.handle [as handle_request] (C:\Users\waleed\Source\CUI\Nodejs\14_REST\node_modules\express\lib\router\layer.js:95:5)
    at C:\Users\waleed\Source\CUI\Nodejs\14_REST\node_modules\express\lib\router\index.js:281:22
    at Function.process_params (C:\Users\waleed\Source\CUI\Nodejs\14_REST\node_modules\express\lib\router\index.js:335:12)
    at next (C:\Users\waleed\Source\CUI\Nodejs\14_REST\node_modules\express\lib\router\index.js:275:10)
    at serveStatic (C:\Users\waleed\Source\CUI\Nodejs\14_REST\node_modules\serve-static\index.js:75:16)
    at Layer.handle [as handle_request] (C:\Users\waleed\Source\CUI\Nodejs\14_REST\node_modules\express\lib\router\layer.js:95:5)
    at trim_prefix (C:\Users\waleed\Source\CUI\Nodejs\14_REST\node_modules\express\lib\router\index.js:317:13)
    at C:\Users\waleed\Source\CUI\Nodejs\14_REST\node_modules\express\lib\router\index.js:284:7
    at Function.process_params (C:\Users\waleed\Source\CUI\Nodejs\14_REST\node_modules\express\lib\router\index.js:335:12)
    at next (C:\Users\waleed\Source\CUI\Nodejs\14_REST\node_modules\express\lib\router\index.js:275:10)
    at expressInit (C:\Users\waleed\Source\CUI\Nodejs\14_REST\node_modules\express\lib\middleware\init.js:40:5)
    at Layer.handle [as handle_request] (C:\Users\waleed\Source\CUI\Nodejs\14_REST\node_modules\express\lib\router\layer.js:95:5)
[2021-04-18 13:28:09] [32minfo[39m:  Loaded Config File: development 
[2021-04-18 13:28:09] [32minfo[39m:  Try to Connect MongoDb: mongodb://localhost:27017/lms 
[2021-04-18 13:28:09] [32minfo[39m:  mongoose connection open to mongodb://localhost:27017/lms 
[2021-04-18 13:28:09] [32minfo[39m:  models are loading... 
[2021-04-18 13:28:44] [32minfo[39m:  Loaded Config File: development 
[2021-04-18 13:28:44] [32minfo[39m:  Try to Connect MongoDb: mongodb://localhost:27017/lms 
[2021-04-18 13:28:45] [32minfo[39m:  mongoose connection open to mongodb://localhost:27017/lms 
[2021-04-18 13:28:45] [32minfo[39m:  models are loading... 
[2021-04-18 13:28:53] [32minfo[39m:  Loaded Config File: development 
[2021-04-18 13:28:53] [32minfo[39m:  Try to Connect MongoDb: mongodb://localhost:27017/lms 
[2021-04-18 13:28:53] [32minfo[39m:  mongoose connection open to mongodb://localhost:27017/lms 
[2021-04-18 13:28:53] [32minfo[39m:  models are loading... 
[2021-04-18 13:28:53] [32minfo[39m:  app/modules/users/models/users.model.js 
[2021-04-18 13:32:38] [32minfo[39m:  Loaded Config File: development 
[2021-04-18 13:32:38] [32minfo[39m:  Try to Connect MongoDb: mongodb://localhost:27017/lms 
[2021-04-18 13:32:38] [32minfo[39m:  mongoose connection open to mongodb://localhost:27017/lms 
[2021-04-18 13:32:38] [32minfo[39m:  models are loading... 
[2021-04-18 13:32:38] [32minfo[39m:  app/modules/users/models/users.model.js 
[2021-04-18 13:32:38] [32minfo[39m:  error messages are loading... 
[2021-04-18 13:35:11] [32minfo[39m:  Loaded Config File: development 
[2021-04-18 13:35:11] [32minfo[39m:  Try to Connect MongoDb: mongodb://localhost:27017/lms 
[2021-04-18 13:35:11] [32minfo[39m:  mongoose connection open to mongodb://localhost:27017/lms 
[2021-04-18 13:35:11] [32minfo[39m:  models are loading... 
[2021-04-18 13:35:28] [32minfo[39m:  Loaded Config File: development 
[2021-04-18 13:35:28] [32minfo[39m:  Try to Connect MongoDb: mongodb://localhost:27017/lms 
[2021-04-18 13:35:28] [32minfo[39m:  mongoose connection open to mongodb://localhost:27017/lms 
[2021-04-18 13:35:28] [32minfo[39m:  models are loading... 
[2021-04-18 13:36:04] [32minfo[39m:  Loaded Config File: development 
[2021-04-18 13:36:04] [32minfo[39m:  Try to Connect MongoDb: mongodb://localhost:27017/lms 
[2021-04-18 13:36:04] [32minfo[39m:  mongoose connection open to mongodb://localhost:27017/lms 
[2021-04-18 13:36:04] [32minfo[39m:  models are loading... 
[2021-04-18 13:36:05] [32minfo[39m:  app/modules/users/models/users.model.js 
[2021-04-18 13:36:05] [32minfo[39m:  error messages are loading... 
[2021-04-18 13:36:05] [32minfo[39m:  app/modules/users/errors/user.error.json is loaded 
[2021-04-18 13:36:10] [31merror[39m:  Cannot read property 'name' of undefined 
TypeError: Cannot read property 'name' of undefined
    at createUser (C:\Users\waleed\Source\CUI\Nodejs\14_REST\app\modules\users\controllers\user.controller.js:107:31)
    at Layer.handle [as handle_request] (C:\Users\waleed\Source\CUI\Nodejs\14_REST\node_modules\express\lib\router\layer.js:95:5)
    at next (C:\Users\waleed\Source\CUI\Nodejs\14_REST\node_modules\express\lib\router\route.js:137:13)
    at Route.dispatch (C:\Users\waleed\Source\CUI\Nodejs\14_REST\node_modules\express\lib\router\route.js:112:3)
    at Layer.handle [as handle_request] (C:\Users\waleed\Source\CUI\Nodejs\14_REST\node_modules\express\lib\router\layer.js:95:5)
    at C:\Users\waleed\Source\CUI\Nodejs\14_REST\node_modules\express\lib\router\index.js:281:22
    at Function.process_params (C:\Users\waleed\Source\CUI\Nodejs\14_REST\node_modules\express\lib\router\index.js:335:12)
    at next (C:\Users\waleed\Source\CUI\Nodejs\14_REST\node_modules\express\lib\router\index.js:275:10)
    at serveStatic (C:\Users\waleed\Source\CUI\Nodejs\14_REST\node_modules\serve-static\index.js:75:16)
    at Layer.handle [as handle_request] (C:\Users\waleed\Source\CUI\Nodejs\14_REST\node_modules\express\lib\router\layer.js:95:5)
    at trim_prefix (C:\Users\waleed\Source\CUI\Nodejs\14_REST\node_modules\express\lib\router\index.js:317:13)
    at C:\Users\waleed\Source\CUI\Nodejs\14_REST\node_modules\express\lib\router\index.js:284:7
    at Function.process_params (C:\Users\waleed\Source\CUI\Nodejs\14_REST\node_modules\express\lib\router\index.js:335:12)
    at next (C:\Users\waleed\Source\CUI\Nodejs\14_REST\node_modules\express\lib\router\index.js:275:10)
    at expressInit (C:\Users\waleed\Source\CUI\Nodejs\14_REST\node_modules\express\lib\middleware\init.js:40:5)
    at Layer.handle [as handle_request] (C:\Users\waleed\Source\CUI\Nodejs\14_REST\node_modules\express\lib\router\layer.js:95:5)
