[2021-04-18 12:33:53] [31merror[39m:  Cannot read property 'name' of undefined 
TypeError: Cannot read property 'name' of undefined
    at createUser (C:\Users\waleed\Source\CUI\Nodejs\14_REST\app\modules\users\controllers\user.controller.js:107:31)
    at Layer.handle [as handle_request] (C:\Users\waleed\Source\CUI\Nodejs\14_REST\node_modules\express\lib\router\layer.js:95:5)
    at next (C:\Users\waleed\Source\CUI\Nodejs\14_REST\node_modules\express\lib\router\route.js:137:13)
    at Route.dispatch (C:\Users\waleed\Source\CUI\Nodejs\14_REST\node_modules\express\lib\router\route.js:112:3)
    at Layer.handle [as handle_request] (C:\Users\waleed\Source\CUI\Nodejs\14_REST\node_modules\express\lib\router\layer.js:95:5)
    at C:\Users\waleed\Source\CUI\Nodejs\14_REST\node_modules\express\lib\router\index.js:281:22
    at Function.process_params (C:\Users\waleed\Source\CUI\Nodejs\14_REST\node_modules\express\lib\router\index.js:335:12)
    at next (C:\Users\waleed\Source\CUI\Nodejs\14_REST\node_modules\express\lib\router\index.js:275:10)
    at serveStatic (C:\Users\waleed\Source\CUI\Nodejs\14_REST\node_modules\serve-static\index.js:75:16)
    at Layer.handle [as handle_request] (C:\Users\waleed\Source\CUI\Nodejs\14_REST\node_modules\express\lib\router\layer.js:95:5)
    at trim_prefix (C:\Users\waleed\Source\CUI\Nodejs\14_REST\node_modules\express\lib\router\index.js:317:13)
    at C:\Users\waleed\Source\CUI\Nodejs\14_REST\node_modules\express\lib\router\index.js:284:7
    at Function.process_params (C:\Users\waleed\Source\CUI\Nodejs\14_REST\node_modules\express\lib\router\index.js:335:12)
    at next (C:\Users\waleed\Source\CUI\Nodejs\14_REST\node_modules\express\lib\router\index.js:275:10)
    at expressInit (C:\Users\waleed\Source\CUI\Nodejs\14_REST\node_modules\express\lib\middleware\init.js:40:5)
    at Layer.handle [as handle_request] (C:\Users\waleed\Source\CUI\Nodejs\14_REST\node_modules\express\lib\router\layer.js:95:5)
[2021-04-18 12:34:20] [31merror[39m:  Cannot read property 'name' of undefined 
TypeError: Cannot read property 'name' of undefined
    at createUser (C:\Users\waleed\Source\CUI\Nodejs\14_REST\app\modules\users\controllers\user.controller.js:107:31)
    at Layer.handle [as handle_request] (C:\Users\waleed\Source\CUI\Nodejs\14_REST\node_modules\express\lib\router\layer.js:95:5)
    at next (C:\Users\waleed\Source\CUI\Nodejs\14_REST\node_modules\express\lib\router\route.js:137:13)
    at Route.dispatch (C:\Users\waleed\Source\CUI\Nodejs\14_REST\node_modules\express\lib\router\route.js:112:3)
    at Layer.handle [as handle_request] (C:\Users\waleed\Source\CUI\Nodejs\14_REST\node_modules\express\lib\router\layer.js:95:5)
    at C:\Users\waleed\Source\CUI\Nodejs\14_REST\node_modules\express\lib\router\index.js:281:22
    at Function.process_params (C:\Users\waleed\Source\CUI\Nodejs\14_REST\node_modules\express\lib\router\index.js:335:12)
    at next (C:\Users\waleed\Source\CUI\Nodejs\14_REST\node_modules\express\lib\router\index.js:275:10)
    at serveStatic (C:\Users\waleed\Source\CUI\Nodejs\14_REST\node_modules\serve-static\index.js:75:16)
    at Layer.handle [as handle_request] (C:\Users\waleed\Source\CUI\Nodejs\14_REST\node_modules\express\lib\router\layer.js:95:5)
    at trim_prefix (C:\Users\waleed\Source\CUI\Nodejs\14_REST\node_modules\express\lib\router\index.js:317:13)
    at C:\Users\waleed\Source\CUI\Nodejs\14_REST\node_modules\express\lib\router\index.js:284:7
    at Function.process_params (C:\Users\waleed\Source\CUI\Nodejs\14_REST\node_modules\express\lib\router\index.js:335:12)
    at next (C:\Users\waleed\Source\CUI\Nodejs\14_REST\node_modules\express\lib\router\index.js:275:10)
    at expressInit (C:\Users\waleed\Source\CUI\Nodejs\14_REST\node_modules\express\lib\middleware\init.js:40:5)
    at Layer.handle [as handle_request] (C:\Users\waleed\Source\CUI\Nodejs\14_REST\node_modules\express\lib\router\layer.js:95:5)
[2021-04-18 12:34:40] [31merror[39m:  Cannot read property 'name' of undefined 
TypeError: Cannot read property 'name' of undefined
    at createUser (C:\Users\waleed\Source\CUI\Nodejs\14_REST\app\modules\users\controllers\user.controller.js:107:31)
    at Layer.handle [as handle_request] (C:\Users\waleed\Source\CUI\Nodejs\14_REST\node_modules\express\lib\router\layer.js:95:5)
    at next (C:\Users\waleed\Source\CUI\Nodejs\14_REST\node_modules\express\lib\router\route.js:137:13)
    at Route.dispatch (C:\Users\waleed\Source\CUI\Nodejs\14_REST\node_modules\express\lib\router\route.js:112:3)
    at Layer.handle [as handle_request] (C:\Users\waleed\Source\CUI\Nodejs\14_REST\node_modules\express\lib\router\layer.js:95:5)
    at C:\Users\waleed\Source\CUI\Nodejs\14_REST\node_modules\express\lib\router\index.js:281:22
    at Function.process_params (C:\Users\waleed\Source\CUI\Nodejs\14_REST\node_modules\express\lib\router\index.js:335:12)
    at next (C:\Users\waleed\Source\CUI\Nodejs\14_REST\node_modules\express\lib\router\index.js:275:10)
    at serveStatic (C:\Users\waleed\Source\CUI\Nodejs\14_REST\node_modules\serve-static\index.js:75:16)
    at Layer.handle [as handle_request] (C:\Users\waleed\Source\CUI\Nodejs\14_REST\node_modules\express\lib\router\layer.js:95:5)
    at trim_prefix (C:\Users\waleed\Source\CUI\Nodejs\14_REST\node_modules\express\lib\router\index.js:317:13)
    at C:\Users\waleed\Source\CUI\Nodejs\14_REST\node_modules\express\lib\router\index.js:284:7
    at Function.process_params (C:\Users\waleed\Source\CUI\Nodejs\14_REST\node_modules\express\lib\router\index.js:335:12)
    at next (C:\Users\waleed\Source\CUI\Nodejs\14_REST\node_modules\express\lib\router\index.js:275:10)
    at expressInit (C:\Users\waleed\Source\CUI\Nodejs\14_REST\node_modules\express\lib\middleware\init.js:40:5)
    at Layer.handle [as handle_request] (C:\Users\waleed\Source\CUI\Nodejs\14_REST\node_modules\express\lib\router\layer.js:95:5)
[2021-04-18 12:35:01] [31merror[39m:  Cannot read property 'name' of undefined 
TypeError: Cannot read property 'name' of undefined
    at createUser (C:\Users\waleed\Source\CUI\Nodejs\14_REST\app\modules\users\controllers\user.controller.js:107:31)
    at Layer.handle [as handle_request] (C:\Users\waleed\Source\CUI\Nodejs\14_REST\node_modules\express\lib\router\layer.js:95:5)
    at next (C:\Users\waleed\Source\CUI\Nodejs\14_REST\node_modules\express\lib\router\route.js:137:13)
    at Route.dispatch (C:\Users\waleed\Source\CUI\Nodejs\14_REST\node_modules\express\lib\router\route.js:112:3)
    at Layer.handle [as handle_request] (C:\Users\waleed\Source\CUI\Nodejs\14_REST\node_modules\express\lib\router\layer.js:95:5)
    at C:\Users\waleed\Source\CUI\Nodejs\14_REST\node_modules\express\lib\router\index.js:281:22
    at Function.process_params (C:\Users\waleed\Source\CUI\Nodejs\14_REST\node_modules\express\lib\router\index.js:335:12)
    at next (C:\Users\waleed\Source\CUI\Nodejs\14_REST\node_modules\express\lib\router\index.js:275:10)
    at serveStatic (C:\Users\waleed\Source\CUI\Nodejs\14_REST\node_modules\serve-static\index.js:75:16)
    at Layer.handle [as handle_request] (C:\Users\waleed\Source\CUI\Nodejs\14_REST\node_modules\express\lib\router\layer.js:95:5)
    at trim_prefix (C:\Users\waleed\Source\CUI\Nodejs\14_REST\node_modules\express\lib\router\index.js:317:13)
    at C:\Users\waleed\Source\CUI\Nodejs\14_REST\node_modules\express\lib\router\index.js:284:7
    at Function.process_params (C:\Users\waleed\Source\CUI\Nodejs\14_REST\node_modules\express\lib\router\index.js:335:12)
    at next (C:\Users\waleed\Source\CUI\Nodejs\14_REST\node_modules\express\lib\router\index.js:275:10)
    at expressInit (C:\Users\waleed\Source\CUI\Nodejs\14_REST\node_modules\express\lib\middleware\init.js:40:5)
    at Layer.handle [as handle_request] (C:\Users\waleed\Source\CUI\Nodejs\14_REST\node_modules\express\lib\router\layer.js:95:5)
[2021-04-18 12:35:59] [31merror[39m:  Cannot read property 'name' of undefined 
TypeError: Cannot read property 'name' of undefined
    at createUser (C:\Users\waleed\Source\CUI\Nodejs\14_REST\app\modules\users\controllers\user.controller.js:107:31)
    at Layer.handle [as handle_request] (C:\Users\waleed\Source\CUI\Nodejs\14_REST\node_modules\express\lib\router\layer.js:95:5)
    at next (C:\Users\waleed\Source\CUI\Nodejs\14_REST\node_modules\express\lib\router\route.js:137:13)
    at Route.dispatch (C:\Users\waleed\Source\CUI\Nodejs\14_REST\node_modules\express\lib\router\route.js:112:3)
    at Layer.handle [as handle_request] (C:\Users\waleed\Source\CUI\Nodejs\14_REST\node_modules\express\lib\router\layer.js:95:5)
    at C:\Users\waleed\Source\CUI\Nodejs\14_REST\node_modules\express\lib\router\index.js:281:22
    at Function.process_params (C:\Users\waleed\Source\CUI\Nodejs\14_REST\node_modules\express\lib\router\index.js:335:12)
    at next (C:\Users\waleed\Source\CUI\Nodejs\14_REST\node_modules\express\lib\router\index.js:275:10)
    at serveStatic (C:\Users\waleed\Source\CUI\Nodejs\14_REST\node_modules\serve-static\index.js:75:16)
    at Layer.handle [as handle_request] (C:\Users\waleed\Source\CUI\Nodejs\14_REST\node_modules\express\lib\router\layer.js:95:5)
    at trim_prefix (C:\Users\waleed\Source\CUI\Nodejs\14_REST\node_modules\express\lib\router\index.js:317:13)
    at C:\Users\waleed\Source\CUI\Nodejs\14_REST\node_modules\express\lib\router\index.js:284:7
    at Function.process_params (C:\Users\waleed\Source\CUI\Nodejs\14_REST\node_modules\express\lib\router\index.js:335:12)
    at next (C:\Users\waleed\Source\CUI\Nodejs\14_REST\node_modules\express\lib\router\index.js:275:10)
    at expressInit (C:\Users\waleed\Source\CUI\Nodejs\14_REST\node_modules\express\lib\middleware\init.js:40:5)
    at Layer.handle [as handle_request] (C:\Users\waleed\Source\CUI\Nodejs\14_REST\node_modules\express\lib\router\layer.js:95:5)
[2021-04-18 12:38:24] [31merror[39m:  Cannot read property 'name' of undefined 
TypeError: Cannot read property 'name' of undefined
    at createUser (C:\Users\waleed\Source\CUI\Nodejs\14_REST\app\modules\users\controllers\user.controller.js:107:31)
    at Layer.handle [as handle_request] (C:\Users\waleed\Source\CUI\Nodejs\14_REST\node_modules\express\lib\router\layer.js:95:5)
    at next (C:\Users\waleed\Source\CUI\Nodejs\14_REST\node_modules\express\lib\router\route.js:137:13)
    at Route.dispatch (C:\Users\waleed\Source\CUI\Nodejs\14_REST\node_modules\express\lib\router\route.js:112:3)
    at Layer.handle [as handle_request] (C:\Users\waleed\Source\CUI\Nodejs\14_REST\node_modules\express\lib\router\layer.js:95:5)
    at C:\Users\waleed\Source\CUI\Nodejs\14_REST\node_modules\express\lib\router\index.js:281:22
    at Function.process_params (C:\Users\waleed\Source\CUI\Nodejs\14_REST\node_modules\express\lib\router\index.js:335:12)
    at next (C:\Users\waleed\Source\CUI\Nodejs\14_REST\node_modules\express\lib\router\index.js:275:10)
    at serveStatic (C:\Users\waleed\Source\CUI\Nodejs\14_REST\node_modules\serve-static\index.js:75:16)
    at Layer.handle [as handle_request] (C:\Users\waleed\Source\CUI\Nodejs\14_REST\node_modules\express\lib\router\layer.js:95:5)
    at trim_prefix (C:\Users\waleed\Source\CUI\Nodejs\14_REST\node_modules\express\lib\router\index.js:317:13)
    at C:\Users\waleed\Source\CUI\Nodejs\14_REST\node_modules\express\lib\router\index.js:284:7
    at Function.process_params (C:\Users\waleed\Source\CUI\Nodejs\14_REST\node_modules\express\lib\router\index.js:335:12)
    at next (C:\Users\waleed\Source\CUI\Nodejs\14_REST\node_modules\express\lib\router\index.js:275:10)
    at expressInit (C:\Users\waleed\Source\CUI\Nodejs\14_REST\node_modules\express\lib\middleware\init.js:40:5)
    at Layer.handle [as handle_request] (C:\Users\waleed\Source\CUI\Nodejs\14_REST\node_modules\express\lib\router\layer.js:95:5)
[2021-04-18 13:20:13] [31merror[39m:  Cannot read property 'name' of undefined 
TypeError: Cannot read property 'name' of undefined
    at createUser (C:\Users\waleed\Source\CUI\Nodejs\14_REST\app\modules\users\controllers\user.controller.js:107:31)
    at Layer.handle [as handle_request] (C:\Users\waleed\Source\CUI\Nodejs\14_REST\node_modules\express\lib\router\layer.js:95:5)
    at next (C:\Users\waleed\Source\CUI\Nodejs\14_REST\node_modules\express\lib\router\route.js:137:13)
    at Route.dispatch (C:\Users\waleed\Source\CUI\Nodejs\14_REST\node_modules\express\lib\router\route.js:112:3)
    at Layer.handle [as handle_request] (C:\Users\waleed\Source\CUI\Nodejs\14_REST\node_modules\express\lib\router\layer.js:95:5)
    at C:\Users\waleed\Source\CUI\Nodejs\14_REST\node_modules\express\lib\router\index.js:281:22
    at Function.process_params (C:\Users\waleed\Source\CUI\Nodejs\14_REST\node_modules\express\lib\router\index.js:335:12)
    at next (C:\Users\waleed\Source\CUI\Nodejs\14_REST\node_modules\express\lib\router\index.js:275:10)
    at serveStatic (C:\Users\waleed\Source\CUI\Nodejs\14_REST\node_modules\serve-static\index.js:75:16)
    at Layer.handle [as handle_request] (C:\Users\waleed\Source\CUI\Nodejs\14_REST\node_modules\express\lib\router\layer.js:95:5)
    at trim_prefix (C:\Users\waleed\Source\CUI\Nodejs\14_REST\node_modules\express\lib\router\index.js:317:13)
    at C:\Users\waleed\Source\CUI\Nodejs\14_REST\node_modules\express\lib\router\index.js:284:7
    at Function.process_params (C:\Users\waleed\Source\CUI\Nodejs\14_REST\node_modules\express\lib\router\index.js:335:12)
    at next (C:\Users\waleed\Source\CUI\Nodejs\14_REST\node_modules\express\lib\router\index.js:275:10)
    at expressInit (C:\Users\waleed\Source\CUI\Nodejs\14_REST\node_modules\express\lib\middleware\init.js:40:5)
    at Layer.handle [as handle_request] (C:\Users\waleed\Source\CUI\Nodejs\14_REST\node_modules\express\lib\router\layer.js:95:5)
[2021-04-18 13:26:50] [31merror[39m:  Cannot read property 'name' of undefined 
TypeError: Cannot read property 'name' of undefined
    at createUser (C:\Users\waleed\Source\CUI\Nodejs\14_REST\app\modules\users\controllers\user.controller.js:107:31)
    at Layer.handle [as handle_request] (C:\Users\waleed\Source\CUI\Nodejs\14_REST\node_modules\express\lib\router\layer.js:95:5)
    at next (C:\Users\waleed\Source\CUI\Nodejs\14_REST\node_modules\express\lib\router\route.js:137:13)
    at Route.dispatch (C:\Users\waleed\Source\CUI\Nodejs\14_REST\node_modules\express\lib\router\route.js:112:3)
    at Layer.handle [as handle_request] (C:\Users\waleed\Source\CUI\Nodejs\14_REST\node_modules\express\lib\router\layer.js:95:5)
    at C:\Users\waleed\Source\CUI\Nodejs\14_REST\node_modules\express\lib\router\index.js:281:22
    at Function.process_params (C:\Users\waleed\Source\CUI\Nodejs\14_REST\node_modules\express\lib\router\index.js:335:12)
    at next (C:\Users\waleed\Source\CUI\Nodejs\14_REST\node_modules\express\lib\router\index.js:275:10)
    at serveStatic (C:\Users\waleed\Source\CUI\Nodejs\14_REST\node_modules\serve-static\index.js:75:16)
    at Layer.handle [as handle_request] (C:\Users\waleed\Source\CUI\Nodejs\14_REST\node_modules\express\lib\router\layer.js:95:5)
    at trim_prefix (C:\Users\waleed\Source\CUI\Nodejs\14_REST\node_modules\express\lib\router\index.js:317:13)
    at C:\Users\waleed\Source\CUI\Nodejs\14_REST\node_modules\express\lib\router\index.js:284:7
    at Function.process_params (C:\Users\waleed\Source\CUI\Nodejs\14_REST\node_modules\express\lib\router\index.js:335:12)
    at next (C:\Users\waleed\Source\CUI\Nodejs\14_REST\node_modules\express\lib\router\index.js:275:10)
    at expressInit (C:\Users\waleed\Source\CUI\Nodejs\14_REST\node_modules\express\lib\middleware\init.js:40:5)
    at Layer.handle [as handle_request] (C:\Users\waleed\Source\CUI\Nodejs\14_REST\node_modules\express\lib\router\layer.js:95:5)
[2021-04-18 13:36:10] [31merror[39m:  Cannot read property 'name' of undefined 
TypeError: Cannot read property 'name' of undefined
    at createUser (C:\Users\waleed\Source\CUI\Nodejs\14_REST\app\modules\users\controllers\user.controller.js:107:31)
    at Layer.handle [as handle_request] (C:\Users\waleed\Source\CUI\Nodejs\14_REST\node_modules\express\lib\router\layer.js:95:5)
    at next (C:\Users\waleed\Source\CUI\Nodejs\14_REST\node_modules\express\lib\router\route.js:137:13)
    at Route.dispatch (C:\Users\waleed\Source\CUI\Nodejs\14_REST\node_modules\express\lib\router\route.js:112:3)
    at Layer.handle [as handle_request] (C:\Users\waleed\Source\CUI\Nodejs\14_REST\node_modules\express\lib\router\layer.js:95:5)
    at C:\Users\waleed\Source\CUI\Nodejs\14_REST\node_modules\express\lib\router\index.js:281:22
    at Function.process_params (C:\Users\waleed\Source\CUI\Nodejs\14_REST\node_modules\express\lib\router\index.js:335:12)
    at next (C:\Users\waleed\Source\CUI\Nodejs\14_REST\node_modules\express\lib\router\index.js:275:10)
    at serveStatic (C:\Users\waleed\Source\CUI\Nodejs\14_REST\node_modules\serve-static\index.js:75:16)
    at Layer.handle [as handle_request] (C:\Users\waleed\Source\CUI\Nodejs\14_REST\node_modules\express\lib\router\layer.js:95:5)
    at trim_prefix (C:\Users\waleed\Source\CUI\Nodejs\14_REST\node_modules\express\lib\router\index.js:317:13)
    at C:\Users\waleed\Source\CUI\Nodejs\14_REST\node_modules\express\lib\router\index.js:284:7
    at Function.process_params (C:\Users\waleed\Source\CUI\Nodejs\14_REST\node_modules\express\lib\router\index.js:335:12)
    at next (C:\Users\waleed\Source\CUI\Nodejs\14_REST\node_modules\express\lib\router\index.js:275:10)
    at expressInit (C:\Users\waleed\Source\CUI\Nodejs\14_REST\node_modules\express\lib\middleware\init.js:40:5)
    at Layer.handle [as handle_request] (C:\Users\waleed\Source\CUI\Nodejs\14_REST\node_modules\express\lib\router\layer.js:95:5)
[2021-04-18 13:48:55] [31merror[39m:  [object Object] 
[2021-04-18 13:49:44] [31merror[39m:  [object Object] 
[2021-04-18 13:51:35] [31merror[39m:  Cannot read property 'name' of undefined 
TypeError: Cannot read property 'name' of undefined
    at createUser (C:\Users\waleed\Source\CUI\Nodejs\14_REST\app\modules\users\controllers\user.controller.js:107:31)
    at Layer.handle [as handle_request] (C:\Users\waleed\Source\CUI\Nodejs\14_REST\node_modules\express\lib\router\layer.js:95:5)
    at next (C:\Users\waleed\Source\CUI\Nodejs\14_REST\node_modules\express\lib\router\route.js:137:13)
    at Route.dispatch (C:\Users\waleed\Source\CUI\Nodejs\14_REST\node_modules\express\lib\router\route.js:112:3)
    at Layer.handle [as handle_request] (C:\Users\waleed\Source\CUI\Nodejs\14_REST\node_modules\express\lib\router\layer.js:95:5)
    at C:\Users\waleed\Source\CUI\Nodejs\14_REST\node_modules\express\lib\router\index.js:281:22
    at Function.process_params (C:\Users\waleed\Source\CUI\Nodejs\14_REST\node_modules\express\lib\router\index.js:335:12)
    at next (C:\Users\waleed\Source\CUI\Nodejs\14_REST\node_modules\express\lib\router\index.js:275:10)
    at serveStatic (C:\Users\waleed\Source\CUI\Nodejs\14_REST\node_modules\serve-static\index.js:75:16)
    at Layer.handle [as handle_request] (C:\Users\waleed\Source\CUI\Nodejs\14_REST\node_modules\express\lib\router\layer.js:95:5)
    at trim_prefix (C:\Users\waleed\Source\CUI\Nodejs\14_REST\node_modules\express\lib\router\index.js:317:13)
    at C:\Users\waleed\Source\CUI\Nodejs\14_REST\node_modules\express\lib\router\index.js:284:7
    at Function.process_params (C:\Users\waleed\Source\CUI\Nodejs\14_REST\node_modules\express\lib\router\index.js:335:12)
    at next (C:\Users\waleed\Source\CUI\Nodejs\14_REST\node_modules\express\lib\router\index.js:275:10)
    at expressInit (C:\Users\waleed\Source\CUI\Nodejs\14_REST\node_modules\express\lib\middleware\init.js:40:5)
    at Layer.handle [as handle_request] (C:\Users\waleed\Source\CUI\Nodejs\14_REST\node_modules\express\lib\router\layer.js:95:5)
[2021-04-18 13:51:35] [31merror[39m:  [object Object] 
[2021-04-18 13:53:31] [31merror[39m:  Cannot read property 'name' of undefined 
TypeError: Cannot read property 'name' of undefined
    at createUser (C:\Users\waleed\Source\CUI\Nodejs\14_REST\app\modules\users\controllers\user.controller.js:107:31)
    at Layer.handle [as handle_request] (C:\Users\waleed\Source\CUI\Nodejs\14_REST\node_modules\express\lib\router\layer.js:95:5)
    at next (C:\Users\waleed\Source\CUI\Nodejs\14_REST\node_modules\express\lib\router\route.js:137:13)
    at Route.dispatch (C:\Users\waleed\Source\CUI\Nodejs\14_REST\node_modules\express\lib\router\route.js:112:3)
    at Layer.handle [as handle_request] (C:\Users\waleed\Source\CUI\Nodejs\14_REST\node_modules\express\lib\router\layer.js:95:5)
    at C:\Users\waleed\Source\CUI\Nodejs\14_REST\node_modules\express\lib\router\index.js:281:22
    at Function.process_params (C:\Users\waleed\Source\CUI\Nodejs\14_REST\node_modules\express\lib\router\index.js:335:12)
    at next (C:\Users\waleed\Source\CUI\Nodejs\14_REST\node_modules\express\lib\router\index.js:275:10)
    at serveStatic (C:\Users\waleed\Source\CUI\Nodejs\14_REST\node_modules\serve-static\index.js:75:16)
    at Layer.handle [as handle_request] (C:\Users\waleed\Source\CUI\Nodejs\14_REST\node_modules\express\lib\router\layer.js:95:5)
    at trim_prefix (C:\Users\waleed\Source\CUI\Nodejs\14_REST\node_modules\express\lib\router\index.js:317:13)
    at C:\Users\waleed\Source\CUI\Nodejs\14_REST\node_modules\express\lib\router\index.js:284:7
    at Function.process_params (C:\Users\waleed\Source\CUI\Nodejs\14_REST\node_modules\express\lib\router\index.js:335:12)
    at next (C:\Users\waleed\Source\CUI\Nodejs\14_REST\node_modules\express\lib\router\index.js:275:10)
    at expressInit (C:\Users\waleed\Source\CUI\Nodejs\14_REST\node_modules\express\lib\middleware\init.js:40:5)
    at Layer.handle [as handle_request] (C:\Users\waleed\Source\CUI\Nodejs\14_REST\node_modules\express\lib\router\layer.js:95:5)
[2021-04-18 13:53:31] [31merror[39m:  [object Object] 
[2021-04-18 13:54:05] [31merror[39m:  [object Object] 
[2021-04-18 13:54:23] [31merror[39m:  [object Object] 
[2021-04-18 13:55:13] [31merror[39m:  [object Object] 
[2021-04-18 13:55:21] [31merror[39m:  [object Object] 
[2021-04-18 13:55:39] [31merror[39m:  Cannot read property 'name' of undefined 
TypeError: Cannot read property 'name' of undefined
    at createUser (C:\Users\waleed\Source\CUI\Nodejs\14_REST\app\modules\users\controllers\user.controller.js:107:31)
    at Layer.handle [as handle_request] (C:\Users\waleed\Source\CUI\Nodejs\14_REST\node_modules\express\lib\router\layer.js:95:5)
    at next (C:\Users\waleed\Source\CUI\Nodejs\14_REST\node_modules\express\lib\router\route.js:137:13)
    at Route.dispatch (C:\Users\waleed\Source\CUI\Nodejs\14_REST\node_modules\express\lib\router\route.js:112:3)
    at Layer.handle [as handle_request] (C:\Users\waleed\Source\CUI\Nodejs\14_REST\node_modules\express\lib\router\layer.js:95:5)
    at C:\Users\waleed\Source\CUI\Nodejs\14_REST\node_modules\express\lib\router\index.js:281:22
    at Function.process_params (C:\Users\waleed\Source\CUI\Nodejs\14_REST\node_modules\express\lib\router\index.js:335:12)
    at next (C:\Users\waleed\Source\CUI\Nodejs\14_REST\node_modules\express\lib\router\index.js:275:10)
    at serveStatic (C:\Users\waleed\Source\CUI\Nodejs\14_REST\node_modules\serve-static\index.js:75:16)
    at Layer.handle [as handle_request] (C:\Users\waleed\Source\CUI\Nodejs\14_REST\node_modules\express\lib\router\layer.js:95:5)
    at trim_prefix (C:\Users\waleed\Source\CUI\Nodejs\14_REST\node_modules\express\lib\router\index.js:317:13)
    at C:\Users\waleed\Source\CUI\Nodejs\14_REST\node_modules\express\lib\router\index.js:284:7
    at Function.process_params (C:\Users\waleed\Source\CUI\Nodejs\14_REST\node_modules\express\lib\router\index.js:335:12)
    at next (C:\Users\waleed\Source\CUI\Nodejs\14_REST\node_modules\express\lib\router\index.js:275:10)
    at expressInit (C:\Users\waleed\Source\CUI\Nodejs\14_REST\node_modules\express\lib\middleware\init.js:40:5)
    at Layer.handle [as handle_request] (C:\Users\waleed\Source\CUI\Nodejs\14_REST\node_modules\express\lib\router\layer.js:95:5)
[2021-04-18 13:55:39] [31merror[39m:  [object Object] 
[2021-04-18 13:56:16] [31merror[39m:  Cannot read property 'name' of undefined 
TypeError: Cannot read property 'name' of undefined
    at createUser (C:\Users\waleed\Source\CUI\Nodejs\14_REST\app\modules\users\controllers\user.controller.js:107:31)
    at Layer.handle [as handle_request] (C:\Users\waleed\Source\CUI\Nodejs\14_REST\node_modules\express\lib\router\layer.js:95:5)
    at next (C:\Users\waleed\Source\CUI\Nodejs\14_REST\node_modules\express\lib\router\route.js:137:13)
    at Route.dispatch (C:\Users\waleed\Source\CUI\Nodejs\14_REST\node_modules\express\lib\router\route.js:112:3)
    at Layer.handle [as handle_request] (C:\Users\waleed\Source\CUI\Nodejs\14_REST\node_modules\express\lib\router\layer.js:95:5)
    at C:\Users\waleed\Source\CUI\Nodejs\14_REST\node_modules\express\lib\router\index.js:281:22
    at Function.process_params (C:\Users\waleed\Source\CUI\Nodejs\14_REST\node_modules\express\lib\router\index.js:335:12)
    at next (C:\Users\waleed\Source\CUI\Nodejs\14_REST\node_modules\express\lib\router\index.js:275:10)
    at serveStatic (C:\Users\waleed\Source\CUI\Nodejs\14_REST\node_modules\serve-static\index.js:75:16)
    at Layer.handle [as handle_request] (C:\Users\waleed\Source\CUI\Nodejs\14_REST\node_modules\express\lib\router\layer.js:95:5)
    at trim_prefix (C:\Users\waleed\Source\CUI\Nodejs\14_REST\node_modules\express\lib\router\index.js:317:13)
    at C:\Users\waleed\Source\CUI\Nodejs\14_REST\node_modules\express\lib\router\index.js:284:7
    at Function.process_params (C:\Users\waleed\Source\CUI\Nodejs\14_REST\node_modules\express\lib\router\index.js:335:12)
    at next (C:\Users\waleed\Source\CUI\Nodejs\14_REST\node_modules\express\lib\router\index.js:275:10)
    at expressInit (C:\Users\waleed\Source\CUI\Nodejs\14_REST\node_modules\express\lib\middleware\init.js:40:5)
    at Layer.handle [as handle_request] (C:\Users\waleed\Source\CUI\Nodejs\14_REST\node_modules\express\lib\router\layer.js:95:5)
[2021-04-18 13:56:16] [31merror[39m:  [object Object] 
[2021-04-18 13:56:57] [31merror[39m:  Cannot read property 'name' of undefined 
TypeError: Cannot read property 'name' of undefined
    at createUser (C:\Users\waleed\Source\CUI\Nodejs\14_REST\app\modules\users\controllers\user.controller.js:107:31)
    at Layer.handle [as handle_request] (C:\Users\waleed\Source\CUI\Nodejs\14_REST\node_modules\express\lib\router\layer.js:95:5)
    at next (C:\Users\waleed\Source\CUI\Nodejs\14_REST\node_modules\express\lib\router\route.js:137:13)
    at Route.dispatch (C:\Users\waleed\Source\CUI\Nodejs\14_REST\node_modules\express\lib\router\route.js:112:3)
    at Layer.handle [as handle_request] (C:\Users\waleed\Source\CUI\Nodejs\14_REST\node_modules\express\lib\router\layer.js:95:5)
    at C:\Users\waleed\Source\CUI\Nodejs\14_REST\node_modules\express\lib\router\index.js:281:22
    at Function.process_params (C:\Users\waleed\Source\CUI\Nodejs\14_REST\node_modules\express\lib\router\index.js:335:12)
    at next (C:\Users\waleed\Source\CUI\Nodejs\14_REST\node_modules\express\lib\router\index.js:275:10)
    at serveStatic (C:\Users\waleed\Source\CUI\Nodejs\14_REST\node_modules\serve-static\index.js:75:16)
    at Layer.handle [as handle_request] (C:\Users\waleed\Source\CUI\Nodejs\14_REST\node_modules\express\lib\router\layer.js:95:5)
    at trim_prefix (C:\Users\waleed\Source\CUI\Nodejs\14_REST\node_modules\express\lib\router\index.js:317:13)
    at C:\Users\waleed\Source\CUI\Nodejs\14_REST\node_modules\express\lib\router\index.js:284:7
    at Function.process_params (C:\Users\waleed\Source\CUI\Nodejs\14_REST\node_modules\express\lib\router\index.js:335:12)
    at next (C:\Users\waleed\Source\CUI\Nodejs\14_REST\node_modules\express\lib\router\index.js:275:10)
    at expressInit (C:\Users\waleed\Source\CUI\Nodejs\14_REST\node_modules\express\lib\middleware\init.js:40:5)
    at Layer.handle [as handle_request] (C:\Users\waleed\Source\CUI\Nodejs\14_REST\node_modules\express\lib\router\layer.js:95:5)
[2021-04-18 13:56:57] [31merror[39m:  [object Object] 
[2021-04-18 13:57:13] [31merror[39m:  Cannot read property 'name' of undefined 
TypeError: Cannot read property 'name' of undefined
    at createUser (C:\Users\waleed\Source\CUI\Nodejs\14_REST\app\modules\users\controllers\user.controller.js:107:31)
    at Layer.handle [as handle_request] (C:\Users\waleed\Source\CUI\Nodejs\14_REST\node_modules\express\lib\router\layer.js:95:5)
    at next (C:\Users\waleed\Source\CUI\Nodejs\14_REST\node_modules\express\lib\router\route.js:137:13)
    at Route.dispatch (C:\Users\waleed\Source\CUI\Nodejs\14_REST\node_modules\express\lib\router\route.js:112:3)
    at Layer.handle [as handle_request] (C:\Users\waleed\Source\CUI\Nodejs\14_REST\node_modules\express\lib\router\layer.js:95:5)
    at C:\Users\waleed\Source\CUI\Nodejs\14_REST\node_modules\express\lib\router\index.js:281:22
    at Function.process_params (C:\Users\waleed\Source\CUI\Nodejs\14_REST\node_modules\express\lib\router\index.js:335:12)
    at next (C:\Users\waleed\Source\CUI\Nodejs\14_REST\node_modules\express\lib\router\index.js:275:10)
    at serveStatic (C:\Users\waleed\Source\CUI\Nodejs\14_REST\node_modules\serve-static\index.js:75:16)
    at Layer.handle [as handle_request] (C:\Users\waleed\Source\CUI\Nodejs\14_REST\node_modules\express\lib\router\layer.js:95:5)
    at trim_prefix (C:\Users\waleed\Source\CUI\Nodejs\14_REST\node_modules\express\lib\router\index.js:317:13)
    at C:\Users\waleed\Source\CUI\Nodejs\14_REST\node_modules\express\lib\router\index.js:284:7
    at Function.process_params (C:\Users\waleed\Source\CUI\Nodejs\14_REST\node_modules\express\lib\router\index.js:335:12)
    at next (C:\Users\waleed\Source\CUI\Nodejs\14_REST\node_modules\express\lib\router\index.js:275:10)
    at expressInit (C:\Users\waleed\Source\CUI\Nodejs\14_REST\node_modules\express\lib\middleware\init.js:40:5)
    at Layer.handle [as handle_request] (C:\Users\waleed\Source\CUI\Nodejs\14_REST\node_modules\express\lib\router\layer.js:95:5)
[2021-04-18 13:57:13] [31merror[39m:  [object Object] 
[2021-04-18 13:58:13] [31merror[39m:  Cannot read property 'name' of undefined 
TypeError: Cannot read property 'name' of undefined
    at createUser (C:\Users\waleed\Source\CUI\Nodejs\14_REST\app\modules\users\controllers\user.controller.js:107:31)
    at Layer.handle [as handle_request] (C:\Users\waleed\Source\CUI\Nodejs\14_REST\node_modules\express\lib\router\layer.js:95:5)
    at next (C:\Users\waleed\Source\CUI\Nodejs\14_REST\node_modules\express\lib\router\route.js:137:13)
    at Route.dispatch (C:\Users\waleed\Source\CUI\Nodejs\14_REST\node_modules\express\lib\router\route.js:112:3)
    at Layer.handle [as handle_request] (C:\Users\waleed\Source\CUI\Nodejs\14_REST\node_modules\express\lib\router\layer.js:95:5)
    at C:\Users\waleed\Source\CUI\Nodejs\14_REST\node_modules\express\lib\router\index.js:281:22
    at Function.process_params (C:\Users\waleed\Source\CUI\Nodejs\14_REST\node_modules\express\lib\router\index.js:335:12)
    at next (C:\Users\waleed\Source\CUI\Nodejs\14_REST\node_modules\express\lib\router\index.js:275:10)
    at serveStatic (C:\Users\waleed\Source\CUI\Nodejs\14_REST\node_modules\serve-static\index.js:75:16)
    at Layer.handle [as handle_request] (C:\Users\waleed\Source\CUI\Nodejs\14_REST\node_modules\express\lib\router\layer.js:95:5)
    at trim_prefix (C:\Users\waleed\Source\CUI\Nodejs\14_REST\node_modules\express\lib\router\index.js:317:13)
    at C:\Users\waleed\Source\CUI\Nodejs\14_REST\node_modules\express\lib\router\index.js:284:7
    at Function.process_params (C:\Users\waleed\Source\CUI\Nodejs\14_REST\node_modules\express\lib\router\index.js:335:12)
    at next (C:\Users\waleed\Source\CUI\Nodejs\14_REST\node_modules\express\lib\router\index.js:275:10)
    at expressInit (C:\Users\waleed\Source\CUI\Nodejs\14_REST\node_modules\express\lib\middleware\init.js:40:5)
    at Layer.handle [as handle_request] (C:\Users\waleed\Source\CUI\Nodejs\14_REST\node_modules\express\lib\router\layer.js:95:5)
[2021-04-18 13:58:13] [31merror[39m:  [object Object] 
[2021-04-18 13:58:19] [31merror[39m:  Cannot read property 'name' of undefined 
TypeError: Cannot read property 'name' of undefined
    at createUser (C:\Users\waleed\Source\CUI\Nodejs\14_REST\app\modules\users\controllers\user.controller.js:107:31)
    at Layer.handle [as handle_request] (C:\Users\waleed\Source\CUI\Nodejs\14_REST\node_modules\express\lib\router\layer.js:95:5)
    at next (C:\Users\waleed\Source\CUI\Nodejs\14_REST\node_modules\express\lib\router\route.js:137:13)
    at Route.dispatch (C:\Users\waleed\Source\CUI\Nodejs\14_REST\node_modules\express\lib\router\route.js:112:3)
    at Layer.handle [as handle_request] (C:\Users\waleed\Source\CUI\Nodejs\14_REST\node_modules\express\lib\router\layer.js:95:5)
    at C:\Users\waleed\Source\CUI\Nodejs\14_REST\node_modules\express\lib\router\index.js:281:22
    at Function.process_params (C:\Users\waleed\Source\CUI\Nodejs\14_REST\node_modules\express\lib\router\index.js:335:12)
    at next (C:\Users\waleed\Source\CUI\Nodejs\14_REST\node_modules\express\lib\router\index.js:275:10)
    at serveStatic (C:\Users\waleed\Source\CUI\Nodejs\14_REST\node_modules\serve-static\index.js:75:16)
    at Layer.handle [as handle_request] (C:\Users\waleed\Source\CUI\Nodejs\14_REST\node_modules\express\lib\router\layer.js:95:5)
    at trim_prefix (C:\Users\waleed\Source\CUI\Nodejs\14_REST\node_modules\express\lib\router\index.js:317:13)
    at C:\Users\waleed\Source\CUI\Nodejs\14_REST\node_modules\express\lib\router\index.js:284:7
    at Function.process_params (C:\Users\waleed\Source\CUI\Nodejs\14_REST\node_modules\express\lib\router\index.js:335:12)
    at next (C:\Users\waleed\Source\CUI\Nodejs\14_REST\node_modules\express\lib\router\index.js:275:10)
    at expressInit (C:\Users\waleed\Source\CUI\Nodejs\14_REST\node_modules\express\lib\middleware\init.js:40:5)
    at Layer.handle [as handle_request] (C:\Users\waleed\Source\CUI\Nodejs\14_REST\node_modules\express\lib\router\layer.js:95:5)
[2021-04-18 13:58:19] [31merror[39m:  [object Object] 
[2021-04-18 13:58:25] [31merror[39m:  Cannot read property 'name' of undefined 
TypeError: Cannot read property 'name' of undefined
    at createUser (C:\Users\waleed\Source\CUI\Nodejs\14_REST\app\modules\users\controllers\user.controller.js:107:31)
    at Layer.handle [as handle_request] (C:\Users\waleed\Source\CUI\Nodejs\14_REST\node_modules\express\lib\router\layer.js:95:5)
    at next (C:\Users\waleed\Source\CUI\Nodejs\14_REST\node_modules\express\lib\router\route.js:137:13)
    at Route.dispatch (C:\Users\waleed\Source\CUI\Nodejs\14_REST\node_modules\express\lib\router\route.js:112:3)
    at Layer.handle [as handle_request] (C:\Users\waleed\Source\CUI\Nodejs\14_REST\node_modules\express\lib\router\layer.js:95:5)
    at C:\Users\waleed\Source\CUI\Nodejs\14_REST\node_modules\express\lib\router\index.js:281:22
    at Function.process_params (C:\Users\waleed\Source\CUI\Nodejs\14_REST\node_modules\express\lib\router\index.js:335:12)
    at next (C:\Users\waleed\Source\CUI\Nodejs\14_REST\node_modules\express\lib\router\index.js:275:10)
    at serveStatic (C:\Users\waleed\Source\CUI\Nodejs\14_REST\node_modules\serve-static\index.js:75:16)
    at Layer.handle [as handle_request] (C:\Users\waleed\Source\CUI\Nodejs\14_REST\node_modules\express\lib\router\layer.js:95:5)
    at trim_prefix (C:\Users\waleed\Source\CUI\Nodejs\14_REST\node_modules\express\lib\router\index.js:317:13)
    at C:\Users\waleed\Source\CUI\Nodejs\14_REST\node_modules\express\lib\router\index.js:284:7
    at Function.process_params (C:\Users\waleed\Source\CUI\Nodejs\14_REST\node_modules\express\lib\router\index.js:335:12)
    at next (C:\Users\waleed\Source\CUI\Nodejs\14_REST\node_modules\express\lib\router\index.js:275:10)
    at expressInit (C:\Users\waleed\Source\CUI\Nodejs\14_REST\node_modules\express\lib\middleware\init.js:40:5)
    at Layer.handle [as handle_request] (C:\Users\waleed\Source\CUI\Nodejs\14_REST\node_modules\express\lib\router\layer.js:95:5)
[2021-04-18 13:58:25] [31merror[39m:  [object Object] 
[2021-04-18 14:02:52] [31merror[39m:  Cannot read property 'name' of undefined 
TypeError: Cannot read property 'name' of undefined
    at createUser (C:\Users\waleed\Source\CUI\Nodejs\14_REST\app\modules\users\controllers\user.controller.js:107:31)
    at Layer.handle [as handle_request] (C:\Users\waleed\Source\CUI\Nodejs\14_REST\node_modules\express\lib\router\layer.js:95:5)
    at next (C:\Users\waleed\Source\CUI\Nodejs\14_REST\node_modules\express\lib\router\route.js:137:13)
    at Route.dispatch (C:\Users\waleed\Source\CUI\Nodejs\14_REST\node_modules\express\lib\router\route.js:112:3)
    at Layer.handle [as handle_request] (C:\Users\waleed\Source\CUI\Nodejs\14_REST\node_modules\express\lib\router\layer.js:95:5)
    at C:\Users\waleed\Source\CUI\Nodejs\14_REST\node_modules\express\lib\router\index.js:281:22
    at Function.process_params (C:\Users\waleed\Source\CUI\Nodejs\14_REST\node_modules\express\lib\router\index.js:335:12)
    at next (C:\Users\waleed\Source\CUI\Nodejs\14_REST\node_modules\express\lib\router\index.js:275:10)
    at serveStatic (C:\Users\waleed\Source\CUI\Nodejs\14_REST\node_modules\serve-static\index.js:75:16)
    at Layer.handle [as handle_request] (C:\Users\waleed\Source\CUI\Nodejs\14_REST\node_modules\express\lib\router\layer.js:95:5)
    at trim_prefix (C:\Users\waleed\Source\CUI\Nodejs\14_REST\node_modules\express\lib\router\index.js:317:13)
    at C:\Users\waleed\Source\CUI\Nodejs\14_REST\node_modules\express\lib\router\index.js:284:7
    at Function.process_params (C:\Users\waleed\Source\CUI\Nodejs\14_REST\node_modules\express\lib\router\index.js:335:12)
    at next (C:\Users\waleed\Source\CUI\Nodejs\14_REST\node_modules\express\lib\router\index.js:275:10)
    at expressInit (C:\Users\waleed\Source\CUI\Nodejs\14_REST\node_modules\express\lib\middleware\init.js:40:5)
    at Layer.handle [as handle_request] (C:\Users\waleed\Source\CUI\Nodejs\14_REST\node_modules\express\lib\router\layer.js:95:5)
[2021-04-18 14:02:52] [31merror[39m:  [object Object] 
[2021-04-18 14:07:23] [31merror[39m:  Cannot read property 'name' of undefined 
TypeError: Cannot read property 'name' of undefined
    at createUser (C:\Users\waleed\Source\CUI\Nodejs\14_REST\app\modules\users\controllers\user.controller.js:107:31)
    at Layer.handle [as handle_request] (C:\Users\waleed\Source\CUI\Nodejs\14_REST\node_modules\express\lib\router\layer.js:95:5)
    at next (C:\Users\waleed\Source\CUI\Nodejs\14_REST\node_modules\express\lib\router\route.js:137:13)
    at Route.dispatch (C:\Users\waleed\Source\CUI\Nodejs\14_REST\node_modules\express\lib\router\route.js:112:3)
    at Layer.handle [as handle_request] (C:\Users\waleed\Source\CUI\Nodejs\14_REST\node_modules\express\lib\router\layer.js:95:5)
    at C:\Users\waleed\Source\CUI\Nodejs\14_REST\node_modules\express\lib\router\index.js:281:22
    at Function.process_params (C:\Users\waleed\Source\CUI\Nodejs\14_REST\node_modules\express\lib\router\index.js:335:12)
    at next (C:\Users\waleed\Source\CUI\Nodejs\14_REST\node_modules\express\lib\router\index.js:275:10)
    at serveStatic (C:\Users\waleed\Source\CUI\Nodejs\14_REST\node_modules\serve-static\index.js:75:16)
    at Layer.handle [as handle_request] (C:\Users\waleed\Source\CUI\Nodejs\14_REST\node_modules\express\lib\router\layer.js:95:5)
    at trim_prefix (C:\Users\waleed\Source\CUI\Nodejs\14_REST\node_modules\express\lib\router\index.js:317:13)
    at C:\Users\waleed\Source\CUI\Nodejs\14_REST\node_modules\express\lib\router\index.js:284:7
    at Function.process_params (C:\Users\waleed\Source\CUI\Nodejs\14_REST\node_modules\express\lib\router\index.js:335:12)
    at next (C:\Users\waleed\Source\CUI\Nodejs\14_REST\node_modules\express\lib\router\index.js:275:10)
    at expressInit (C:\Users\waleed\Source\CUI\Nodejs\14_REST\node_modules\express\lib\middleware\init.js:40:5)
    at Layer.handle [as handle_request] (C:\Users\waleed\Source\CUI\Nodejs\14_REST\node_modules\express\lib\router\layer.js:95:5)
[2021-04-18 14:07:28] [31merror[39m:  [object Object] 
[2021-04-18 14:07:33] [31merror[39m:  Cannot read property 'name' of undefined 
TypeError: Cannot read property 'name' of undefined
    at createUser (C:\Users\waleed\Source\CUI\Nodejs\14_REST\app\modules\users\controllers\user.controller.js:107:31)
    at Layer.handle [as handle_request] (C:\Users\waleed\Source\CUI\Nodejs\14_REST\node_modules\express\lib\router\layer.js:95:5)
    at next (C:\Users\waleed\Source\CUI\Nodejs\14_REST\node_modules\express\lib\router\route.js:137:13)
    at Route.dispatch (C:\Users\waleed\Source\CUI\Nodejs\14_REST\node_modules\express\lib\router\route.js:112:3)
    at Layer.handle [as handle_request] (C:\Users\waleed\Source\CUI\Nodejs\14_REST\node_modules\express\lib\router\layer.js:95:5)
    at C:\Users\waleed\Source\CUI\Nodejs\14_REST\node_modules\express\lib\router\index.js:281:22
    at Function.process_params (C:\Users\waleed\Source\CUI\Nodejs\14_REST\node_modules\express\lib\router\index.js:335:12)
    at next (C:\Users\waleed\Source\CUI\Nodejs\14_REST\node_modules\express\lib\router\index.js:275:10)
    at serveStatic (C:\Users\waleed\Source\CUI\Nodejs\14_REST\node_modules\serve-static\index.js:75:16)
    at Layer.handle [as handle_request] (C:\Users\waleed\Source\CUI\Nodejs\14_REST\node_modules\express\lib\router\layer.js:95:5)
    at trim_prefix (C:\Users\waleed\Source\CUI\Nodejs\14_REST\node_modules\express\lib\router\index.js:317:13)
    at C:\Users\waleed\Source\CUI\Nodejs\14_REST\node_modules\express\lib\router\index.js:284:7
    at Function.process_params (C:\Users\waleed\Source\CUI\Nodejs\14_REST\node_modules\express\lib\router\index.js:335:12)
    at next (C:\Users\waleed\Source\CUI\Nodejs\14_REST\node_modules\express\lib\router\index.js:275:10)
    at expressInit (C:\Users\waleed\Source\CUI\Nodejs\14_REST\node_modules\express\lib\middleware\init.js:40:5)
    at Layer.handle [as handle_request] (C:\Users\waleed\Source\CUI\Nodejs\14_REST\node_modules\express\lib\router\layer.js:95:5)
[2021-04-18 14:07:33] [31merror[39m:  [object Object] 
[2021-04-18 14:08:14] [31merror[39m:  Cannot read property 'name' of undefined 
TypeError: Cannot read property 'name' of undefined
    at createUser (C:\Users\waleed\Source\CUI\Nodejs\14_REST\app\modules\users\controllers\user.controller.js:107:31)
    at Layer.handle [as handle_request] (C:\Users\waleed\Source\CUI\Nodejs\14_REST\node_modules\express\lib\router\layer.js:95:5)
    at next (C:\Users\waleed\Source\CUI\Nodejs\14_REST\node_modules\express\lib\router\route.js:137:13)
    at Route.dispatch (C:\Users\waleed\Source\CUI\Nodejs\14_REST\node_modules\express\lib\router\route.js:112:3)
    at Layer.handle [as handle_request] (C:\Users\waleed\Source\CUI\Nodejs\14_REST\node_modules\express\lib\router\layer.js:95:5)
    at C:\Users\waleed\Source\CUI\Nodejs\14_REST\node_modules\express\lib\router\index.js:281:22
    at Function.process_params (C:\Users\waleed\Source\CUI\Nodejs\14_REST\node_modules\express\lib\router\index.js:335:12)
    at next (C:\Users\waleed\Source\CUI\Nodejs\14_REST\node_modules\express\lib\router\index.js:275:10)
    at serveStatic (C:\Users\waleed\Source\CUI\Nodejs\14_REST\node_modules\serve-static\index.js:75:16)
    at Layer.handle [as handle_request] (C:\Users\waleed\Source\CUI\Nodejs\14_REST\node_modules\express\lib\router\layer.js:95:5)
    at trim_prefix (C:\Users\waleed\Source\CUI\Nodejs\14_REST\node_modules\express\lib\router\index.js:317:13)
    at C:\Users\waleed\Source\CUI\Nodejs\14_REST\node_modules\express\lib\router\index.js:284:7
    at Function.process_params (C:\Users\waleed\Source\CUI\Nodejs\14_REST\node_modules\express\lib\router\index.js:335:12)
    at next (C:\Users\waleed\Source\CUI\Nodejs\14_REST\node_modules\express\lib\router\index.js:275:10)
    at expressInit (C:\Users\waleed\Source\CUI\Nodejs\14_REST\node_modules\express\lib\middleware\init.js:40:5)
    at Layer.handle [as handle_request] (C:\Users\waleed\Source\CUI\Nodejs\14_REST\node_modules\express\lib\router\layer.js:95:5)
[2021-04-18 14:08:14] [31merror[39m:  [object Object] 
[2021-04-18 14:09:04] [31merror[39m:  Cannot read property 'name' of undefined 
TypeError: Cannot read property 'name' of undefined
    at createUser (C:\Users\waleed\Source\CUI\Nodejs\14_REST\app\modules\users\controllers\user.controller.js:107:30)
    at Layer.handle [as handle_request] (C:\Users\waleed\Source\CUI\Nodejs\14_REST\node_modules\express\lib\router\layer.js:95:5)
    at next (C:\Users\waleed\Source\CUI\Nodejs\14_REST\node_modules\express\lib\router\route.js:137:13)
    at Route.dispatch (C:\Users\waleed\Source\CUI\Nodejs\14_REST\node_modules\express\lib\router\route.js:112:3)
    at Layer.handle [as handle_request] (C:\Users\waleed\Source\CUI\Nodejs\14_REST\node_modules\express\lib\router\layer.js:95:5)
    at C:\Users\waleed\Source\CUI\Nodejs\14_REST\node_modules\express\lib\router\index.js:281:22
    at Function.process_params (C:\Users\waleed\Source\CUI\Nodejs\14_REST\node_modules\express\lib\router\index.js:335:12)
    at next (C:\Users\waleed\Source\CUI\Nodejs\14_REST\node_modules\express\lib\router\index.js:275:10)
    at serveStatic (C:\Users\waleed\Source\CUI\Nodejs\14_REST\node_modules\serve-static\index.js:75:16)
    at Layer.handle [as handle_request] (C:\Users\waleed\Source\CUI\Nodejs\14_REST\node_modules\express\lib\router\layer.js:95:5)
    at trim_prefix (C:\Users\waleed\Source\CUI\Nodejs\14_REST\node_modules\express\lib\router\index.js:317:13)
    at C:\Users\waleed\Source\CUI\Nodejs\14_REST\node_modules\express\lib\router\index.js:284:7
    at Function.process_params (C:\Users\waleed\Source\CUI\Nodejs\14_REST\node_modules\express\lib\router\index.js:335:12)
    at next (C:\Users\waleed\Source\CUI\Nodejs\14_REST\node_modules\express\lib\router\index.js:275:10)
    at expressInit (C:\Users\waleed\Source\CUI\Nodejs\14_REST\node_modules\express\lib\middleware\init.js:40:5)
    at Layer.handle [as handle_request] (C:\Users\waleed\Source\CUI\Nodejs\14_REST\node_modules\express\lib\router\layer.js:95:5)
[2021-04-18 14:09:04] [31merror[39m:  [object Object] 
[2021-04-18 14:09:17] [31merror[39m:  Cannot read property 'name' of undefined 
TypeError: Cannot read property 'name' of undefined
    at createUser (C:\Users\waleed\Source\CUI\Nodejs\14_REST\app\modules\users\controllers\user.controller.js:108:31)
    at Layer.handle [as handle_request] (C:\Users\waleed\Source\CUI\Nodejs\14_REST\node_modules\express\lib\router\layer.js:95:5)
    at next (C:\Users\waleed\Source\CUI\Nodejs\14_REST\node_modules\express\lib\router\route.js:137:13)
    at Route.dispatch (C:\Users\waleed\Source\CUI\Nodejs\14_REST\node_modules\express\lib\router\route.js:112:3)
    at Layer.handle [as handle_request] (C:\Users\waleed\Source\CUI\Nodejs\14_REST\node_modules\express\lib\router\layer.js:95:5)
    at C:\Users\waleed\Source\CUI\Nodejs\14_REST\node_modules\express\lib\router\index.js:281:22
    at Function.process_params (C:\Users\waleed\Source\CUI\Nodejs\14_REST\node_modules\express\lib\router\index.js:335:12)
    at next (C:\Users\waleed\Source\CUI\Nodejs\14_REST\node_modules\express\lib\router\index.js:275:10)
    at serveStatic (C:\Users\waleed\Source\CUI\Nodejs\14_REST\node_modules\serve-static\index.js:75:16)
    at Layer.handle [as handle_request] (C:\Users\waleed\Source\CUI\Nodejs\14_REST\node_modules\express\lib\router\layer.js:95:5)
    at trim_prefix (C:\Users\waleed\Source\CUI\Nodejs\14_REST\node_modules\express\lib\router\index.js:317:13)
    at C:\Users\waleed\Source\CUI\Nodejs\14_REST\node_modules\express\lib\router\index.js:284:7
    at Function.process_params (C:\Users\waleed\Source\CUI\Nodejs\14_REST\node_modules\express\lib\router\index.js:335:12)
    at next (C:\Users\waleed\Source\CUI\Nodejs\14_REST\node_modules\express\lib\router\index.js:275:10)
    at expressInit (C:\Users\waleed\Source\CUI\Nodejs\14_REST\node_modules\express\lib\middleware\init.js:40:5)
    at Layer.handle [as handle_request] (C:\Users\waleed\Source\CUI\Nodejs\14_REST\node_modules\express\lib\router\layer.js:95:5)
[2021-04-18 14:09:17] [31merror[39m:  [object Object] 
[2021-04-18 14:09:39] [31merror[39m:  Cannot read property 'name' of undefined 
TypeError: Cannot read property 'name' of undefined
    at createUser (C:\Users\waleed\Source\CUI\Nodejs\14_REST\app\modules\users\controllers\user.controller.js:108:31)
    at Layer.handle [as handle_request] (C:\Users\waleed\Source\CUI\Nodejs\14_REST\node_modules\express\lib\router\layer.js:95:5)
    at next (C:\Users\waleed\Source\CUI\Nodejs\14_REST\node_modules\express\lib\router\route.js:137:13)
    at Route.dispatch (C:\Users\waleed\Source\CUI\Nodejs\14_REST\node_modules\express\lib\router\route.js:112:3)
    at Layer.handle [as handle_request] (C:\Users\waleed\Source\CUI\Nodejs\14_REST\node_modules\express\lib\router\layer.js:95:5)
    at C:\Users\waleed\Source\CUI\Nodejs\14_REST\node_modules\express\lib\router\index.js:281:22
    at Function.process_params (C:\Users\waleed\Source\CUI\Nodejs\14_REST\node_modules\express\lib\router\index.js:335:12)
    at next (C:\Users\waleed\Source\CUI\Nodejs\14_REST\node_modules\express\lib\router\index.js:275:10)
    at serveStatic (C:\Users\waleed\Source\CUI\Nodejs\14_REST\node_modules\serve-static\index.js:75:16)
    at Layer.handle [as handle_request] (C:\Users\waleed\Source\CUI\Nodejs\14_REST\node_modules\express\lib\router\layer.js:95:5)
    at trim_prefix (C:\Users\waleed\Source\CUI\Nodejs\14_REST\node_modules\express\lib\router\index.js:317:13)
    at C:\Users\waleed\Source\CUI\Nodejs\14_REST\node_modules\express\lib\router\index.js:284:7
    at Function.process_params (C:\Users\waleed\Source\CUI\Nodejs\14_REST\node_modules\express\lib\router\index.js:335:12)
    at next (C:\Users\waleed\Source\CUI\Nodejs\14_REST\node_modules\express\lib\router\index.js:275:10)
    at expressInit (C:\Users\waleed\Source\CUI\Nodejs\14_REST\node_modules\express\lib\middleware\init.js:40:5)
    at Layer.handle [as handle_request] (C:\Users\waleed\Source\CUI\Nodejs\14_REST\node_modules\express\lib\router\layer.js:95:5)
[2021-04-18 14:09:39] [31merror[39m:  [object Object] 
[2021-04-18 14:10:00] [31merror[39m:  Cannot read property 'name' of undefined 
TypeError: Cannot read property 'name' of undefined
    at createUser (C:\Users\waleed\Source\CUI\Nodejs\14_REST\app\modules\users\controllers\user.controller.js:108:31)
    at Layer.handle [as handle_request] (C:\Users\waleed\Source\CUI\Nodejs\14_REST\node_modules\express\lib\router\layer.js:95:5)
    at next (C:\Users\waleed\Source\CUI\Nodejs\14_REST\node_modules\express\lib\router\route.js:137:13)
    at Route.dispatch (C:\Users\waleed\Source\CUI\Nodejs\14_REST\node_modules\express\lib\router\route.js:112:3)
    at Layer.handle [as handle_request] (C:\Users\waleed\Source\CUI\Nodejs\14_REST\node_modules\express\lib\router\layer.js:95:5)
    at C:\Users\waleed\Source\CUI\Nodejs\14_REST\node_modules\express\lib\router\index.js:281:22
    at Function.process_params (C:\Users\waleed\Source\CUI\Nodejs\14_REST\node_modules\express\lib\router\index.js:335:12)
    at next (C:\Users\waleed\Source\CUI\Nodejs\14_REST\node_modules\express\lib\router\index.js:275:10)
    at serveStatic (C:\Users\waleed\Source\CUI\Nodejs\14_REST\node_modules\serve-static\index.js:75:16)
    at Layer.handle [as handle_request] (C:\Users\waleed\Source\CUI\Nodejs\14_REST\node_modules\express\lib\router\layer.js:95:5)
    at trim_prefix (C:\Users\waleed\Source\CUI\Nodejs\14_REST\node_modules\express\lib\router\index.js:317:13)
    at C:\Users\waleed\Source\CUI\Nodejs\14_REST\node_modules\express\lib\router\index.js:284:7
    at Function.process_params (C:\Users\waleed\Source\CUI\Nodejs\14_REST\node_modules\express\lib\router\index.js:335:12)
    at next (C:\Users\waleed\Source\CUI\Nodejs\14_REST\node_modules\express\lib\router\index.js:275:10)
    at expressInit (C:\Users\waleed\Source\CUI\Nodejs\14_REST\node_modules\express\lib\middleware\init.js:40:5)
    at Layer.handle [as handle_request] (C:\Users\waleed\Source\CUI\Nodejs\14_REST\node_modules\express\lib\router\layer.js:95:5)
[2021-04-18 14:10:00] [31merror[39m:  [object Object] 
[2021-04-18 14:10:17] [31merror[39m:  Cannot read property 'name' of undefined 
TypeError: Cannot read property 'name' of undefined
    at createUser (C:\Users\waleed\Source\CUI\Nodejs\14_REST\app\modules\users\controllers\user.controller.js:108:31)
    at Layer.handle [as handle_request] (C:\Users\waleed\Source\CUI\Nodejs\14_REST\node_modules\express\lib\router\layer.js:95:5)
    at next (C:\Users\waleed\Source\CUI\Nodejs\14_REST\node_modules\express\lib\router\route.js:137:13)
    at Route.dispatch (C:\Users\waleed\Source\CUI\Nodejs\14_REST\node_modules\express\lib\router\route.js:112:3)
    at Layer.handle [as handle_request] (C:\Users\waleed\Source\CUI\Nodejs\14_REST\node_modules\express\lib\router\layer.js:95:5)
    at C:\Users\waleed\Source\CUI\Nodejs\14_REST\node_modules\express\lib\router\index.js:281:22
    at Function.process_params (C:\Users\waleed\Source\CUI\Nodejs\14_REST\node_modules\express\lib\router\index.js:335:12)
    at next (C:\Users\waleed\Source\CUI\Nodejs\14_REST\node_modules\express\lib\router\index.js:275:10)
    at serveStatic (C:\Users\waleed\Source\CUI\Nodejs\14_REST\node_modules\serve-static\index.js:75:16)
    at Layer.handle [as handle_request] (C:\Users\waleed\Source\CUI\Nodejs\14_REST\node_modules\express\lib\router\layer.js:95:5)
    at trim_prefix (C:\Users\waleed\Source\CUI\Nodejs\14_REST\node_modules\express\lib\router\index.js:317:13)
    at C:\Users\waleed\Source\CUI\Nodejs\14_REST\node_modules\express\lib\router\index.js:284:7
    at Function.process_params (C:\Users\waleed\Source\CUI\Nodejs\14_REST\node_modules\express\lib\router\index.js:335:12)
    at next (C:\Users\waleed\Source\CUI\Nodejs\14_REST\node_modules\express\lib\router\index.js:275:10)
    at expressInit (C:\Users\waleed\Source\CUI\Nodejs\14_REST\node_modules\express\lib\middleware\init.js:40:5)
    at Layer.handle [as handle_request] (C:\Users\waleed\Source\CUI\Nodejs\14_REST\node_modules\express\lib\router\layer.js:95:5)
[2021-04-18 14:10:17] [31merror[39m:  [object Object] 
[2021-04-18 14:10:21] [31merror[39m:  Cannot read property 'name' of undefined 
TypeError: Cannot read property 'name' of undefined
    at createUser (C:\Users\waleed\Source\CUI\Nodejs\14_REST\app\modules\users\controllers\user.controller.js:108:31)
    at Layer.handle [as handle_request] (C:\Users\waleed\Source\CUI\Nodejs\14_REST\node_modules\express\lib\router\layer.js:95:5)
    at next (C:\Users\waleed\Source\CUI\Nodejs\14_REST\node_modules\express\lib\router\route.js:137:13)
    at Route.dispatch (C:\Users\waleed\Source\CUI\Nodejs\14_REST\node_modules\express\lib\router\route.js:112:3)
    at Layer.handle [as handle_request] (C:\Users\waleed\Source\CUI\Nodejs\14_REST\node_modules\express\lib\router\layer.js:95:5)
    at C:\Users\waleed\Source\CUI\Nodejs\14_REST\node_modules\express\lib\router\index.js:281:22
    at Function.process_params (C:\Users\waleed\Source\CUI\Nodejs\14_REST\node_modules\express\lib\router\index.js:335:12)
    at next (C:\Users\waleed\Source\CUI\Nodejs\14_REST\node_modules\express\lib\router\index.js:275:10)
    at serveStatic (C:\Users\waleed\Source\CUI\Nodejs\14_REST\node_modules\serve-static\index.js:75:16)
    at Layer.handle [as handle_request] (C:\Users\waleed\Source\CUI\Nodejs\14_REST\node_modules\express\lib\router\layer.js:95:5)
    at trim_prefix (C:\Users\waleed\Source\CUI\Nodejs\14_REST\node_modules\express\lib\router\index.js:317:13)
    at C:\Users\waleed\Source\CUI\Nodejs\14_REST\node_modules\express\lib\router\index.js:284:7
    at Function.process_params (C:\Users\waleed\Source\CUI\Nodejs\14_REST\node_modules\express\lib\router\index.js:335:12)
    at next (C:\Users\waleed\Source\CUI\Nodejs\14_REST\node_modules\express\lib\router\index.js:275:10)
    at expressInit (C:\Users\waleed\Source\CUI\Nodejs\14_REST\node_modules\express\lib\middleware\init.js:40:5)
    at Layer.handle [as handle_request] (C:\Users\waleed\Source\CUI\Nodejs\14_REST\node_modules\express\lib\router\layer.js:95:5)
[2021-04-18 14:10:21] [31merror[39m:  [object Object] 
[2021-04-18 14:10:31] [31merror[39m:  Cannot read property 'name' of undefined 
TypeError: Cannot read property 'name' of undefined
    at createUser (C:\Users\waleed\Source\CUI\Nodejs\14_REST\app\modules\users\controllers\user.controller.js:108:31)
    at Layer.handle [as handle_request] (C:\Users\waleed\Source\CUI\Nodejs\14_REST\node_modules\express\lib\router\layer.js:95:5)
    at next (C:\Users\waleed\Source\CUI\Nodejs\14_REST\node_modules\express\lib\router\route.js:137:13)
    at Route.dispatch (C:\Users\waleed\Source\CUI\Nodejs\14_REST\node_modules\express\lib\router\route.js:112:3)
    at Layer.handle [as handle_request] (C:\Users\waleed\Source\CUI\Nodejs\14_REST\node_modules\express\lib\router\layer.js:95:5)
    at C:\Users\waleed\Source\CUI\Nodejs\14_REST\node_modules\express\lib\router\index.js:281:22
    at Function.process_params (C:\Users\waleed\Source\CUI\Nodejs\14_REST\node_modules\express\lib\router\index.js:335:12)
    at next (C:\Users\waleed\Source\CUI\Nodejs\14_REST\node_modules\express\lib\router\index.js:275:10)
    at serveStatic (C:\Users\waleed\Source\CUI\Nodejs\14_REST\node_modules\serve-static\index.js:75:16)
    at Layer.handle [as handle_request] (C:\Users\waleed\Source\CUI\Nodejs\14_REST\node_modules\express\lib\router\layer.js:95:5)
    at trim_prefix (C:\Users\waleed\Source\CUI\Nodejs\14_REST\node_modules\express\lib\router\index.js:317:13)
    at C:\Users\waleed\Source\CUI\Nodejs\14_REST\node_modules\express\lib\router\index.js:284:7
    at Function.process_params (C:\Users\waleed\Source\CUI\Nodejs\14_REST\node_modules\express\lib\router\index.js:335:12)
    at next (C:\Users\waleed\Source\CUI\Nodejs\14_REST\node_modules\express\lib\router\index.js:275:10)
    at expressInit (C:\Users\waleed\Source\CUI\Nodejs\14_REST\node_modules\express\lib\middleware\init.js:40:5)
    at Layer.handle [as handle_request] (C:\Users\waleed\Source\CUI\Nodejs\14_REST\node_modules\express\lib\router\layer.js:95:5)
[2021-04-18 14:10:31] [31merror[39m:  [object Object] 
[2021-04-18 14:10:35] [31merror[39m:  Cannot read property 'name' of undefined 
TypeError: Cannot read property 'name' of undefined
    at createUser (C:\Users\waleed\Source\CUI\Nodejs\14_REST\app\modules\users\controllers\user.controller.js:108:31)
    at Layer.handle [as handle_request] (C:\Users\waleed\Source\CUI\Nodejs\14_REST\node_modules\express\lib\router\layer.js:95:5)
    at next (C:\Users\waleed\Source\CUI\Nodejs\14_REST\node_modules\express\lib\router\route.js:137:13)
    at Route.dispatch (C:\Users\waleed\Source\CUI\Nodejs\14_REST\node_modules\express\lib\router\route.js:112:3)
    at Layer.handle [as handle_request] (C:\Users\waleed\Source\CUI\Nodejs\14_REST\node_modules\express\lib\router\layer.js:95:5)
    at C:\Users\waleed\Source\CUI\Nodejs\14_REST\node_modules\express\lib\router\index.js:281:22
    at Function.process_params (C:\Users\waleed\Source\CUI\Nodejs\14_REST\node_modules\express\lib\router\index.js:335:12)
    at next (C:\Users\waleed\Source\CUI\Nodejs\14_REST\node_modules\express\lib\router\index.js:275:10)
    at serveStatic (C:\Users\waleed\Source\CUI\Nodejs\14_REST\node_modules\serve-static\index.js:75:16)
    at Layer.handle [as handle_request] (C:\Users\waleed\Source\CUI\Nodejs\14_REST\node_modules\express\lib\router\layer.js:95:5)
    at trim_prefix (C:\Users\waleed\Source\CUI\Nodejs\14_REST\node_modules\express\lib\router\index.js:317:13)
    at C:\Users\waleed\Source\CUI\Nodejs\14_REST\node_modules\express\lib\router\index.js:284:7
    at Function.process_params (C:\Users\waleed\Source\CUI\Nodejs\14_REST\node_modules\express\lib\router\index.js:335:12)
    at next (C:\Users\waleed\Source\CUI\Nodejs\14_REST\node_modules\express\lib\router\index.js:275:10)
    at expressInit (C:\Users\waleed\Source\CUI\Nodejs\14_REST\node_modules\express\lib\middleware\init.js:40:5)
    at Layer.handle [as handle_request] (C:\Users\waleed\Source\CUI\Nodejs\14_REST\node_modules\express\lib\router\layer.js:95:5)
[2021-04-18 14:10:35] [31merror[39m:  [object Object] 
[2021-04-18 14:10:38] [31merror[39m:  Cannot read property 'name' of undefined 
TypeError: Cannot read property 'name' of undefined
    at createUser (C:\Users\waleed\Source\CUI\Nodejs\14_REST\app\modules\users\controllers\user.controller.js:108:31)
    at Layer.handle [as handle_request] (C:\Users\waleed\Source\CUI\Nodejs\14_REST\node_modules\express\lib\router\layer.js:95:5)
    at next (C:\Users\waleed\Source\CUI\Nodejs\14_REST\node_modules\express\lib\router\route.js:137:13)
    at Route.dispatch (C:\Users\waleed\Source\CUI\Nodejs\14_REST\node_modules\express\lib\router\route.js:112:3)
    at Layer.handle [as handle_request] (C:\Users\waleed\Source\CUI\Nodejs\14_REST\node_modules\express\lib\router\layer.js:95:5)
    at C:\Users\waleed\Source\CUI\Nodejs\14_REST\node_modules\express\lib\router\index.js:281:22
    at Function.process_params (C:\Users\waleed\Source\CUI\Nodejs\14_REST\node_modules\express\lib\router\index.js:335:12)
    at next (C:\Users\waleed\Source\CUI\Nodejs\14_REST\node_modules\express\lib\router\index.js:275:10)
    at serveStatic (C:\Users\waleed\Source\CUI\Nodejs\14_REST\node_modules\serve-static\index.js:75:16)
    at Layer.handle [as handle_request] (C:\Users\waleed\Source\CUI\Nodejs\14_REST\node_modules\express\lib\router\layer.js:95:5)
    at trim_prefix (C:\Users\waleed\Source\CUI\Nodejs\14_REST\node_modules\express\lib\router\index.js:317:13)
    at C:\Users\waleed\Source\CUI\Nodejs\14_REST\node_modules\express\lib\router\index.js:284:7
    at Function.process_params (C:\Users\waleed\Source\CUI\Nodejs\14_REST\node_modules\express\lib\router\index.js:335:12)
    at next (C:\Users\waleed\Source\CUI\Nodejs\14_REST\node_modules\express\lib\router\index.js:275:10)
    at expressInit (C:\Users\waleed\Source\CUI\Nodejs\14_REST\node_modules\express\lib\middleware\init.js:40:5)
    at Layer.handle [as handle_request] (C:\Users\waleed\Source\CUI\Nodejs\14_REST\node_modules\express\lib\router\layer.js:95:5)
[2021-04-18 14:10:38] [31merror[39m:  [object Object] 
[2021-04-18 14:11:27] [31merror[39m:  Cannot read property 'name' of undefined 
TypeError: Cannot read property 'name' of undefined
    at createUser (C:\Users\waleed\Source\CUI\Nodejs\14_REST\app\modules\users\controllers\user.controller.js:108:31)
    at Layer.handle [as handle_request] (C:\Users\waleed\Source\CUI\Nodejs\14_REST\node_modules\express\lib\router\layer.js:95:5)
    at next (C:\Users\waleed\Source\CUI\Nodejs\14_REST\node_modules\express\lib\router\route.js:137:13)
    at Route.dispatch (C:\Users\waleed\Source\CUI\Nodejs\14_REST\node_modules\express\lib\router\route.js:112:3)
    at Layer.handle [as handle_request] (C:\Users\waleed\Source\CUI\Nodejs\14_REST\node_modules\express\lib\router\layer.js:95:5)
    at C:\Users\waleed\Source\CUI\Nodejs\14_REST\node_modules\express\lib\router\index.js:281:22
    at Function.process_params (C:\Users\waleed\Source\CUI\Nodejs\14_REST\node_modules\express\lib\router\index.js:335:12)
    at next (C:\Users\waleed\Source\CUI\Nodejs\14_REST\node_modules\express\lib\router\index.js:275:10)
    at serveStatic (C:\Users\waleed\Source\CUI\Nodejs\14_REST\node_modules\serve-static\index.js:75:16)
    at Layer.handle [as handle_request] (C:\Users\waleed\Source\CUI\Nodejs\14_REST\node_modules\express\lib\router\layer.js:95:5)
    at trim_prefix (C:\Users\waleed\Source\CUI\Nodejs\14_REST\node_modules\express\lib\router\index.js:317:13)
    at C:\Users\waleed\Source\CUI\Nodejs\14_REST\node_modules\express\lib\router\index.js:284:7
    at Function.process_params (C:\Users\waleed\Source\CUI\Nodejs\14_REST\node_modules\express\lib\router\index.js:335:12)
    at next (C:\Users\waleed\Source\CUI\Nodejs\14_REST\node_modules\express\lib\router\index.js:275:10)
    at expressInit (C:\Users\waleed\Source\CUI\Nodejs\14_REST\node_modules\express\lib\middleware\init.js:40:5)
    at Layer.handle [as handle_request] (C:\Users\waleed\Source\CUI\Nodejs\14_REST\node_modules\express\lib\router\layer.js:95:5)
[2021-04-18 14:11:27] [31merror[39m:  [object Object] 
[2021-04-18 14:12:33] [31merror[39m:  Cannot read property 'name' of undefined 
TypeError: Cannot read property 'name' of undefined
    at createUser (C:\Users\waleed\Source\CUI\Nodejs\14_REST\app\modules\users\controllers\user.controller.js:108:31)
    at Layer.handle [as handle_request] (C:\Users\waleed\Source\CUI\Nodejs\14_REST\node_modules\express\lib\router\layer.js:95:5)
    at next (C:\Users\waleed\Source\CUI\Nodejs\14_REST\node_modules\express\lib\router\route.js:137:13)
    at Route.dispatch (C:\Users\waleed\Source\CUI\Nodejs\14_REST\node_modules\express\lib\router\route.js:112:3)
    at Layer.handle [as handle_request] (C:\Users\waleed\Source\CUI\Nodejs\14_REST\node_modules\express\lib\router\layer.js:95:5)
    at C:\Users\waleed\Source\CUI\Nodejs\14_REST\node_modules\express\lib\router\index.js:281:22
    at Function.process_params (C:\Users\waleed\Source\CUI\Nodejs\14_REST\node_modules\express\lib\router\index.js:335:12)
    at next (C:\Users\waleed\Source\CUI\Nodejs\14_REST\node_modules\express\lib\router\index.js:275:10)
    at serveStatic (C:\Users\waleed\Source\CUI\Nodejs\14_REST\node_modules\serve-static\index.js:75:16)
    at Layer.handle [as handle_request] (C:\Users\waleed\Source\CUI\Nodejs\14_REST\node_modules\express\lib\router\layer.js:95:5)
    at trim_prefix (C:\Users\waleed\Source\CUI\Nodejs\14_REST\node_modules\express\lib\router\index.js:317:13)
    at C:\Users\waleed\Source\CUI\Nodejs\14_REST\node_modules\express\lib\router\index.js:284:7
    at Function.process_params (C:\Users\waleed\Source\CUI\Nodejs\14_REST\node_modules\express\lib\router\index.js:335:12)
    at next (C:\Users\waleed\Source\CUI\Nodejs\14_REST\node_modules\express\lib\router\index.js:275:10)
    at expressInit (C:\Users\waleed\Source\CUI\Nodejs\14_REST\node_modules\express\lib\middleware\init.js:40:5)
    at Layer.handle [as handle_request] (C:\Users\waleed\Source\CUI\Nodejs\14_REST\node_modules\express\lib\router\layer.js:95:5)
[2021-04-18 14:12:33] [31merror[39m:  [object Object] 
[2021-04-18 14:13:25] [31merror[39m:  Cannot read property 'name' of undefined 
TypeError: Cannot read property 'name' of undefined
    at createUser (C:\Users\waleed\Source\CUI\Nodejs\14_REST\app\modules\users\controllers\user.controller.js:108:31)
    at Layer.handle [as handle_request] (C:\Users\waleed\Source\CUI\Nodejs\14_REST\node_modules\express\lib\router\layer.js:95:5)
    at next (C:\Users\waleed\Source\CUI\Nodejs\14_REST\node_modules\express\lib\router\route.js:137:13)
    at Route.dispatch (C:\Users\waleed\Source\CUI\Nodejs\14_REST\node_modules\express\lib\router\route.js:112:3)
    at Layer.handle [as handle_request] (C:\Users\waleed\Source\CUI\Nodejs\14_REST\node_modules\express\lib\router\layer.js:95:5)
    at C:\Users\waleed\Source\CUI\Nodejs\14_REST\node_modules\express\lib\router\index.js:281:22
    at Function.process_params (C:\Users\waleed\Source\CUI\Nodejs\14_REST\node_modules\express\lib\router\index.js:335:12)
    at next (C:\Users\waleed\Source\CUI\Nodejs\14_REST\node_modules\express\lib\router\index.js:275:10)
    at serveStatic (C:\Users\waleed\Source\CUI\Nodejs\14_REST\node_modules\serve-static\index.js:75:16)
    at Layer.handle [as handle_request] (C:\Users\waleed\Source\CUI\Nodejs\14_REST\node_modules\express\lib\router\layer.js:95:5)
    at trim_prefix (C:\Users\waleed\Source\CUI\Nodejs\14_REST\node_modules\express\lib\router\index.js:317:13)
    at C:\Users\waleed\Source\CUI\Nodejs\14_REST\node_modules\express\lib\router\index.js:284:7
    at Function.process_params (C:\Users\waleed\Source\CUI\Nodejs\14_REST\node_modules\express\lib\router\index.js:335:12)
    at next (C:\Users\waleed\Source\CUI\Nodejs\14_REST\node_modules\express\lib\router\index.js:275:10)
    at expressInit (C:\Users\waleed\Source\CUI\Nodejs\14_REST\node_modules\express\lib\middleware\init.js:40:5)
    at Layer.handle [as handle_request] (C:\Users\waleed\Source\CUI\Nodejs\14_REST\node_modules\express\lib\router\layer.js:95:5)
[2021-04-18 14:13:25] [31merror[39m:  [object Object] 
[2021-04-18 14:14:07] [31merror[39m:  Cannot read property 'name' of undefined 
TypeError: Cannot read property 'name' of undefined
    at createUser (C:\Users\waleed\Source\CUI\Nodejs\14_REST\app\modules\users\controllers\user.controller.js:108:31)
    at Layer.handle [as handle_request] (C:\Users\waleed\Source\CUI\Nodejs\14_REST\node_modules\express\lib\router\layer.js:95:5)
    at next (C:\Users\waleed\Source\CUI\Nodejs\14_REST\node_modules\express\lib\router\route.js:137:13)
    at Route.dispatch (C:\Users\waleed\Source\CUI\Nodejs\14_REST\node_modules\express\lib\router\route.js:112:3)
    at Layer.handle [as handle_request] (C:\Users\waleed\Source\CUI\Nodejs\14_REST\node_modules\express\lib\router\layer.js:95:5)
    at C:\Users\waleed\Source\CUI\Nodejs\14_REST\node_modules\express\lib\router\index.js:281:22
    at Function.process_params (C:\Users\waleed\Source\CUI\Nodejs\14_REST\node_modules\express\lib\router\index.js:335:12)
    at next (C:\Users\waleed\Source\CUI\Nodejs\14_REST\node_modules\express\lib\router\index.js:275:10)
    at serveStatic (C:\Users\waleed\Source\CUI\Nodejs\14_REST\node_modules\serve-static\index.js:75:16)
    at Layer.handle [as handle_request] (C:\Users\waleed\Source\CUI\Nodejs\14_REST\node_modules\express\lib\router\layer.js:95:5)
    at trim_prefix (C:\Users\waleed\Source\CUI\Nodejs\14_REST\node_modules\express\lib\router\index.js:317:13)
    at C:\Users\waleed\Source\CUI\Nodejs\14_REST\node_modules\express\lib\router\index.js:284:7
    at Function.process_params (C:\Users\waleed\Source\CUI\Nodejs\14_REST\node_modules\express\lib\router\index.js:335:12)
    at next (C:\Users\waleed\Source\CUI\Nodejs\14_REST\node_modules\express\lib\router\index.js:275:10)
    at expressInit (C:\Users\waleed\Source\CUI\Nodejs\14_REST\node_modules\express\lib\middleware\init.js:40:5)
    at Layer.handle [as handle_request] (C:\Users\waleed\Source\CUI\Nodejs\14_REST\node_modules\express\lib\router\layer.js:95:5)
[2021-04-18 14:14:33] [31merror[39m:  Cannot read property 'name' of undefined 
TypeError: Cannot read property 'name' of undefined
    at createUser (C:\Users\waleed\Source\CUI\Nodejs\14_REST\app\modules\users\controllers\user.controller.js:108:31)
    at Layer.handle [as handle_request] (C:\Users\waleed\Source\CUI\Nodejs\14_REST\node_modules\express\lib\router\layer.js:95:5)
    at next (C:\Users\waleed\Source\CUI\Nodejs\14_REST\node_modules\express\lib\router\route.js:137:13)
    at Route.dispatch (C:\Users\waleed\Source\CUI\Nodejs\14_REST\node_modules\express\lib\router\route.js:112:3)
    at Layer.handle [as handle_request] (C:\Users\waleed\Source\CUI\Nodejs\14_REST\node_modules\express\lib\router\layer.js:95:5)
    at C:\Users\waleed\Source\CUI\Nodejs\14_REST\node_modules\express\lib\router\index.js:281:22
    at Function.process_params (C:\Users\waleed\Source\CUI\Nodejs\14_REST\node_modules\express\lib\router\index.js:335:12)
    at next (C:\Users\waleed\Source\CUI\Nodejs\14_REST\node_modules\express\lib\router\index.js:275:10)
    at serveStatic (C:\Users\waleed\Source\CUI\Nodejs\14_REST\node_modules\serve-static\index.js:75:16)
    at Layer.handle [as handle_request] (C:\Users\waleed\Source\CUI\Nodejs\14_REST\node_modules\express\lib\router\layer.js:95:5)
    at trim_prefix (C:\Users\waleed\Source\CUI\Nodejs\14_REST\node_modules\express\lib\router\index.js:317:13)
    at C:\Users\waleed\Source\CUI\Nodejs\14_REST\node_modules\express\lib\router\index.js:284:7
    at Function.process_params (C:\Users\waleed\Source\CUI\Nodejs\14_REST\node_modules\express\lib\router\index.js:335:12)
    at next (C:\Users\waleed\Source\CUI\Nodejs\14_REST\node_modules\express\lib\router\index.js:275:10)
    at expressInit (C:\Users\waleed\Source\CUI\Nodejs\14_REST\node_modules\express\lib\middleware\init.js:40:5)
    at Layer.handle [as handle_request] (C:\Users\waleed\Source\CUI\Nodejs\14_REST\node_modules\express\lib\router\layer.js:95:5)
[2021-04-18 14:15:36] [31merror[39m:  Cannot read property 'name' of undefined 
TypeError: Cannot read property 'name' of undefined
    at createUser (C:\Users\waleed\Source\CUI\Nodejs\14_REST\app\modules\users\controllers\user.controller.js:108:31)
    at Layer.handle [as handle_request] (C:\Users\waleed\Source\CUI\Nodejs\14_REST\node_modules\express\lib\router\layer.js:95:5)
    at next (C:\Users\waleed\Source\CUI\Nodejs\14_REST\node_modules\express\lib\router\route.js:137:13)
    at Route.dispatch (C:\Users\waleed\Source\CUI\Nodejs\14_REST\node_modules\express\lib\router\route.js:112:3)
    at Layer.handle [as handle_request] (C:\Users\waleed\Source\CUI\Nodejs\14_REST\node_modules\express\lib\router\layer.js:95:5)
    at C:\Users\waleed\Source\CUI\Nodejs\14_REST\node_modules\express\lib\router\index.js:281:22
    at Function.process_params (C:\Users\waleed\Source\CUI\Nodejs\14_REST\node_modules\express\lib\router\index.js:335:12)
    at next (C:\Users\waleed\Source\CUI\Nodejs\14_REST\node_modules\express\lib\router\index.js:275:10)
    at serveStatic (C:\Users\waleed\Source\CUI\Nodejs\14_REST\node_modules\serve-static\index.js:75:16)
    at Layer.handle [as handle_request] (C:\Users\waleed\Source\CUI\Nodejs\14_REST\node_modules\express\lib\router\layer.js:95:5)
    at trim_prefix (C:\Users\waleed\Source\CUI\Nodejs\14_REST\node_modules\express\lib\router\index.js:317:13)
    at C:\Users\waleed\Source\CUI\Nodejs\14_REST\node_modules\express\lib\router\index.js:284:7
    at Function.process_params (C:\Users\waleed\Source\CUI\Nodejs\14_REST\node_modules\express\lib\router\index.js:335:12)
    at next (C:\Users\waleed\Source\CUI\Nodejs\14_REST\node_modules\express\lib\router\index.js:275:10)
    at expressInit (C:\Users\waleed\Source\CUI\Nodejs\14_REST\node_modules\express\lib\middleware\init.js:40:5)
    at Layer.handle [as handle_request] (C:\Users\waleed\Source\CUI\Nodejs\14_REST\node_modules\express\lib\router\layer.js:95:5)
[2021-04-18 14:15:36] [31merror[39m:  [object Object] 
[2021-04-18 14:16:17] [31merror[39m:  Cannot read property 'name' of undefined 
TypeError: Cannot read property 'name' of undefined
    at createUser (C:\Users\waleed\Source\CUI\Nodejs\14_REST\app\modules\users\controllers\user.controller.js:108:31)
    at Layer.handle [as handle_request] (C:\Users\waleed\Source\CUI\Nodejs\14_REST\node_modules\express\lib\router\layer.js:95:5)
    at next (C:\Users\waleed\Source\CUI\Nodejs\14_REST\node_modules\express\lib\router\route.js:137:13)
    at Route.dispatch (C:\Users\waleed\Source\CUI\Nodejs\14_REST\node_modules\express\lib\router\route.js:112:3)
    at Layer.handle [as handle_request] (C:\Users\waleed\Source\CUI\Nodejs\14_REST\node_modules\express\lib\router\layer.js:95:5)
    at C:\Users\waleed\Source\CUI\Nodejs\14_REST\node_modules\express\lib\router\index.js:281:22
    at Function.process_params (C:\Users\waleed\Source\CUI\Nodejs\14_REST\node_modules\express\lib\router\index.js:335:12)
    at next (C:\Users\waleed\Source\CUI\Nodejs\14_REST\node_modules\express\lib\router\index.js:275:10)
    at serveStatic (C:\Users\waleed\Source\CUI\Nodejs\14_REST\node_modules\serve-static\index.js:75:16)
    at Layer.handle [as handle_request] (C:\Users\waleed\Source\CUI\Nodejs\14_REST\node_modules\express\lib\router\layer.js:95:5)
    at trim_prefix (C:\Users\waleed\Source\CUI\Nodejs\14_REST\node_modules\express\lib\router\index.js:317:13)
    at C:\Users\waleed\Source\CUI\Nodejs\14_REST\node_modules\express\lib\router\index.js:284:7
    at Function.process_params (C:\Users\waleed\Source\CUI\Nodejs\14_REST\node_modules\express\lib\router\index.js:335:12)
    at next (C:\Users\waleed\Source\CUI\Nodejs\14_REST\node_modules\express\lib\router\index.js:275:10)
    at expressInit (C:\Users\waleed\Source\CUI\Nodejs\14_REST\node_modules\express\lib\middleware\init.js:40:5)
    at Layer.handle [as handle_request] (C:\Users\waleed\Source\CUI\Nodejs\14_REST\node_modules\express\lib\router\layer.js:95:5)
[2021-04-18 14:16:17] [31merror[39m:  [object Object] 
[2021-04-18 14:16:44] [31merror[39m:  Cannot read property 'name' of undefined 
TypeError: Cannot read property 'name' of undefined
    at createUser (C:\Users\waleed\Source\CUI\Nodejs\14_REST\app\modules\users\controllers\user.controller.js:108:31)
    at Layer.handle [as handle_request] (C:\Users\waleed\Source\CUI\Nodejs\14_REST\node_modules\express\lib\router\layer.js:95:5)
    at next (C:\Users\waleed\Source\CUI\Nodejs\14_REST\node_modules\express\lib\router\route.js:137:13)
    at Route.dispatch (C:\Users\waleed\Source\CUI\Nodejs\14_REST\node_modules\express\lib\router\route.js:112:3)
    at Layer.handle [as handle_request] (C:\Users\waleed\Source\CUI\Nodejs\14_REST\node_modules\express\lib\router\layer.js:95:5)
    at C:\Users\waleed\Source\CUI\Nodejs\14_REST\node_modules\express\lib\router\index.js:281:22
    at Function.process_params (C:\Users\waleed\Source\CUI\Nodejs\14_REST\node_modules\express\lib\router\index.js:335:12)
    at next (C:\Users\waleed\Source\CUI\Nodejs\14_REST\node_modules\express\lib\router\index.js:275:10)
    at serveStatic (C:\Users\waleed\Source\CUI\Nodejs\14_REST\node_modules\serve-static\index.js:75:16)
    at Layer.handle [as handle_request] (C:\Users\waleed\Source\CUI\Nodejs\14_REST\node_modules\express\lib\router\layer.js:95:5)
    at trim_prefix (C:\Users\waleed\Source\CUI\Nodejs\14_REST\node_modules\express\lib\router\index.js:317:13)
    at C:\Users\waleed\Source\CUI\Nodejs\14_REST\node_modules\express\lib\router\index.js:284:7
    at Function.process_params (C:\Users\waleed\Source\CUI\Nodejs\14_REST\node_modules\express\lib\router\index.js:335:12)
    at next (C:\Users\waleed\Source\CUI\Nodejs\14_REST\node_modules\express\lib\router\index.js:275:10)
    at expressInit (C:\Users\waleed\Source\CUI\Nodejs\14_REST\node_modules\express\lib\middleware\init.js:40:5)
    at Layer.handle [as handle_request] (C:\Users\waleed\Source\CUI\Nodejs\14_REST\node_modules\express\lib\router\layer.js:95:5)
[2021-04-18 14:16:44] [31merror[39m:  [object Object] 
[2021-04-18 14:17:38] [31merror[39m:  Cannot read property 'name' of undefined 
TypeError: Cannot read property 'name' of undefined
    at createUser (C:\Users\waleed\Source\CUI\Nodejs\14_REST\app\modules\users\controllers\user.controller.js:108:31)
    at Layer.handle [as handle_request] (C:\Users\waleed\Source\CUI\Nodejs\14_REST\node_modules\express\lib\router\layer.js:95:5)
    at next (C:\Users\waleed\Source\CUI\Nodejs\14_REST\node_modules\express\lib\router\route.js:137:13)
    at Route.dispatch (C:\Users\waleed\Source\CUI\Nodejs\14_REST\node_modules\express\lib\router\route.js:112:3)
    at Layer.handle [as handle_request] (C:\Users\waleed\Source\CUI\Nodejs\14_REST\node_modules\express\lib\router\layer.js:95:5)
    at C:\Users\waleed\Source\CUI\Nodejs\14_REST\node_modules\express\lib\router\index.js:281:22
    at Function.process_params (C:\Users\waleed\Source\CUI\Nodejs\14_REST\node_modules\express\lib\router\index.js:335:12)
    at next (C:\Users\waleed\Source\CUI\Nodejs\14_REST\node_modules\express\lib\router\index.js:275:10)
    at serveStatic (C:\Users\waleed\Source\CUI\Nodejs\14_REST\node_modules\serve-static\index.js:75:16)
    at Layer.handle [as handle_request] (C:\Users\waleed\Source\CUI\Nodejs\14_REST\node_modules\express\lib\router\layer.js:95:5)
    at trim_prefix (C:\Users\waleed\Source\CUI\Nodejs\14_REST\node_modules\express\lib\router\index.js:317:13)
    at C:\Users\waleed\Source\CUI\Nodejs\14_REST\node_modules\express\lib\router\index.js:284:7
    at Function.process_params (C:\Users\waleed\Source\CUI\Nodejs\14_REST\node_modules\express\lib\router\index.js:335:12)
    at next (C:\Users\waleed\Source\CUI\Nodejs\14_REST\node_modules\express\lib\router\index.js:275:10)
    at expressInit (C:\Users\waleed\Source\CUI\Nodejs\14_REST\node_modules\express\lib\middleware\init.js:40:5)
    at Layer.handle [as handle_request] (C:\Users\waleed\Source\CUI\Nodejs\14_REST\node_modules\express\lib\router\layer.js:95:5)
[2021-04-18 14:17:38] [31merror[39m:  [object Object] 
[2021-04-18 14:17:45] [31merror[39m:  Cannot read property 'name' of undefined 
TypeError: Cannot read property 'name' of undefined
    at createUser (C:\Users\waleed\Source\CUI\Nodejs\14_REST\app\modules\users\controllers\user.controller.js:108:31)
    at Layer.handle [as handle_request] (C:\Users\waleed\Source\CUI\Nodejs\14_REST\node_modules\express\lib\router\layer.js:95:5)
    at next (C:\Users\waleed\Source\CUI\Nodejs\14_REST\node_modules\express\lib\router\route.js:137:13)
    at Route.dispatch (C:\Users\waleed\Source\CUI\Nodejs\14_REST\node_modules\express\lib\router\route.js:112:3)
    at Layer.handle [as handle_request] (C:\Users\waleed\Source\CUI\Nodejs\14_REST\node_modules\express\lib\router\layer.js:95:5)
    at C:\Users\waleed\Source\CUI\Nodejs\14_REST\node_modules\express\lib\router\index.js:281:22
    at Function.process_params (C:\Users\waleed\Source\CUI\Nodejs\14_REST\node_modules\express\lib\router\index.js:335:12)
    at next (C:\Users\waleed\Source\CUI\Nodejs\14_REST\node_modules\express\lib\router\index.js:275:10)
    at serveStatic (C:\Users\waleed\Source\CUI\Nodejs\14_REST\node_modules\serve-static\index.js:75:16)
    at Layer.handle [as handle_request] (C:\Users\waleed\Source\CUI\Nodejs\14_REST\node_modules\express\lib\router\layer.js:95:5)
    at trim_prefix (C:\Users\waleed\Source\CUI\Nodejs\14_REST\node_modules\express\lib\router\index.js:317:13)
    at C:\Users\waleed\Source\CUI\Nodejs\14_REST\node_modules\express\lib\router\index.js:284:7
    at Function.process_params (C:\Users\waleed\Source\CUI\Nodejs\14_REST\node_modules\express\lib\router\index.js:335:12)
    at next (C:\Users\waleed\Source\CUI\Nodejs\14_REST\node_modules\express\lib\router\index.js:275:10)
    at expressInit (C:\Users\waleed\Source\CUI\Nodejs\14_REST\node_modules\express\lib\middleware\init.js:40:5)
    at Layer.handle [as handle_request] (C:\Users\waleed\Source\CUI\Nodejs\14_REST\node_modules\express\lib\router\layer.js:95:5)
[2021-04-18 14:17:45] [31merror[39m:  [object Object] 
[2021-04-18 14:17:48] [31merror[39m:  Cannot read property 'name' of undefined 
TypeError: Cannot read property 'name' of undefined
    at createUser (C:\Users\waleed\Source\CUI\Nodejs\14_REST\app\modules\users\controllers\user.controller.js:108:31)
    at Layer.handle [as handle_request] (C:\Users\waleed\Source\CUI\Nodejs\14_REST\node_modules\express\lib\router\layer.js:95:5)
    at next (C:\Users\waleed\Source\CUI\Nodejs\14_REST\node_modules\express\lib\router\route.js:137:13)
    at Route.dispatch (C:\Users\waleed\Source\CUI\Nodejs\14_REST\node_modules\express\lib\router\route.js:112:3)
    at Layer.handle [as handle_request] (C:\Users\waleed\Source\CUI\Nodejs\14_REST\node_modules\express\lib\router\layer.js:95:5)
    at C:\Users\waleed\Source\CUI\Nodejs\14_REST\node_modules\express\lib\router\index.js:281:22
    at Function.process_params (C:\Users\waleed\Source\CUI\Nodejs\14_REST\node_modules\express\lib\router\index.js:335:12)
    at next (C:\Users\waleed\Source\CUI\Nodejs\14_REST\node_modules\express\lib\router\index.js:275:10)
    at serveStatic (C:\Users\waleed\Source\CUI\Nodejs\14_REST\node_modules\serve-static\index.js:75:16)
    at Layer.handle [as handle_request] (C:\Users\waleed\Source\CUI\Nodejs\14_REST\node_modules\express\lib\router\layer.js:95:5)
    at trim_prefix (C:\Users\waleed\Source\CUI\Nodejs\14_REST\node_modules\express\lib\router\index.js:317:13)
    at C:\Users\waleed\Source\CUI\Nodejs\14_REST\node_modules\express\lib\router\index.js:284:7
    at Function.process_params (C:\Users\waleed\Source\CUI\Nodejs\14_REST\node_modules\express\lib\router\index.js:335:12)
    at next (C:\Users\waleed\Source\CUI\Nodejs\14_REST\node_modules\express\lib\router\index.js:275:10)
    at expressInit (C:\Users\waleed\Source\CUI\Nodejs\14_REST\node_modules\express\lib\middleware\init.js:40:5)
    at Layer.handle [as handle_request] (C:\Users\waleed\Source\CUI\Nodejs\14_REST\node_modules\express\lib\router\layer.js:95:5)
[2021-04-18 14:17:48] [31merror[39m:  [object Object] 
[2021-04-18 14:17:51] [31merror[39m:  Cannot read property 'name' of undefined 
TypeError: Cannot read property 'name' of undefined
    at createUser (C:\Users\waleed\Source\CUI\Nodejs\14_REST\app\modules\users\controllers\user.controller.js:108:31)
    at Layer.handle [as handle_request] (C:\Users\waleed\Source\CUI\Nodejs\14_REST\node_modules\express\lib\router\layer.js:95:5)
    at next (C:\Users\waleed\Source\CUI\Nodejs\14_REST\node_modules\express\lib\router\route.js:137:13)
    at Route.dispatch (C:\Users\waleed\Source\CUI\Nodejs\14_REST\node_modules\express\lib\router\route.js:112:3)
    at Layer.handle [as handle_request] (C:\Users\waleed\Source\CUI\Nodejs\14_REST\node_modules\express\lib\router\layer.js:95:5)
    at C:\Users\waleed\Source\CUI\Nodejs\14_REST\node_modules\express\lib\router\index.js:281:22
    at Function.process_params (C:\Users\waleed\Source\CUI\Nodejs\14_REST\node_modules\express\lib\router\index.js:335:12)
    at next (C:\Users\waleed\Source\CUI\Nodejs\14_REST\node_modules\express\lib\router\index.js:275:10)
    at serveStatic (C:\Users\waleed\Source\CUI\Nodejs\14_REST\node_modules\serve-static\index.js:75:16)
    at Layer.handle [as handle_request] (C:\Users\waleed\Source\CUI\Nodejs\14_REST\node_modules\express\lib\router\layer.js:95:5)
    at trim_prefix (C:\Users\waleed\Source\CUI\Nodejs\14_REST\node_modules\express\lib\router\index.js:317:13)
    at C:\Users\waleed\Source\CUI\Nodejs\14_REST\node_modules\express\lib\router\index.js:284:7
    at Function.process_params (C:\Users\waleed\Source\CUI\Nodejs\14_REST\node_modules\express\lib\router\index.js:335:12)
    at next (C:\Users\waleed\Source\CUI\Nodejs\14_REST\node_modules\express\lib\router\index.js:275:10)
    at expressInit (C:\Users\waleed\Source\CUI\Nodejs\14_REST\node_modules\express\lib\middleware\init.js:40:5)
    at Layer.handle [as handle_request] (C:\Users\waleed\Source\CUI\Nodejs\14_REST\node_modules\express\lib\router\layer.js:95:5)
[2021-04-18 14:17:51] [31merror[39m:  [object Object] 
[2021-04-18 14:17:58] [31merror[39m:  Cannot read property 'name' of undefined 
TypeError: Cannot read property 'name' of undefined
    at createUser (C:\Users\waleed\Source\CUI\Nodejs\14_REST\app\modules\users\controllers\user.controller.js:108:31)
    at Layer.handle [as handle_request] (C:\Users\waleed\Source\CUI\Nodejs\14_REST\node_modules\express\lib\router\layer.js:95:5)
    at next (C:\Users\waleed\Source\CUI\Nodejs\14_REST\node_modules\express\lib\router\route.js:137:13)
    at Route.dispatch (C:\Users\waleed\Source\CUI\Nodejs\14_REST\node_modules\express\lib\router\route.js:112:3)
    at Layer.handle [as handle_request] (C:\Users\waleed\Source\CUI\Nodejs\14_REST\node_modules\express\lib\router\layer.js:95:5)
    at C:\Users\waleed\Source\CUI\Nodejs\14_REST\node_modules\express\lib\router\index.js:281:22
    at Function.process_params (C:\Users\waleed\Source\CUI\Nodejs\14_REST\node_modules\express\lib\router\index.js:335:12)
    at next (C:\Users\waleed\Source\CUI\Nodejs\14_REST\node_modules\express\lib\router\index.js:275:10)
    at serveStatic (C:\Users\waleed\Source\CUI\Nodejs\14_REST\node_modules\serve-static\index.js:75:16)
    at Layer.handle [as handle_request] (C:\Users\waleed\Source\CUI\Nodejs\14_REST\node_modules\express\lib\router\layer.js:95:5)
    at trim_prefix (C:\Users\waleed\Source\CUI\Nodejs\14_REST\node_modules\express\lib\router\index.js:317:13)
    at C:\Users\waleed\Source\CUI\Nodejs\14_REST\node_modules\express\lib\router\index.js:284:7
    at Function.process_params (C:\Users\waleed\Source\CUI\Nodejs\14_REST\node_modules\express\lib\router\index.js:335:12)
    at next (C:\Users\waleed\Source\CUI\Nodejs\14_REST\node_modules\express\lib\router\index.js:275:10)
    at expressInit (C:\Users\waleed\Source\CUI\Nodejs\14_REST\node_modules\express\lib\middleware\init.js:40:5)
    at Layer.handle [as handle_request] (C:\Users\waleed\Source\CUI\Nodejs\14_REST\node_modules\express\lib\router\layer.js:95:5)
[2021-04-18 14:17:58] [31merror[39m:  [object Object] 
[2021-04-18 14:18:03] [31merror[39m:  Cannot read property 'name' of undefined 
TypeError: Cannot read property 'name' of undefined
    at createUser (C:\Users\waleed\Source\CUI\Nodejs\14_REST\app\modules\users\controllers\user.controller.js:108:31)
    at Layer.handle [as handle_request] (C:\Users\waleed\Source\CUI\Nodejs\14_REST\node_modules\express\lib\router\layer.js:95:5)
    at next (C:\Users\waleed\Source\CUI\Nodejs\14_REST\node_modules\express\lib\router\route.js:137:13)
    at Route.dispatch (C:\Users\waleed\Source\CUI\Nodejs\14_REST\node_modules\express\lib\router\route.js:112:3)
    at Layer.handle [as handle_request] (C:\Users\waleed\Source\CUI\Nodejs\14_REST\node_modules\express\lib\router\layer.js:95:5)
    at C:\Users\waleed\Source\CUI\Nodejs\14_REST\node_modules\express\lib\router\index.js:281:22
    at Function.process_params (C:\Users\waleed\Source\CUI\Nodejs\14_REST\node_modules\express\lib\router\index.js:335:12)
    at next (C:\Users\waleed\Source\CUI\Nodejs\14_REST\node_modules\express\lib\router\index.js:275:10)
    at serveStatic (C:\Users\waleed\Source\CUI\Nodejs\14_REST\node_modules\serve-static\index.js:75:16)
    at Layer.handle [as handle_request] (C:\Users\waleed\Source\CUI\Nodejs\14_REST\node_modules\express\lib\router\layer.js:95:5)
    at trim_prefix (C:\Users\waleed\Source\CUI\Nodejs\14_REST\node_modules\express\lib\router\index.js:317:13)
    at C:\Users\waleed\Source\CUI\Nodejs\14_REST\node_modules\express\lib\router\index.js:284:7
    at Function.process_params (C:\Users\waleed\Source\CUI\Nodejs\14_REST\node_modules\express\lib\router\index.js:335:12)
    at next (C:\Users\waleed\Source\CUI\Nodejs\14_REST\node_modules\express\lib\router\index.js:275:10)
    at expressInit (C:\Users\waleed\Source\CUI\Nodejs\14_REST\node_modules\express\lib\middleware\init.js:40:5)
    at Layer.handle [as handle_request] (C:\Users\waleed\Source\CUI\Nodejs\14_REST\node_modules\express\lib\router\layer.js:95:5)
[2021-04-18 14:18:03] [31merror[39m:  [object Object] 
[2021-04-18 14:18:17] [31merror[39m:  Cannot read property 'name' of undefined 
TypeError: Cannot read property 'name' of undefined
    at createUser (C:\Users\waleed\Source\CUI\Nodejs\14_REST\app\modules\users\controllers\user.controller.js:108:31)
    at Layer.handle [as handle_request] (C:\Users\waleed\Source\CUI\Nodejs\14_REST\node_modules\express\lib\router\layer.js:95:5)
    at next (C:\Users\waleed\Source\CUI\Nodejs\14_REST\node_modules\express\lib\router\route.js:137:13)
    at Route.dispatch (C:\Users\waleed\Source\CUI\Nodejs\14_REST\node_modules\express\lib\router\route.js:112:3)
    at Layer.handle [as handle_request] (C:\Users\waleed\Source\CUI\Nodejs\14_REST\node_modules\express\lib\router\layer.js:95:5)
    at C:\Users\waleed\Source\CUI\Nodejs\14_REST\node_modules\express\lib\router\index.js:281:22
    at Function.process_params (C:\Users\waleed\Source\CUI\Nodejs\14_REST\node_modules\express\lib\router\index.js:335:12)
    at next (C:\Users\waleed\Source\CUI\Nodejs\14_REST\node_modules\express\lib\router\index.js:275:10)
    at serveStatic (C:\Users\waleed\Source\CUI\Nodejs\14_REST\node_modules\serve-static\index.js:75:16)
    at Layer.handle [as handle_request] (C:\Users\waleed\Source\CUI\Nodejs\14_REST\node_modules\express\lib\router\layer.js:95:5)
    at trim_prefix (C:\Users\waleed\Source\CUI\Nodejs\14_REST\node_modules\express\lib\router\index.js:317:13)
    at C:\Users\waleed\Source\CUI\Nodejs\14_REST\node_modules\express\lib\router\index.js:284:7
    at Function.process_params (C:\Users\waleed\Source\CUI\Nodejs\14_REST\node_modules\express\lib\router\index.js:335:12)
    at next (C:\Users\waleed\Source\CUI\Nodejs\14_REST\node_modules\express\lib\router\index.js:275:10)
    at expressInit (C:\Users\waleed\Source\CUI\Nodejs\14_REST\node_modules\express\lib\middleware\init.js:40:5)
    at Layer.handle [as handle_request] (C:\Users\waleed\Source\CUI\Nodejs\14_REST\node_modules\express\lib\router\layer.js:95:5)
[2021-04-18 14:18:17] [31merror[39m:  [object Object] 
[2021-04-18 14:21:34] [31merror[39m:  Cannot read property 'name' of undefined 
TypeError: Cannot read property 'name' of undefined
    at createUser (C:\Users\waleed\Source\CUI\Nodejs\14_REST\app\modules\users\controllers\user.controller.js:108:31)
    at Layer.handle [as handle_request] (C:\Users\waleed\Source\CUI\Nodejs\14_REST\node_modules\express\lib\router\layer.js:95:5)
    at next (C:\Users\waleed\Source\CUI\Nodejs\14_REST\node_modules\express\lib\router\route.js:137:13)
    at Route.dispatch (C:\Users\waleed\Source\CUI\Nodejs\14_REST\node_modules\express\lib\router\route.js:112:3)
    at Layer.handle [as handle_request] (C:\Users\waleed\Source\CUI\Nodejs\14_REST\node_modules\express\lib\router\layer.js:95:5)
    at C:\Users\waleed\Source\CUI\Nodejs\14_REST\node_modules\express\lib\router\index.js:281:22
    at Function.process_params (C:\Users\waleed\Source\CUI\Nodejs\14_REST\node_modules\express\lib\router\index.js:335:12)
    at next (C:\Users\waleed\Source\CUI\Nodejs\14_REST\node_modules\express\lib\router\index.js:275:10)
    at serveStatic (C:\Users\waleed\Source\CUI\Nodejs\14_REST\node_modules\serve-static\index.js:75:16)
    at Layer.handle [as handle_request] (C:\Users\waleed\Source\CUI\Nodejs\14_REST\node_modules\express\lib\router\layer.js:95:5)
    at trim_prefix (C:\Users\waleed\Source\CUI\Nodejs\14_REST\node_modules\express\lib\router\index.js:317:13)
    at C:\Users\waleed\Source\CUI\Nodejs\14_REST\node_modules\express\lib\router\index.js:284:7
    at Function.process_params (C:\Users\waleed\Source\CUI\Nodejs\14_REST\node_modules\express\lib\router\index.js:335:12)
    at next (C:\Users\waleed\Source\CUI\Nodejs\14_REST\node_modules\express\lib\router\index.js:275:10)
    at expressInit (C:\Users\waleed\Source\CUI\Nodejs\14_REST\node_modules\express\lib\middleware\init.js:40:5)
    at Layer.handle [as handle_request] (C:\Users\waleed\Source\CUI\Nodejs\14_REST\node_modules\express\lib\router\layer.js:95:5)
[2021-04-18 14:21:34] [31merror[39m:  [object Object] 
[2021-04-18 14:32:28] [31merror[39m:  [object Object] 
[2021-04-18 14:33:58] [31merror[39m:  [object Object] 
[2021-04-18 14:35:17] [31merror[39m:  [object Object] 
[2021-04-18 14:35:25] [31merror[39m:  [object Object] 
[2021-04-18 14:35:41] [31merror[39m:  [object Object] 
[2021-04-18 14:38:05] [31merror[39m:  [object Object] 
[2021-04-18 14:38:47] [31merror[39m:  [object Object] 
[2021-04-18 14:39:23] [31merror[39m:  [object Object] 
[2021-04-18 14:39:42] [31merror[39m:  [object Object] 
[2021-04-18 14:41:38] [31merror[39m:  [object Object] 
[2021-04-18 14:42:19] [31merror[39m:  [object Object] 
[2021-04-18 14:42:48] [31merror[39m:  [object Object] 
[2021-04-18 14:44:36] [31merror[39m:  [object Object] 
[2021-04-18 14:46:07] [31merror[39m:  [object Object] 
[2021-04-18 14:55:16] [31merror[39m:  [object Object] 
[2021-04-18 14:55:38] [31merror[39m:  [object Object] 
[2021-04-18 14:56:45] [31merror[39m:  [object Object] 
[2021-04-18 14:57:23] [31merror[39m:  [object Object] 
