[2021-04-17 15:40:25] [32minfo[39m:  [1m[32mServer is listening on port 3000[39m[22m 
[2021-04-17 15:40:26] [32minfo[39m:  [1m[32mServer is listening on port 3000[39m[22m 
[2021-04-17 15:43:09] [32minfo[39m:  [1m[32mServer is listening on port 3000[39m[22m 
[2021-04-17 15:43:22] [32minfo[39m:  [1m[32mServer is listening on port 3000[39m[22m 
[2021-04-17 15:43:23] [32minfo[39m:  [1m[32mServer is listening on port 3000[39m[22m 
[2021-04-17 15:44:16] [32minfo[39m:  [1m[32mServer is listening on port 3000[39m[22m 
[2021-04-17 15:44:19] [32minfo[39m:  [1m[32mServer is listening on port 3000[39m[22m 
[2021-04-17 15:45:52] [32minfo[39m:  [1m[32mServer is listening on port 3000[39m[22m 
[2021-04-17 15:45:53] [32minfo[39m:  [1m[32mServer is listening on port 3000[39m[22m 
[2021-04-17 15:47:31] [32minfo[39m:  [1m[32mServer is listening on port 3000[39m[22m 
[2021-04-17 15:47:32] [32minfo[39m:  [1m[32mServer is listening on port 3000[39m[22m 
[2021-04-17 15:48:02] [32minfo[39m:  [1m[32mServer is listening on port 3000[39m[22m 
[2021-04-17 15:48:17] [32minfo[39m:  [1m[32mServer is listening on port 3000[39m[22m 
[2021-04-17 15:48:18] [32minfo[39m:  [1m[32mServer is listening on port 3000[39m[22m 
[2021-04-17 15:48:41] [32minfo[39m:  [1m[32mServer is listening on port 3000[39m[22m 
[2021-04-17 15:48:42] [32minfo[39m:  [1m[32mServer is listening on port 3000[39m[22m 
[2021-04-17 15:48:54] [32minfo[39m:  [1m[32mServer is listening on port 3000[39m[22m 
[2021-04-17 15:49:20] [32minfo[39m:  [1m[32mServer is listening on port 3000[39m[22m 
[2021-04-17 15:49:43] [32minfo[39m:  [1m[32mServer is listening on port 3000[39m[22m 
[2021-04-17 15:50:02] [32minfo[39m:  [1m[32mServer is listening on port 3000[39m[22m 
[2021-04-17 15:50:03] [32minfo[39m:  [1m[32mServer is listening on port 3000[39m[22m 
[2021-04-17 15:50:14] [32minfo[39m:  [1m[32mServer is listening on port 3000[39m[22m 
[2021-04-17 15:50:15] [32minfo[39m:  [1m[32mServer is listening on port 3000[39m[22m 
[2021-04-17 15:50:29] [32minfo[39m:  [1m[32mServer is listening on port 3000[39m[22m 
[2021-04-17 15:50:41] [32minfo[39m:  [1m[32mServer is listening on port 3000[39m[22m 
[2021-04-17 15:51:38] [32minfo[39m:  [1m[32mServer is listening on port 3000[39m[22m 
[2021-04-17 15:51:39] [32minfo[39m:  [1m[32mServer is listening on port 3000[39m[22m 
[2021-04-17 15:51:43] [32minfo[39m:  [1m[32mServer is listening on port 3000[39m[22m 
[2021-04-17 15:51:44] [32minfo[39m:  [1m[32mServer is listening on port 3000[39m[22m 
[2021-04-17 15:52:11] [32minfo[39m:  [1m[32mServer is listening on port 3000[39m[22m 
[2021-04-17 15:52:12] [32minfo[39m:  [1m[32mServer is listening on port 3000[39m[22m 
[2021-04-17 15:53:02] [32minfo[39m:  [1m[32mServer is listening on port 3000[39m[22m 
[2021-04-17 15:53:03] [32minfo[39m:  [1m[32mServer is listening on port 3000[39m[22m 
[2021-04-17 15:53:08] [32minfo[39m:  [1m[32mServer is listening on port 3000[39m[22m 
[2021-04-17 15:53:39] [32minfo[39m:  [1m[32mServer is listening on port 3000[39m[22m 
[2021-04-17 15:53:43] [32minfo[39m:  [1m[32mServer is listening on port 3000[39m[22m 
[2021-04-17 15:53:44] [32minfo[39m:  [1m[32mServer is listening on port 3000[39m[22m 
[2021-04-17 15:54:36] [32minfo[39m:  [1m[32mServer is listening on port 3000[39m[22m 
[2021-04-17 15:54:36] [32minfo[39m:  [1m[32mServer is listening on port 3000[39m[22m 
[2021-04-17 15:55:52] [32minfo[39m:  [1m[32mServer is listening on port 3000[39m[22m 
[2021-04-17 15:56:11] [32minfo[39m:  [1m[32mServer is listening on port 3000[39m[22m 
[2021-04-17 15:56:12] [32minfo[39m:  [1m[32mServer is listening on port 3000[39m[22m 
[2021-04-17 15:56:34] [32minfo[39m:  [1m[32mServer is listening on port 3000[39m[22m 
[2021-04-17 15:56:35] [32minfo[39m:  [1m[32mServer is listening on port 3000[39m[22m 
[2021-04-17 15:57:18] [32minfo[39m:  [1m[32mServer is listening on port 3000[39m[22m 
[2021-04-17 15:57:19] [32minfo[39m:  [1m[32mServer is listening on port 3000[39m[22m 
[2021-04-17 15:57:35] [32minfo[39m:  [1m[32mServer is listening on port 3000[39m[22m 
[2021-04-17 15:57:44] [32minfo[39m:  [1m[32mServer is listening on port 3000[39m[22m 
[2021-04-17 15:57:55] [32minfo[39m:  [1m[32mServer is listening on port 3000[39m[22m 
[2021-04-17 15:57:56] [32minfo[39m:  [1m[32mServer is listening on port 3000[39m[22m 
[2021-04-17 15:58:20] [32minfo[39m:  [1m[32mServer is listening on port 3000[39m[22m 
[2021-04-17 15:58:27] [32minfo[39m:  [1m[32mServer is listening on port 3000[39m[22m 
[2021-04-17 15:58:46] [32minfo[39m:  [1m[32mServer is listening on port 3000[39m[22m 
[2021-04-17 15:58:47] [32minfo[39m:  [1m[32mServer is listening on port 3000[39m[22m 
[2021-04-17 15:59:25] [32minfo[39m:  [1m[32mServer is listening on port 3000[39m[22m 
[2021-04-17 15:59:25] [32minfo[39m:  Loaded Config File: development 
[2021-04-17 15:59:25] [32minfo[39m:  Try to Connect MongoDb: mongodb://localhost:27017/lms 
[2021-04-17 15:59:25] [32minfo[39m:  mongoose connection open to mongodb://localhost:27017/lms 
[2021-04-17 15:59:26] [32minfo[39m:  [1m[32mServer is listening on port 3000[39m[22m 
[2021-04-17 15:59:26] [32minfo[39m:  Loaded Config File: development 
[2021-04-17 15:59:26] [32minfo[39m:  Try to Connect MongoDb: mongodb://localhost:27017/lms 
[2021-04-17 15:59:26] [32minfo[39m:  mongoose connection open to mongodb://localhost:27017/lms 
[2021-04-17 15:59:50] [32minfo[39m:  [1m[32mServer is listening on port 3000[39m[22m 
[2021-04-17 15:59:50] [32minfo[39m:  Loaded Config File: development 
[2021-04-17 15:59:50] [32minfo[39m:  Try to Connect MongoDb: mongodb://localhost:27017/lms 
[2021-04-17 15:59:50] [32minfo[39m:  mongoose connection open to mongodb://localhost:27017/lms 
[2021-04-17 16:00:02] [32minfo[39m:  [1m[32mServer is listening on port 3000[39m[22m 
[2021-04-17 16:00:02] [32minfo[39m:  Loaded Config File: development 
[2021-04-17 16:00:02] [32minfo[39m:  Try to Connect MongoDb: mongodb://localhost:27017/lms 
[2021-04-17 16:00:03] [32minfo[39m:  mongoose connection open to mongodb://localhost:27017/lms 
[2021-04-17 16:00:03] [32minfo[39m:  [1m[32mServer is listening on port 3000[39m[22m 
[2021-04-17 16:00:03] [32minfo[39m:  Loaded Config File: development 
[2021-04-17 16:00:03] [32minfo[39m:  Try to Connect MongoDb: mongodb://localhost:27017/lms 
[2021-04-17 16:00:03] [32minfo[39m:  mongoose connection open to mongodb://localhost:27017/lms 
[2021-04-17 16:00:31] [32minfo[39m:  [1m[32mServer is listening on port 3000[39m[22m 
[2021-04-17 16:00:31] [32minfo[39m:  Loaded Config File: development 
[2021-04-17 16:00:31] [32minfo[39m:  Try to Connect MongoDb: mongodb://localhost:27017/lms 
[2021-04-17 16:00:31] [32minfo[39m:  mongoose connection open to mongodb://localhost:27017/lms 
[2021-04-17 16:00:32] [32minfo[39m:  [1m[32mServer is listening on port 3000[39m[22m 
[2021-04-17 16:00:32] [32minfo[39m:  Loaded Config File: development 
[2021-04-17 16:00:32] [32minfo[39m:  Try to Connect MongoDb: mongodb://localhost:27017/lms 
[2021-04-17 16:00:32] [32minfo[39m:  mongoose connection open to mongodb://localhost:27017/lms 
[2021-04-17 16:00:39] [32minfo[39m:  [1m[32mServer is listening on port 3000[39m[22m 
[2021-04-17 16:00:39] [32minfo[39m:  Loaded Config File: development 
[2021-04-17 16:00:39] [32minfo[39m:  Try to Connect MongoDb: mongodb://localhost:27017/lms 
[2021-04-17 16:00:39] [32minfo[39m:  mongoose connection open to mongodb://localhost:27017/lms 
[2021-04-17 16:00:40] [32minfo[39m:  [1m[32mServer is listening on port 3000[39m[22m 
[2021-04-17 16:00:40] [32minfo[39m:  Loaded Config File: development 
[2021-04-17 16:00:40] [32minfo[39m:  Try to Connect MongoDb: mongodb://localhost:27017/lms 
[2021-04-17 16:00:40] [32minfo[39m:  mongoose connection open to mongodb://localhost:27017/lms 
[2021-04-17 16:00:50] [32minfo[39m:  Loaded Config File: development 
[2021-04-17 16:00:50] [32minfo[39m:  Try to Connect MongoDb: mongodb://localhost:27017/lms 
[2021-04-17 16:00:50] [32minfo[39m:  mongoose connection open to mongodb://localhost:27017/lms 
[2021-04-17 16:00:50] [32minfo[39m:  [1m[32mServer is listening on port 3000[39m[22m 
[2021-04-17 16:00:51] [32minfo[39m:  Loaded Config File: development 
[2021-04-17 16:00:51] [32minfo[39m:  Try to Connect MongoDb: mongodb://localhost:27017/lms 
[2021-04-17 16:00:51] [32minfo[39m:  mongoose connection open to mongodb://localhost:27017/lms 
[2021-04-17 16:01:03] [32minfo[39m:  Loaded Config File: development 
[2021-04-17 16:01:03] [32minfo[39m:  Try to Connect MongoDb: mongodb://localhost:27017/lms 
[2021-04-17 16:01:03] [32minfo[39m:  mongoose connection open to mongodb://localhost:27017/lms 
[2021-04-17 16:01:04] [32minfo[39m:  Loaded Config File: development 
[2021-04-17 16:01:04] [32minfo[39m:  Try to Connect MongoDb: mongodb://localhost:27017/lms 
[2021-04-17 16:01:04] [32minfo[39m:  mongoose connection open to mongodb://localhost:27017/lms 
[2021-04-17 16:01:09] [32minfo[39m:  Loaded Config File: development 
[2021-04-17 16:01:09] [32minfo[39m:  Try to Connect MongoDb: mongodb://localhost:27017/lms 
[2021-04-17 16:01:09] [32minfo[39m:  mongoose connection open to mongodb://localhost:27017/lms 
[2021-04-17 16:01:09] [32minfo[39m:  [1m[32mServer is listening on port 3200[39m[22m 
[2021-04-17 16:01:10] [32minfo[39m:  Loaded Config File: development 
[2021-04-17 16:01:10] [32minfo[39m:  Try to Connect MongoDb: mongodb://localhost:27017/lms 
[2021-04-17 16:01:10] [32minfo[39m:  mongoose connection open to mongodb://localhost:27017/lms 
[2021-04-17 16:01:10] [32minfo[39m:  [1m[32mServer is listening on port 3200[39m[22m 
[2021-04-17 16:01:47] [32minfo[39m:  Loaded Config File: development 
[2021-04-17 16:01:47] [32minfo[39m:  Try to Connect MongoDb: mongodb://localhost:27017/lms 
[2021-04-17 16:01:47] [32minfo[39m:  mongoose connection open to mongodb://localhost:27017/lms 
[2021-04-17 16:01:47] [32minfo[39m:  [1m[32mServer is listening on port 3200[39m[22m 
[2021-04-17 16:01:55] [32minfo[39m:  Loaded Config File: development 
[2021-04-17 16:01:55] [32minfo[39m:  Try to Connect MongoDb: mongodb://localhost:27017/lms 
[2021-04-17 16:01:55] [32minfo[39m:  mongoose connection open to mongodb://localhost:27017/lms 
[2021-04-17 16:01:55] [32minfo[39m:  [1m[32mServer is listening on port 3200[39m[22m 
[2021-04-17 16:01:56] [32minfo[39m:  Loaded Config File: development 
[2021-04-17 16:01:56] [32minfo[39m:  Try to Connect MongoDb: mongodb://localhost:27017/lms 
[2021-04-17 16:01:56] [32minfo[39m:  mongoose connection open to mongodb://localhost:27017/lms 
[2021-04-17 16:01:56] [32minfo[39m:  [1m[32mServer is listening on port 3200[39m[22m 
[2021-04-17 16:02:06] [32minfo[39m:  Loaded Config File: development 
[2021-04-17 16:02:06] [32minfo[39m:  Try to Connect MongoDb: mongodb://localhost:27017/lms 
[2021-04-17 16:02:06] [32minfo[39m:  mongoose connection open to mongodb://localhost:27017/lms 
[2021-04-17 16:02:06] [32minfo[39m:  [1m[32mServer is listening on port 3200[39m[22m 
[2021-04-17 16:02:28] [32minfo[39m:  Loaded Config File: development 
[2021-04-17 16:02:28] [32minfo[39m:  Try to Connect MongoDb: mongodb://localhost:27017/lms 
[2021-04-17 16:02:28] [32minfo[39m:  mongoose connection open to mongodb://localhost:27017/lms 
[2021-04-17 16:02:28] [32minfo[39m:  [1m[32mServer is listening on port 3200[39m[22m 
[2021-04-17 16:02:41] [32minfo[39m:  Loaded Config File: development 
[2021-04-17 16:02:41] [32minfo[39m:  Try to Connect MongoDb: mongodb://localhost:27017/lms 
[2021-04-17 16:02:41] [32minfo[39m:  mongoose connection open to mongodb://localhost:27017/lms 
[2021-04-17 16:02:41] [32minfo[39m:  [1m[32mServer is listening on port 3200[39m[22m 
[2021-04-17 16:02:49] [32minfo[39m:  Loaded Config File: development 
[2021-04-17 16:02:49] [32minfo[39m:  Try to Connect MongoDb: mongodb://localhost:27017/lms 
[2021-04-17 16:02:49] [32minfo[39m:  mongoose connection open to mongodb://localhost:27017/lms 
[2021-04-17 16:02:49] [32minfo[39m:  [1m[32mServer is listening on port 3200[39m[22m 
[2021-04-17 16:02:50] [32minfo[39m:  Loaded Config File: development 
[2021-04-17 16:02:50] [32minfo[39m:  Try to Connect MongoDb: mongodb://localhost:27017/lms 
[2021-04-17 16:02:50] [32minfo[39m:  mongoose connection open to mongodb://localhost:27017/lms 
[2021-04-17 16:02:50] [32minfo[39m:  [1m[32mServer is listening on port 3200[39m[22m 
[2021-04-17 16:03:06] [32minfo[39m:  Loaded Config File: staging 
[2021-04-17 16:03:06] [32minfo[39m:  Try to Connect MongoDb: mongodb://localhost:27017/lms 
[2021-04-17 16:03:06] [32minfo[39m:  mongoose connection open to mongodb://localhost:27017/lms 
[2021-04-17 16:03:06] [32minfo[39m:  [1m[32mServer is listening on port 3400[39m[22m 
[2021-04-17 16:03:25] [32minfo[39m:  Loaded Config File: staging 
[2021-04-17 16:03:25] [32minfo[39m:  Try to Connect MongoDb: mongodb://localhost:27017/lms 
[2021-04-17 16:03:25] [32minfo[39m:  mongoose connection open to mongodb://localhost:27017/lms 
[2021-04-17 16:03:25] [32minfo[39m:  [1m[32mServer is listening on port 3400[39m[22m 
[2021-04-17 16:03:58] [32minfo[39m:  Loaded Config File: development 
[2021-04-17 16:03:58] [32minfo[39m:  Try to Connect MongoDb: mongodb://localhost:27017/lms 
[2021-04-17 16:03:58] [32minfo[39m:  mongoose connection open to mongodb://localhost:27017/lms 
[2021-04-17 16:03:58] [32minfo[39m:  [1m[32mServer is listening on port 3200[39m[22m 
[2021-04-17 16:04:01] [32minfo[39m:  Loaded Config File: development 
[2021-04-17 16:04:01] [32minfo[39m:  Try to Connect MongoDb: mongodb://localhost:27017/lms 
[2021-04-17 16:04:02] [32minfo[39m:  Loaded Config File: development 
[2021-04-17 16:04:02] [32minfo[39m:  Try to Connect MongoDb: mongodb://localhost:27017/lms 
[2021-04-17 16:04:02] [32minfo[39m:  mongoose connection open to mongodb://localhost:27017/lms 
[2021-04-17 16:04:02] [32minfo[39m:  [1m[32mServer is listening on port 3200[39m[22m 
[2021-04-17 16:04:31] [32minfo[39m:  Loaded Config File: development 
[2021-04-17 16:04:31] [32minfo[39m:  Try to Connect MongoDb: mongodb://localhost:27017/lms 
[2021-04-17 16:04:31] [32minfo[39m:  mongoose connection open to mongodb://localhost:27017/lms 
[2021-04-17 16:04:31] [32minfo[39m:  [1m[32mServer is listening on port 3200[39m[22m 
[2021-04-17 16:04:38] [32minfo[39m:  Loaded Config File: development 
[2021-04-17 16:04:38] [32minfo[39m:  Try to Connect MongoDb: mongodb://localhost:27017/lms 
[2021-04-17 16:04:38] [32minfo[39m:  mongoose connection open to mongodb://localhost:27017/lms 
[2021-04-17 16:04:38] [32minfo[39m:  [1m[32mServer is listening on port 3200[39m[22m 
[2021-04-17 16:04:45] [32minfo[39m:  Loaded Config File: development 
[2021-04-17 16:04:45] [32minfo[39m:  Try to Connect MongoDb: mongodb://localhost:27017/lms 
[2021-04-17 16:04:45] [32minfo[39m:  mongoose connection open to mongodb://localhost:27017/lms 
[2021-04-17 16:04:46] [32minfo[39m:  [1m[32mServer is listening on port 3200[39m[22m 
[2021-04-17 16:04:48] [32minfo[39m:  Loaded Config File: development 
[2021-04-17 16:04:48] [32minfo[39m:  Try to Connect MongoDb: mongodb://localhost:27017/lms 
[2021-04-17 16:04:48] [32minfo[39m:  mongoose connection open to mongodb://localhost:27017/lms 
[2021-04-17 16:04:48] [32minfo[39m:  [1m[32mServer is listening on port 3200[39m[22m 
[2021-04-17 16:04:59] [32minfo[39m:  Loaded Config File: development 
[2021-04-17 16:04:59] [32minfo[39m:  Try to Connect MongoDb: mongodb://localhost:27017/lms 
[2021-04-17 16:04:59] [32minfo[39m:  mongoose connection open to mongodb://localhost:27017/lms 
[2021-04-17 16:04:59] [32minfo[39m:  [1m[32mServer is listening on port 3200[39m[22m 
[2021-04-17 16:05:08] [32minfo[39m:  Loaded Config File: development 
[2021-04-17 16:05:08] [32minfo[39m:  Try to Connect MongoDb: mongodb://localhost:27017/lms 
[2021-04-17 16:05:08] [32minfo[39m:  mongoose connection open to mongodb://localhost:27017/lms 
[2021-04-17 16:05:08] [32minfo[39m:  [1m[32mServer is listening on port 3200[39m[22m 
[2021-04-17 16:05:11] [32minfo[39m:  Loaded Config File: development 
[2021-04-17 16:05:11] [32minfo[39m:  Try to Connect MongoDb: mongodb://localhost:27017/lms 
[2021-04-17 16:05:11] [32minfo[39m:  mongoose connection open to mongodb://localhost:27017/lms 
[2021-04-17 16:05:11] [32minfo[39m:  [1m[32mServer is listening on port 3200[39m[22m 
[2021-04-17 16:05:28] [32minfo[39m:  Loaded Config File: development 
[2021-04-17 16:05:28] [32minfo[39m:  Try to Connect MongoDb: mongodb://localhost:27017/lms 
[2021-04-17 16:05:28] [32minfo[39m:  mongoose connection open to mongodb://localhost:27017/lms 
[2021-04-17 16:05:28] [32minfo[39m:  [1m[32mServer is listening on port 3200[39m[22m 
[2021-04-17 16:05:28] [32minfo[39m:  Loaded Config File: development 
[2021-04-17 16:05:28] [32minfo[39m:  Try to Connect MongoDb: mongodb://localhost:27017/lms 
[2021-04-17 16:05:28] [32minfo[39m:  mongoose connection open to mongodb://localhost:27017/lms 
[2021-04-17 16:05:28] [32minfo[39m:  [1m[32mServer is listening on port 3200[39m[22m 
[2021-04-17 16:05:44] [32minfo[39m:  Loaded Config File: development 
[2021-04-17 16:05:44] [32minfo[39m:  Try to Connect MongoDb: mongodb://localhost:27017/lms 
[2021-04-17 16:05:44] [32minfo[39m:  mongoose connection open to mongodb://localhost:27017/lms 
[2021-04-17 16:05:44] [32minfo[39m:  [1m[32mServer is listening on port 3200[39m[22m 
[2021-04-17 16:05:45] [32minfo[39m:  Loaded Config File: development 
[2021-04-17 16:05:45] [32minfo[39m:  Try to Connect MongoDb: mongodb://localhost:27017/lms 
[2021-04-17 16:05:45] [32minfo[39m:  mongoose connection open to mongodb://localhost:27017/lms 
[2021-04-17 16:05:45] [32minfo[39m:  [1m[32mServer is listening on port 3200[39m[22m 
[2021-04-17 16:06:42] [32minfo[39m:  Loaded Config File: development 
[2021-04-17 16:06:42] [32minfo[39m:  Try to Connect MongoDb: mongodb://localhost:27017/lms 
[2021-04-17 16:06:42] [32minfo[39m:  mongoose connection open to mongodb://localhost:27017/lms 
[2021-04-17 16:06:52] [32minfo[39m:  Loaded Config File: development 
[2021-04-17 16:06:52] [32minfo[39m:  Try to Connect MongoDb: mongodb://localhost:27017/lms 
[2021-04-17 16:06:52] [32minfo[39m:  mongoose connection open to mongodb://localhost:27017/lms 
[2021-04-17 16:07:11] [32minfo[39m:  Loaded Config File: development 
[2021-04-17 16:07:11] [32minfo[39m:  Try to Connect MongoDb: mongodb://localhost:27017/lms 
[2021-04-17 16:07:11] [32minfo[39m:  mongoose connection open to mongodb://localhost:27017/lms 
[2021-04-17 16:07:16] [32minfo[39m:  Loaded Config File: development 
[2021-04-17 16:07:16] [32minfo[39m:  Try to Connect MongoDb: mongodb://localhost:27017/lms 
[2021-04-17 16:07:16] [32minfo[39m:  mongoose connection open to mongodb://localhost:27017/lms 
[2021-04-17 16:07:20] [32minfo[39m:  Loaded Config File: development 
[2021-04-17 16:07:20] [32minfo[39m:  Try to Connect MongoDb: mongodb://localhost:27017/lms 
[2021-04-17 16:07:20] [32minfo[39m:  mongoose connection open to mongodb://localhost:27017/lms 
[2021-04-17 16:08:19] [32minfo[39m:  Loaded Config File: development 
[2021-04-17 16:08:19] [32minfo[39m:  Try to Connect MongoDb: mongodb://localhost:27017/lms 
[2021-04-17 16:08:20] [32minfo[39m:  mongoose connection open to mongodb://localhost:27017/lms 
[2021-04-17 16:08:20] [32minfo[39m:  app/modules/index/routes/index.routes.js file is loaded in system 
[2021-04-17 16:08:20] [32minfo[39m:  [1m[32mServer is listening on port 3200[39m[22m 
[2021-04-17 16:08:21] [32minfo[39m:  Loaded Config File: development 
[2021-04-17 16:08:21] [32minfo[39m:  Try to Connect MongoDb: mongodb://localhost:27017/lms 
[2021-04-17 16:08:21] [32minfo[39m:  mongoose connection open to mongodb://localhost:27017/lms 
[2021-04-17 16:08:21] [32minfo[39m:  app/modules/index/routes/index.routes.js file is loaded in system 
[2021-04-17 16:08:21] [32minfo[39m:  [1m[32mServer is listening on port 3200[39m[22m 
[2021-04-17 16:09:28] [32minfo[39m:  Loaded Config File: development 
[2021-04-17 16:09:28] [32minfo[39m:  Try to Connect MongoDb: mongodb://localhost:27017/lms 
[2021-04-17 16:09:28] [32minfo[39m:  mongoose connection open to mongodb://localhost:27017/lms 
[2021-04-17 16:09:29] [32minfo[39m:  Loaded Config File: development 
[2021-04-17 16:09:29] [32minfo[39m:  Try to Connect MongoDb: mongodb://localhost:27017/lms 
[2021-04-17 16:09:29] [32minfo[39m:  mongoose connection open to mongodb://localhost:27017/lms 
[2021-04-17 16:09:29] [32minfo[39m:  app/modules/index/routes/index.routes.js file is loaded in system 
[2021-04-17 16:09:29] [32minfo[39m:  [1m[32mServer is listening on port 3200[39m[22m 
[2021-04-17 16:09:45] [32minfo[39m:  Loaded Config File: development 
[2021-04-17 16:09:45] [32minfo[39m:  Try to Connect MongoDb: mongodb://localhost:27017/lms 
[2021-04-17 16:09:45] [32minfo[39m:  mongoose connection open to mongodb://localhost:27017/lms 
[2021-04-17 16:09:45] [32minfo[39m:  app/modules/index/routes/index.routes.js file is loaded in system 
[2021-04-17 16:09:45] [32minfo[39m:  [1m[32mServer is listening on port 3200[39m[22m 
[2021-04-17 16:09:46] [32minfo[39m:  Loaded Config File: development 
[2021-04-17 16:09:46] [32minfo[39m:  Try to Connect MongoDb: mongodb://localhost:27017/lms 
[2021-04-17 16:09:46] [32minfo[39m:  mongoose connection open to mongodb://localhost:27017/lms 
[2021-04-17 16:09:46] [32minfo[39m:  app/modules/index/routes/index.routes.js file is loaded in system 
[2021-04-17 16:09:46] [32minfo[39m:  [1m[32mServer is listening on port 3200[39m[22m 
[2021-04-17 16:10:33] [32minfo[39m:  Loaded Config File: development 
[2021-04-17 16:10:33] [32minfo[39m:  Try to Connect MongoDb: mongodb://localhost:27017/lms 
[2021-04-17 16:10:33] [32minfo[39m:  mongoose connection open to mongodb://localhost:27017/lms 
[2021-04-17 16:10:33] [32minfo[39m:  app/modules/index/routes/index.routes.js file is loaded in system 
[2021-04-17 16:10:33] [32minfo[39m:  [1m[32mServer is listening on port 3200[39m[22m 
[2021-04-17 16:10:57] [32minfo[39m:  Loaded Config File: development 
[2021-04-17 16:10:57] [32minfo[39m:  Try to Connect MongoDb: mongodb://localhost:27017/lms 
[2021-04-17 16:10:58] [32minfo[39m:  mongoose connection open to mongodb://localhost:27017/lms 
[2021-04-17 16:10:58] [32minfo[39m:  app/modules/index/routes/index.routes.js file is loaded in system 
[2021-04-17 16:10:58] [32minfo[39m:  [1m[32mServer is listening on port 3200[39m[22m 
[2021-04-17 16:11:13] [32minfo[39m:  Loaded Config File: development 
[2021-04-17 16:11:13] [32minfo[39m:  Try to Connect MongoDb: mongodb://localhost:27017/lms 
[2021-04-17 16:11:13] [32minfo[39m:  mongoose connection open to mongodb://localhost:27017/lms 
[2021-04-17 16:11:38] [32minfo[39m:  Loaded Config File: development 
[2021-04-17 16:11:38] [32minfo[39m:  Try to Connect MongoDb: mongodb://localhost:27017/lms 
[2021-04-17 16:11:38] [32minfo[39m:  mongoose connection open to mongodb://localhost:27017/lms 
[2021-04-17 16:11:38] [32minfo[39m:  app/modules/index/routes/index.routes.js file is loaded in system 
[2021-04-17 16:11:38] [32minfo[39m:  [1m[32mServer is listening on port 3200[39m[22m 
[2021-04-17 16:12:19] [32minfo[39m:  Loaded Config File: development 
[2021-04-17 16:12:19] [32minfo[39m:  Try to Connect MongoDb: mongodb://localhost:27017/lms 
[2021-04-17 16:12:19] [32minfo[39m:  mongoose connection open to mongodb://localhost:27017/lms 
[2021-04-17 16:12:19] [32minfo[39m:  app/modules/index/routes/index.routes.js file is loaded in system 
[2021-04-17 16:12:19] [32minfo[39m:  [1m[32mServer is listening on port 3200[39m[22m 
[2021-04-17 16:12:22] [32minfo[39m:  Loaded Config File: development 
[2021-04-17 16:12:22] [32minfo[39m:  Try to Connect MongoDb: mongodb://localhost:27017/lms 
[2021-04-17 16:12:22] [32minfo[39m:  mongoose connection open to mongodb://localhost:27017/lms 
[2021-04-17 16:12:22] [32minfo[39m:  app/modules/index/routes/index.routes.js file is loaded in system 
[2021-04-17 16:12:22] [32minfo[39m:  [1m[32mServer is listening on port 3200[39m[22m 
[2021-04-17 16:12:32] [32minfo[39m:  Loaded Config File: development 
[2021-04-17 16:12:32] [32minfo[39m:  Try to Connect MongoDb: mongodb://localhost:27017/lms 
[2021-04-17 16:12:32] [32minfo[39m:  mongoose connection open to mongodb://localhost:27017/lms 
[2021-04-17 16:12:32] [32minfo[39m:  app/modules/index/routes/index.routes.js file is loaded in system 
[2021-04-17 16:12:32] [32minfo[39m:  [1m[32mServer is listening on port 3200[39m[22m 
[2021-04-17 16:12:35] [32minfo[39m:  Loaded Config File: development 
[2021-04-17 16:12:35] [32minfo[39m:  Try to Connect MongoDb: mongodb://localhost:27017/lms 
[2021-04-17 16:12:35] [32minfo[39m:  mongoose connection open to mongodb://localhost:27017/lms 
[2021-04-17 16:12:35] [32minfo[39m:  app/modules/index/routes/index.routes.js file is loaded in system 
[2021-04-17 16:12:35] [32minfo[39m:  [1m[32mServer is listening on port 3200[39m[22m 
[2021-04-17 16:12:42] [32minfo[39m:  Loaded Config File: development 
[2021-04-17 16:12:42] [32minfo[39m:  Try to Connect MongoDb: mongodb://localhost:27017/lms 
[2021-04-17 16:12:42] [32minfo[39m:  mongoose connection open to mongodb://localhost:27017/lms 
[2021-04-17 16:12:42] [32minfo[39m:  app/modules/index/routes/index.routes.js file is loaded in system 
[2021-04-17 16:12:42] [32minfo[39m:  [1m[32mServer is listening on port 3200[39m[22m 
[2021-04-17 16:12:43] [32minfo[39m:  Loaded Config File: development 
[2021-04-17 16:12:43] [32minfo[39m:  Try to Connect MongoDb: mongodb://localhost:27017/lms 
[2021-04-17 16:12:43] [32minfo[39m:  mongoose connection open to mongodb://localhost:27017/lms 
[2021-04-17 16:12:43] [32minfo[39m:  app/modules/index/routes/index.routes.js file is loaded in system 
[2021-04-17 16:12:43] [32minfo[39m:  [1m[32mServer is listening on port 3200[39m[22m 
[2021-04-17 16:13:25] [32minfo[39m:  Loaded Config File: development 
[2021-04-17 16:13:25] [32minfo[39m:  Try to Connect MongoDb: mongodb://localhost:27017/lms 
[2021-04-17 16:13:25] [32minfo[39m:  mongoose connection open to mongodb://localhost:27017/lms 
[2021-04-17 16:13:25] [32minfo[39m:  app/modules/index/routes/index.routes.js file is loaded in system 
[2021-04-17 16:13:25] [32minfo[39m:  [1m[32mServer is listening on port 3200[39m[22m 
[2021-04-17 16:13:34] [32minfo[39m:  Loaded Config File: development 
[2021-04-17 16:13:34] [32minfo[39m:  Try to Connect MongoDb: mongodb://localhost:27017/lms 
[2021-04-17 16:13:34] [32minfo[39m:  mongoose connection open to mongodb://localhost:27017/lms 
[2021-04-17 16:13:40] [32minfo[39m:  Loaded Config File: development 
[2021-04-17 16:13:40] [32minfo[39m:  Try to Connect MongoDb: mongodb://localhost:27017/lms 
[2021-04-17 16:13:40] [32minfo[39m:  mongoose connection open to mongodb://localhost:27017/lms 
[2021-04-17 16:14:01] [32minfo[39m:  Loaded Config File: development 
[2021-04-17 16:14:01] [32minfo[39m:  Try to Connect MongoDb: mongodb://localhost:27017/lms 
[2021-04-17 16:14:02] [32minfo[39m:  mongoose connection open to mongodb://localhost:27017/lms 
[2021-04-17 16:14:02] [32minfo[39m:  app/modules/index/routes/index.routes.js file is loaded in system 
[2021-04-17 16:14:02] [32minfo[39m:  [1m[32mServer is listening on port 3200[39m[22m 
[2021-04-17 16:14:02] [32minfo[39m:  Loaded Config File: development 
[2021-04-17 16:14:02] [32minfo[39m:  Try to Connect MongoDb: mongodb://localhost:27017/lms 
[2021-04-17 16:14:02] [32minfo[39m:  mongoose connection open to mongodb://localhost:27017/lms 
[2021-04-17 16:14:02] [32minfo[39m:  app/modules/index/routes/index.routes.js file is loaded in system 
[2021-04-17 16:14:02] [32minfo[39m:  [1m[32mServer is listening on port 3200[39m[22m 
[2021-04-17 16:14:18] [32minfo[39m:  Loaded Config File: development 
[2021-04-17 16:14:18] [32minfo[39m:  Try to Connect MongoDb: mongodb://localhost:27017/lms 
[2021-04-17 16:14:18] [32minfo[39m:  mongoose connection open to mongodb://localhost:27017/lms 
[2021-04-17 16:14:18] [32minfo[39m:  app/modules/index/routes/index.routes.js file is loaded in system 
[2021-04-17 16:14:18] [32minfo[39m:  [1m[32mServer is listening on port 3200[39m[22m 
[2021-04-17 16:14:20] [32minfo[39m:  Loaded Config File: development 
[2021-04-17 16:14:20] [32minfo[39m:  Try to Connect MongoDb: mongodb://localhost:27017/lms 
[2021-04-17 16:14:20] [32minfo[39m:  mongoose connection open to mongodb://localhost:27017/lms 
[2021-04-17 16:14:20] [32minfo[39m:  app/modules/index/routes/index.routes.js file is loaded in system 
[2021-04-17 16:14:20] [32minfo[39m:  [1m[32mServer is listening on port 3200[39m[22m 
[2021-04-17 16:14:21] [32minfo[39m:  Loaded Config File: development 
[2021-04-17 16:14:21] [32minfo[39m:  Try to Connect MongoDb: mongodb://localhost:27017/lms 
[2021-04-17 16:14:21] [32minfo[39m:  mongoose connection open to mongodb://localhost:27017/lms 
[2021-04-17 16:14:21] [32minfo[39m:  app/modules/index/routes/index.routes.js file is loaded in system 
[2021-04-17 16:14:21] [32minfo[39m:  [1m[32mServer is listening on port 3200[39m[22m 
[2021-04-17 16:14:56] [32minfo[39m:  Loaded Config File: development 
[2021-04-17 16:14:56] [32minfo[39m:  Try to Connect MongoDb: mongodb://localhost:27017/lms 
[2021-04-17 16:14:56] [32minfo[39m:  mongoose connection open to mongodb://localhost:27017/lms 
[2021-04-17 16:14:56] [32minfo[39m:  app/modules/index/routes/index.routes.js file is loaded in system 
[2021-04-17 16:14:56] [32minfo[39m:  [1m[32mServer is listening on port 3200[39m[22m 
[2021-04-17 16:14:56] [32minfo[39m:  Loaded Config File: development 
[2021-04-17 16:14:56] [32minfo[39m:  Try to Connect MongoDb: mongodb://localhost:27017/lms 
[2021-04-17 16:14:56] [32minfo[39m:  mongoose connection open to mongodb://localhost:27017/lms 
[2021-04-17 16:14:56] [32minfo[39m:  app/modules/index/routes/index.routes.js file is loaded in system 
[2021-04-17 16:14:56] [32minfo[39m:  [1m[32mServer is listening on port 3200[39m[22m 
[2021-04-17 16:15:52] [32minfo[39m:  Loaded Config File: development 
[2021-04-17 16:15:52] [32minfo[39m:  Try to Connect MongoDb: mongodb://localhost:27017/lms 
[2021-04-17 16:15:52] [32minfo[39m:  mongoose connection open to mongodb://localhost:27017/lms 
[2021-04-17 16:15:52] [32minfo[39m:  app/modules/index/routes/index.routes.js file is loaded in system 
[2021-04-17 16:15:52] [32minfo[39m:  [1m[32mServer is listening on port 3200[39m[22m 
[2021-04-17 16:16:09] [32minfo[39m:  Loaded Config File: development 
[2021-04-17 16:16:09] [32minfo[39m:  Try to Connect MongoDb: mongodb://localhost:27017/lms 
[2021-04-17 16:16:09] [32minfo[39m:  mongoose connection open to mongodb://localhost:27017/lms 
[2021-04-17 16:16:09] [32minfo[39m:  app/modules/index/routes/index.routes.js file is loaded in system 
[2021-04-17 16:16:09] [32minfo[39m:  [1m[32mServer is listening on port 3200[39m[22m 
[2021-04-17 16:16:23] [32minfo[39m:  Loaded Config File: development 
[2021-04-17 16:16:23] [32minfo[39m:  Try to Connect MongoDb: mongodb://localhost:27017/lms 
[2021-04-17 16:16:23] [32minfo[39m:  mongoose connection open to mongodb://localhost:27017/lms 
[2021-04-17 16:16:23] [32minfo[39m:  app/modules/index/routes/index.routes.js file is loaded in system 
[2021-04-17 16:16:23] [32minfo[39m:  [1m[32mServer is listening on port 3200[39m[22m 
[2021-04-17 16:22:54] [32minfo[39m:  Loaded Config File: development 
[2021-04-17 16:22:54] [32minfo[39m:  Try to Connect MongoDb: mongodb://localhost:27017/lms 
[2021-04-17 16:22:54] [32minfo[39m:  mongoose connection open to mongodb://localhost:27017/lms 
[2021-04-17 16:22:54] [32minfo[39m:  models are loading ... 
[2021-04-17 16:22:54] [32minfo[39m:  app/modules/users/models/users.model.js 
[2021-04-17 16:22:54] [32minfo[39m:  app/modules/index/routes/index.routes.js file is loaded in system 
[2021-04-17 16:22:54] [32minfo[39m:  [1m[32mServer is listening on port 3200[39m[22m 
[2021-04-17 16:23:52] [32minfo[39m:  Loaded Config File: development 
[2021-04-17 16:23:52] [32minfo[39m:  Try to Connect MongoDb: mongodb://localhost:27017/lms 
[2021-04-17 16:23:52] [32minfo[39m:  mongoose connection open to mongodb://localhost:27017/lms 
[2021-04-17 16:23:52] [32minfo[39m:  models are loading ... 
[2021-04-17 16:24:09] [32minfo[39m:  Loaded Config File: development 
[2021-04-17 16:24:09] [32minfo[39m:  Try to Connect MongoDb: mongodb://localhost:27017/lms 
[2021-04-17 16:24:09] [32minfo[39m:  mongoose connection open to mongodb://localhost:27017/lms 
[2021-04-17 16:24:09] [32minfo[39m:  models are loading ... 
[2021-04-17 16:24:17] [32minfo[39m:  Loaded Config File: development 
[2021-04-17 16:24:17] [32minfo[39m:  Try to Connect MongoDb: mongodb://localhost:27017/lms 
[2021-04-17 16:24:17] [32minfo[39m:  mongoose connection open to mongodb://localhost:27017/lms 
[2021-04-17 16:24:17] [32minfo[39m:  models are loading ... 
[2021-04-17 16:24:29] [32minfo[39m:  Loaded Config File: development 
[2021-04-17 16:24:29] [32minfo[39m:  Try to Connect MongoDb: mongodb://localhost:27017/lms 
[2021-04-17 16:24:29] [32minfo[39m:  mongoose connection open to mongodb://localhost:27017/lms 
[2021-04-17 16:24:29] [32minfo[39m:  models are loading ... 
[2021-04-17 16:24:29] [32minfo[39m:  app/modules/users/models/users.model.js 
[2021-04-17 16:24:29] [32minfo[39m:  app/modules/index/routes/index.routes.js file is loaded in system 
[2021-04-17 16:24:29] [32minfo[39m:  app/modules/users/routes/user.routes.js file is loaded in system 
[2021-04-17 16:24:29] [32minfo[39m:  [1m[32mServer is listening on port 3200[39m[22m 
[2021-04-17 16:26:03] [32minfo[39m:  Loaded Config File: development 
[2021-04-17 16:26:03] [32minfo[39m:  Try to Connect MongoDb: mongodb://localhost:27017/lms 
[2021-04-17 16:26:03] [32minfo[39m:  mongoose connection open to mongodb://localhost:27017/lms 
[2021-04-17 16:26:03] [32minfo[39m:  models are loading ... 
[2021-04-17 16:26:03] [32minfo[39m:  app/modules/users/models/users.model.js 
[2021-04-17 16:26:03] [32minfo[39m:  app/modules/index/routes/index.routes.js file is loaded in system 
[2021-04-17 16:26:03] [32minfo[39m:  app/modules/users/routes/user.routes.js file is loaded in system 
[2021-04-17 16:26:03] [32minfo[39m:  [1m[32mServer is listening on port 3200[39m[22m 
[2021-04-17 16:26:04] [32minfo[39m:  Loaded Config File: development 
[2021-04-17 16:26:04] [32minfo[39m:  Try to Connect MongoDb: mongodb://localhost:27017/lms 
[2021-04-17 16:26:04] [32minfo[39m:  mongoose connection open to mongodb://localhost:27017/lms 
[2021-04-17 16:26:04] [32minfo[39m:  models are loading ... 
[2021-04-17 16:26:04] [32minfo[39m:  app/modules/users/models/users.model.js 
[2021-04-17 16:26:04] [32minfo[39m:  app/modules/index/routes/index.routes.js file is loaded in system 
[2021-04-17 16:26:04] [32minfo[39m:  app/modules/users/routes/user.routes.js file is loaded in system 
[2021-04-17 16:26:04] [32minfo[39m:  [1m[32mServer is listening on port 3200[39m[22m 
[2021-04-17 16:26:27] [32minfo[39m:  Loaded Config File: development 
[2021-04-17 16:26:27] [32minfo[39m:  Try to Connect MongoDb: mongodb://localhost:27017/lms 
[2021-04-17 16:26:27] [32minfo[39m:  mongoose connection open to mongodb://localhost:27017/lms 
[2021-04-17 16:26:27] [32minfo[39m:  models are loading ... 
[2021-04-17 16:26:27] [32minfo[39m:  app/modules/users/models/users.model.js 
[2021-04-17 16:26:27] [32minfo[39m:  app/modules/index/routes/index.routes.js file is loaded in system 
[2021-04-17 16:26:27] [32minfo[39m:  app/modules/users/routes/user.routes.js file is loaded in system 
[2021-04-17 16:26:27] [32minfo[39m:  [1m[32mServer is listening on port 3200[39m[22m 
[2021-04-17 16:30:08] [32minfo[39m:  Loaded Config File: development 
[2021-04-17 16:30:08] [32minfo[39m:  Try to Connect MongoDb: mongodb://localhost:27017/lms 
[2021-04-17 16:30:08] [32minfo[39m:  mongoose connection open to mongodb://localhost:27017/lms 
[2021-04-17 16:30:08] [32minfo[39m:  models are loading ... 
[2021-04-17 16:30:08] [32minfo[39m:  app/modules/users/models/users.model.js 
[2021-04-17 16:30:08] [32minfo[39m:  app/modules/index/routes/index.routes.js file is loaded in system 
[2021-04-17 16:30:08] [32minfo[39m:  app/modules/users/routes/user.routes.js file is loaded in system 
[2021-04-17 16:30:08] [32minfo[39m:  [1m[32mServer is listening on port 3200[39m[22m 
[2021-04-17 16:30:58] [32minfo[39m:  Loaded Config File: development 
[2021-04-17 16:30:58] [32minfo[39m:  Try to Connect MongoDb: mongodb://localhost:27017/lms 
[2021-04-17 16:30:58] [32minfo[39m:  mongoose connection open to mongodb://localhost:27017/lms 
[2021-04-17 16:30:58] [32minfo[39m:  models are loading ... 
[2021-04-17 16:30:58] [32minfo[39m:  app/modules/users/models/users.model.js 
[2021-04-17 16:30:58] [32minfo[39m:  app/modules/index/routes/index.routes.js file is loaded in system 
[2021-04-17 16:30:58] [32minfo[39m:  app/modules/users/routes/user.routes.js file is loaded in system 
[2021-04-17 16:30:58] [32minfo[39m:  [1m[32mServer is listening on port 3200[39m[22m 
[2021-04-17 16:30:59] [32minfo[39m:  Loaded Config File: development 
[2021-04-17 16:30:59] [32minfo[39m:  Try to Connect MongoDb: mongodb://localhost:27017/lms 
[2021-04-17 16:30:59] [32minfo[39m:  mongoose connection open to mongodb://localhost:27017/lms 
[2021-04-17 16:30:59] [32minfo[39m:  models are loading ... 
[2021-04-17 16:30:59] [32minfo[39m:  app/modules/users/models/users.model.js 
[2021-04-17 16:30:59] [32minfo[39m:  app/modules/index/routes/index.routes.js file is loaded in system 
[2021-04-17 16:30:59] [32minfo[39m:  app/modules/users/routes/user.routes.js file is loaded in system 
[2021-04-17 16:30:59] [32minfo[39m:  [1m[32mServer is listening on port 3200[39m[22m 
[2021-04-17 16:31:31] [32minfo[39m:  Loaded Config File: development 
[2021-04-17 16:31:31] [32minfo[39m:  Try to Connect MongoDb: mongodb://localhost:27017/lms 
[2021-04-17 16:31:31] [32minfo[39m:  mongoose connection open to mongodb://localhost:27017/lms 
[2021-04-17 16:31:31] [32minfo[39m:  models are loading ... 
[2021-04-17 16:31:31] [32minfo[39m:  app/modules/users/models/users.model.js 
[2021-04-17 16:31:31] [32minfo[39m:  app/modules/index/routes/index.routes.js file is loaded in system 
[2021-04-17 16:31:31] [32minfo[39m:  app/modules/users/routes/user.routes.js file is loaded in system 
[2021-04-17 16:31:31] [32minfo[39m:  [1m[32mServer is listening on port 3200[39m[22m 
[2021-04-17 16:31:39] [32minfo[39m:  Loaded Config File: development 
[2021-04-17 16:31:39] [32minfo[39m:  Try to Connect MongoDb: mongodb://localhost:27017/lms 
[2021-04-17 16:31:39] [32minfo[39m:  mongoose connection open to mongodb://localhost:27017/lms 
[2021-04-17 16:31:39] [32minfo[39m:  models are loading ... 
[2021-04-17 16:31:39] [32minfo[39m:  Loaded Config File: development 
[2021-04-17 16:31:39] [32minfo[39m:  Try to Connect MongoDb: mongodb://localhost:27017/lms 
[2021-04-17 16:31:39] [32minfo[39m:  mongoose connection open to mongodb://localhost:27017/lms 
[2021-04-17 16:31:39] [32minfo[39m:  models are loading ... 
[2021-04-17 16:31:39] [32minfo[39m:  app/modules/users/models/users.model.js 
[2021-04-17 16:31:40] [32minfo[39m:  app/modules/index/routes/index.routes.js file is loaded in system 
[2021-04-17 16:31:40] [32minfo[39m:  app/modules/users/routes/user.routes.js file is loaded in system 
[2021-04-17 16:31:40] [32minfo[39m:  [1m[32mServer is listening on port 3200[39m[22m 
[2021-04-17 16:32:12] [32minfo[39m:  Loaded Config File: development 
[2021-04-17 16:32:12] [32minfo[39m:  Try to Connect MongoDb: mongodb://localhost:27017/lms 
[2021-04-17 16:32:13] [32minfo[39m:  mongoose connection open to mongodb://localhost:27017/lms 
[2021-04-17 16:32:13] [32minfo[39m:  models are loading ... 
[2021-04-17 16:32:13] [32minfo[39m:  app/modules/users/models/users.model.js 
[2021-04-17 16:32:13] [32minfo[39m:  app/modules/index/routes/index.routes.js file is loaded in system 
[2021-04-17 16:32:13] [32minfo[39m:  app/modules/users/routes/user.routes.js file is loaded in system 
[2021-04-17 16:32:13] [32minfo[39m:  error messages are loading ... 
[2021-04-17 16:32:13] [32minfo[39m:  [1m[32mServer is listening on port 3200[39m[22m 
[2021-04-17 16:35:42] [32minfo[39m:  Loaded Config File: development 
[2021-04-17 16:35:42] [32minfo[39m:  Try to Connect MongoDb: mongodb://localhost:27017/lms 
[2021-04-17 16:35:42] [32minfo[39m:  mongoose connection open to mongodb://localhost:27017/lms 
[2021-04-17 16:35:42] [32minfo[39m:  models are loading ... 
[2021-04-17 16:35:42] [32minfo[39m:  app/modules/users/models/users.model.js 
[2021-04-17 16:35:43] [32minfo[39m:  app/modules/index/routes/index.routes.js file is loaded in system 
[2021-04-17 16:35:43] [32minfo[39m:  app/modules/users/routes/user.routes.js file is loaded in system 
[2021-04-17 16:35:43] [32minfo[39m:  error messages are loading ... 
[2021-04-17 16:35:43] [32minfo[39m:  [1m[32mServer is listening on port 3200[39m[22m 
[2021-04-17 16:35:43] [32minfo[39m:  Loaded Config File: development 
[2021-04-17 16:35:43] [32minfo[39m:  Try to Connect MongoDb: mongodb://localhost:27017/lms 
[2021-04-17 16:35:44] [32minfo[39m:  mongoose connection open to mongodb://localhost:27017/lms 
[2021-04-17 16:35:44] [32minfo[39m:  models are loading ... 
[2021-04-17 16:35:44] [32minfo[39m:  app/modules/users/models/users.model.js 
[2021-04-17 16:35:44] [32minfo[39m:  app/modules/index/routes/index.routes.js file is loaded in system 
[2021-04-17 16:35:44] [32minfo[39m:  app/modules/users/routes/user.routes.js file is loaded in system 
[2021-04-17 16:35:44] [32minfo[39m:  error messages are loading ... 
[2021-04-17 16:35:44] [32minfo[39m:  [1m[32mServer is listening on port 3200[39m[22m 
[2021-04-17 20:00:23] [31merror[39m:  mongoose connection disconnected 
[2021-04-17 20:00:23] [31merror[39m:  mongoose connection disconnected 
[2021-04-17 20:00:33] [32minfo[39m:  mongoose connection open to mongodb://localhost:27017/lms 
[2021-04-17 21:32:52] [32minfo[39m:  mongoose connection open to mongodb://localhost:27017/lms 
[2021-04-18 03:20:04] [32minfo[39m:  mongoose connection open to mongodb://localhost:27017/lms 
[2021-04-18 09:39:39] [32minfo[39m:  mongoose connection open to mongodb://localhost:27017/lms 
[2021-04-18 12:23:01] [32minfo[39m:  mongoose connection open to mongodb://localhost:27017/lms 
[2021-04-18 14:46:58] [32minfo[39m:  mongoose connection open to mongodb://localhost:27017/lms 
[2021-04-19 08:56:01] [32minfo[39m:  mongoose connection open to mongodb://localhost:27017/lms 
[2021-05-01 16:49:27] [32minfo[39m:  Loaded Config File: development 
[2021-05-01 16:49:27] [32minfo[39m:  Try to Connect MongoDb: mongodb://localhost:27017/lms 
[2021-05-01 16:49:28] [32minfo[39m:  mongoose connection open to mongodb://localhost:27017/lms 
[2021-05-01 16:49:28] [32minfo[39m:  models are loading ... 
[2021-05-01 16:49:28] [32minfo[39m:  app/modules/users/models/users.model.js 
[2021-05-01 16:49:28] [32minfo[39m:  app/modules/index/routes/index.routes.js file is loaded in system 
[2021-05-01 16:49:28] [32minfo[39m:  app/modules/users/routes/user.routes.js file is loaded in system 
[2021-05-01 16:49:28] [32minfo[39m:  error messages are loading ... 
[2021-05-01 16:49:28] [32minfo[39m:  [1m[32mServer is listening on port 3200[39m[22m 
[2021-05-01 16:50:54] [32minfo[39m:  Loaded Config File: development 
[2021-05-01 16:50:54] [32minfo[39m:  Try to Connect MongoDb: mongodb://localhost:27017/lms 
[2021-05-01 16:50:54] [32minfo[39m:  mongoose connection open to mongodb://localhost:27017/lms 
[2021-05-01 16:50:54] [32minfo[39m:  models are loading ... 
[2021-05-01 16:50:54] [32minfo[39m:  app/modules/users/models/users.model.js 
[2021-05-01 16:50:54] [32minfo[39m:  app/modules/index/routes/index.routes.js file is loaded in system 
[2021-05-01 16:50:54] [32minfo[39m:  app/modules/users/routes/user.routes.js file is loaded in system 
[2021-05-01 16:50:54] [32minfo[39m:  error messages are loading ... 
[2021-05-01 16:50:54] [32minfo[39m:  [1m[32mServer is listening on port 3200[39m[22m 
[2021-05-01 17:04:41] [32minfo[39m:  Loaded Config File: development 
[2021-05-01 17:04:41] [32minfo[39m:  Try to Connect MongoDb: mongodb://localhost:27017/lms 
[2021-05-01 17:04:42] [32minfo[39m:  mongoose connection open to mongodb://localhost:27017/lms 
[2021-05-01 17:04:42] [32minfo[39m:  models are loading ... 
[2021-05-01 17:04:42] [32minfo[39m:  app/modules/users/models/users.model.js 
[2021-05-01 17:04:42] [32minfo[39m:  app/modules/index/routes/index.routes.js file is loaded in system 
[2021-05-01 17:04:42] [32minfo[39m:  app/modules/users/routes/user.routes.js file is loaded in system 
[2021-05-01 17:04:42] [32minfo[39m:  error messages are loading ... 
[2021-05-01 17:04:42] [32minfo[39m:  [1m[32mServer is listening on port 3200[39m[22m 
[2021-05-01 17:18:24] [32minfo[39m:  Loaded Config File: development 
[2021-05-01 17:18:24] [32minfo[39m:  Try to Connect MongoDb: mongodb://localhost:27017/lms 
[2021-05-01 17:18:24] [32minfo[39m:  mongoose connection open to mongodb://localhost:27017/lms 
[2021-05-01 17:18:24] [32minfo[39m:  models are loading ... 
[2021-05-01 17:19:04] [32minfo[39m:  Loaded Config File: development 
[2021-05-01 17:19:04] [32minfo[39m:  Try to Connect MongoDb: mongodb://localhost:27017/lms 
[2021-05-01 17:19:04] [32minfo[39m:  mongoose connection open to mongodb://localhost:27017/lms 
[2021-05-01 17:19:04] [32minfo[39m:  models are loading ... 
[2021-05-01 17:19:04] [32minfo[39m:  app/modules/users/models/users.model.js 
[2021-05-01 17:19:04] [32minfo[39m:  app/modules/index/routes/index.routes.js file is loaded in system 
[2021-05-01 17:19:04] [32minfo[39m:  app/modules/users/routes/user.routes.js file is loaded in system 
[2021-05-01 17:19:04] [32minfo[39m:  error messages are loading ... 
[2021-05-01 17:19:04] [32minfo[39m:  [1m[32mServer is listening on port 3200[39m[22m 
[2021-05-01 17:19:11] [31merror[39m:  User is not authenticated 
[2021-05-01 17:19:55] [32minfo[39m:  Loaded Config File: development 
[2021-05-01 17:19:55] [32minfo[39m:  Try to Connect MongoDb: mongodb://localhost:27017/lms 
[2021-05-01 17:19:55] [32minfo[39m:  mongoose connection open to mongodb://localhost:27017/lms 
[2021-05-01 17:19:55] [32minfo[39m:  models are loading ... 
[2021-05-01 17:19:56] [32minfo[39m:  app/modules/users/models/users.model.js 
[2021-05-01 17:19:56] [32minfo[39m:  app/modules/index/routes/index.routes.js file is loaded in system 
[2021-05-01 17:19:56] [32minfo[39m:  app/modules/users/routes/user.routes.js file is loaded in system 
[2021-05-01 17:19:56] [32minfo[39m:  error messages are loading ... 
[2021-05-01 17:19:57] [32minfo[39m:  [1m[32mServer is listening on port 3200[39m[22m 
[2021-05-01 17:20:22] [31merror[39m:  User is not authenticated 
[2021-05-01 17:20:35] [32minfo[39m:  Loaded Config File: development 
[2021-05-01 17:20:35] [32minfo[39m:  Try to Connect MongoDb: mongodb://localhost:27017/lms 
[2021-05-01 17:20:35] [32minfo[39m:  mongoose connection open to mongodb://localhost:27017/lms 
[2021-05-01 17:20:35] [32minfo[39m:  models are loading ... 
[2021-05-01 17:20:35] [32minfo[39m:  app/modules/users/models/users.model.js 
[2021-05-01 17:20:35] [32minfo[39m:  app/modules/index/routes/index.routes.js file is loaded in system 
[2021-05-01 17:20:35] [32minfo[39m:  app/modules/users/routes/user.routes.js file is loaded in system 
[2021-05-01 17:20:35] [32minfo[39m:  error messages are loading ... 
[2021-05-01 17:20:35] [32minfo[39m:  [1m[32mServer is listening on port 3200[39m[22m 
[2021-05-01 17:20:38] [31merror[39m:  User is not authenticated 
[2021-05-04 11:47:41] [32minfo[39m:  Loaded Config File: development 
[2021-05-04 11:47:41] [32minfo[39m:  Try to Connect MongoDb: mongodb://localhost:27017/lms 
[2021-05-04 11:47:41] [32minfo[39m:  mongoose connection open to mongodb://localhost:27017/lms 
[2021-05-04 11:47:41] [32minfo[39m:  models are loading ... 
[2021-05-04 11:47:41] [32minfo[39m:  app/modules/users/models/users.model.js 
[2021-05-04 11:47:41] [32minfo[39m:  app/modules/index/routes/index.routes.js file is loaded in system 
[2021-05-04 11:47:41] [32minfo[39m:  app/modules/users/routes/user.routes.js file is loaded in system 
[2021-05-04 11:47:41] [32minfo[39m:  error messages are loading ... 
[2021-05-04 11:47:41] [32minfo[39m:  [1m[32mServer is listening on port 3200[39m[22m 
